#
# There is insufficient memory for the Java Runtime Environment to continue.
# Native memory allocation (mmap) failed to map 40894464 bytes for Failed to commit area from 0x00000006ec000000 to 0x00000006ee700000 of length 40894464.
# Possible reasons:
#   The system is out of physical RAM or swap space
#   The process is running with CompressedOops enabled, and the Java Heap may be blocking the growth of the native heap
# Possible solutions:
#   Reduce memory load on the system
#   Increase physical memory or swap space
#   Check if swap backing store is full
#   Decrease Java heap size (-Xmx/-Xms)
#   Decrease number of Java threads
#   Decrease Java thread stack sizes (-Xss)
#   Set larger code cache with -XX:ReservedCodeCacheSize=
#   JVM is running with Zero Based Compressed Oops mode in which the Java heap is
#     placed in the first 32GB address space. The Java Heap base address is the
#     maximum limit for the native heap growth. Please use -XX:HeapBaseMinAddress
#     to set the Java Heap base and to place the Java Heap above 32GB virtual address.
# This output file may be truncated or incomplete.
#
#  Out of Memory Error (./open/src/hotspot/os/windows/os_windows.cpp:3283), pid=12676, tid=7164
#
# JRE version: Java(TM) SE Runtime Environment 18.9 (11.0.17+10) (build 11.0.17+10-LTS-269)
# Java VM: Java HotSpot(TM) 64-Bit Server VM 18.9 (11.0.17+10-LTS-269, mixed mode, tiered, compressed oops, g1 gc, windows-amd64)
# No core dump will be written. Minidumps are not enabled by default on client versions of Windows
#

---------------  S U M M A R Y ------------

Command Line: -XX:MaxPermSize=512m -XX:+HeapDumpOnOutOfMemoryError --add-opens=java.base/java.util=ALL-UNNAMED --add-opens=java.base/java.lang=ALL-UNNAMED --add-opens=java.base/java.lang.invoke=ALL-UNNAMED --add-opens=java.prefs/java.util.prefs=ALL-UNNAMED -Xmx4608m -Dfile.encoding=UTF-8 -Duser.country=PH -Duser.language=en -Duser.variant org.gradle.launcher.daemon.bootstrap.GradleDaemon 6.2

Host: Intel(R) Core(TM) i7-3770 CPU @ 3.40GHz, 8 cores, 11G,  Windows 10 , 64 bit Build 19041 (10.0.19041.2364)
Time: Thu Feb  9 21:14:02 2023 Malay Peninsula Standard Time elapsed time: 44.482674 seconds (0d 0h 0m 44s)

---------------  T H R E A D  ---------------

Current thread (0x0000020e62125000):  VMThread "VM Thread" [stack: 0x0000006206300000,0x0000006206400000] [id=7164]

Stack: [0x0000006206300000,0x0000006206400000]
[error occurred during error reporting (printing stack bounds), id 0xc0000005, EXCEPTION_ACCESS_VIOLATION (0xc0000005) at pc=0x0000020e44f00f2d]

Native frames: (J=compiled Java code, j=interpreted, Vv=VM code, C=native code)
V  [jvm.dll+0x62b5da]
V  [jvm.dll+0x7653df]
V  [jvm.dll+0x766a89]
V  [jvm.dll+0x767075]
V  [jvm.dll+0x76702b]
V  [jvm.dll+0x62aac3]
V  [jvm.dll+0x62b1d8]
C  [ntdll.dll+0xa241f]
C  [ntdll.dll+0x514a4]
C  [ntdll.dll+0xa0f4e]
C  0x0000020e44f00f2d

VM_Operation (0x0000006207dfdad0): G1CollectForAllocation, mode: safepoint, requested by thread 0x0000020e64678000


---------------  P R O C E S S  ---------------

Threads class SMR info:
_java_thread_list=0x0000020e6cb45360, length=49, elements={
0x0000020e3d82c000, 0x0000020e62126800, 0x0000020e62150800, 0x0000020e621a1800,
0x0000020e621a2800, 0x0000020e621a5800, 0x0000020e621a9000, 0x0000020e621b1800,
0x0000020e621be800, 0x0000020e621bf000, 0x0000020e621c0000, 0x0000020e621c0800,
0x0000020e621c1800, 0x0000020e621c2800, 0x0000020e621bc800, 0x0000020e621c3000,
0x0000020e621bd800, 0x0000020e64676800, 0x0000020e64675000, 0x0000020e64677800,
0x0000020e64672800, 0x0000020e64674000, 0x0000020e64678000, 0x0000020e64673800,
0x0000020e64679000, 0x0000020e6467a000, 0x0000020e6467a800, 0x0000020e6467b800,
0x0000020e6467f800, 0x0000020e6467d000, 0x0000020e64680800, 0x0000020e6467c800,
0x0000020e63caa000, 0x0000020e63ca7000, 0x0000020e63cab000, 0x0000020e63cab800,
0x0000020e63ca9000, 0x0000020e63ca7800, 0x0000020e691cd800, 0x0000020e67bfc000,
0x0000020e63ca6000, 0x0000020e63cad800, 0x0000020e63caf000, 0x0000020e63cb0000,
0x0000020e63cb0800, 0x0000020e63cb2000, 0x0000020e63cb1800, 0x0000020e63cac800,
0x0000020e63cb3000
}

Java Threads: ( => current thread )
  0x0000020e3d82c000 JavaThread "main" [_thread_blocked, id=17132, stack(0x0000006205d00000,0x0000006205e00000)]
  0x0000020e62126800 JavaThread "Reference Handler" daemon [_thread_blocked, id=2112, stack(0x0000006206400000,0x0000006206500000)]
  0x0000020e62150800 JavaThread "Finalizer" daemon [_thread_blocked, id=3216, stack(0x0000006206500000,0x0000006206600000)]
  0x0000020e621a1800 JavaThread "Signal Dispatcher" daemon [_thread_blocked, id=8856, stack(0x0000006206600000,0x0000006206700000)]
  0x0000020e621a2800 JavaThread "Attach Listener" daemon [_thread_blocked, id=7608, stack(0x0000006206700000,0x0000006206800000)]
  0x0000020e621a5800 JavaThread "Service Thread" daemon [_thread_blocked, id=2980, stack(0x0000006206800000,0x0000006206900000)]
  0x0000020e621a9000 JavaThread "C2 CompilerThread0" daemon [_thread_in_native, id=11892, stack(0x0000006206900000,0x0000006206a00000)]
  0x0000020e621b1800 JavaThread "C1 CompilerThread0" daemon [_thread_blocked, id=5576, stack(0x0000006206a00000,0x0000006206b00000)]
  0x0000020e621be800 JavaThread "Sweeper thread" daemon [_thread_blocked, id=12668, stack(0x0000006206b00000,0x0000006206c00000)]
  0x0000020e621bf000 JavaThread "Common-Cleaner" daemon [_thread_blocked, id=1804, stack(0x0000006206c00000,0x0000006206d00000)]
  0x0000020e621c0000 JavaThread "Daemon health stats" [_thread_blocked, id=12880, stack(0x0000006207200000,0x0000006207300000)]
  0x0000020e621c0800 JavaThread "Incoming local TCP Connector on port 60740" [_thread_in_native, id=13744, stack(0x0000006206e00000,0x0000006206f00000)]
  0x0000020e621c1800 JavaThread "Daemon periodic checks" [_thread_blocked, id=16696, stack(0x0000006207300000,0x0000006207400000)]
  0x0000020e621c2800 JavaThread "Daemon" [_thread_blocked, id=4020, stack(0x0000006207400000,0x0000006207500000)]
  0x0000020e621bc800 JavaThread "Handler for socket connection from /127.0.0.1:60740 to /127.0.0.1:60741" [_thread_in_native, id=14384, stack(0x0000006207500000,0x0000006207600000)]
  0x0000020e621c3000 JavaThread "Cancel handler" [_thread_blocked, id=5928, stack(0x0000006207600000,0x0000006207700000)]
  0x0000020e621bd800 JavaThread "Daemon worker" [_thread_blocked, id=2500, stack(0x0000006207700000,0x0000006207800000)]
  0x0000020e64676800 JavaThread "Asynchronous log dispatcher for DefaultDaemonConnection: socket connection from /127.0.0.1:60740 to /127.0.0.1:60741" [_thread_blocked, id=16116, stack(0x0000006207800000,0x0000006207900000)]
  0x0000020e64675000 JavaThread "Stdin handler" [_thread_blocked, id=7904, stack(0x0000006207900000,0x0000006207a00000)]
  0x0000020e64677800 JavaThread "Thread-8" [_thread_blocked, id=3616, stack(0x0000006207a00000,0x0000006207b00000)]
  0x0000020e64672800 JavaThread "Cache worker for journal cache (C:\Users\sbpci\.gradle\caches\journal-1)" [_thread_blocked, id=11416, stack(0x0000006207b00000,0x0000006207c00000)]
  0x0000020e64674000 JavaThread "File lock request listener" [_thread_in_native, id=6028, stack(0x0000006207c00000,0x0000006207d00000)]
  0x0000020e64678000 JavaThread "Cache worker for file hash cache (C:\Users\sbpci\.gradle\caches\6.2\fileHashes)" [_thread_blocked, id=13576, stack(0x0000006207d00000,0x0000006207e00000)]
  0x0000020e64673800 JavaThread "Cache worker for checksums cache (C:\Users\sbpci\MTop\android\.gradle\checksums)" [_thread_blocked, id=2960, stack(0x0000006208400000,0x0000006208500000)]
  0x0000020e64679000 JavaThread "Cache worker for file hash cache (C:\Users\sbpci\MTop\android\.gradle\6.2\fileHashes)" [_thread_blocked, id=14832, stack(0x0000006208500000,0x0000006208600000)]
  0x0000020e6467a000 JavaThread "Cache worker for cache directory md-supplier (C:\Users\sbpci\.gradle\caches\6.2\md-supplier)" [_thread_blocked, id=7896, stack(0x0000006208600000,0x0000006208700000)]
  0x0000020e6467a800 JavaThread "Cache worker for cache directory md-rule (C:\Users\sbpci\.gradle\caches\6.2\md-rule)" [_thread_blocked, id=13976, stack(0x0000006208700000,0x0000006208800000)]
  0x0000020e6467b800 JavaThread "Cache worker for execution history cache (C:\Users\sbpci\.gradle\caches\6.2\executionHistory)" [_thread_blocked, id=2520, stack(0x0000006208800000,0x0000006208900000)]
  0x0000020e6467f800 JavaThread "Build operations" [_thread_blocked, id=16952, stack(0x0000006208900000,0x0000006208a00000)]
  0x0000020e6467d000 JavaThread "Build operations Thread 2" [_thread_blocked, id=2768, stack(0x0000006208a00000,0x0000006208b00000)]
  0x0000020e64680800 JavaThread "Build operations Thread 3" [_thread_blocked, id=16892, stack(0x0000006208b00000,0x0000006208c00000)]
  0x0000020e6467c800 JavaThread "Build operations Thread 4" [_thread_blocked, id=15932, stack(0x0000006208c00000,0x0000006208d00000)]
  0x0000020e63caa000 JavaThread "Build operations Thread 5" [_thread_blocked, id=1288, stack(0x0000006208d00000,0x0000006208e00000)]
  0x0000020e63ca7000 JavaThread "Build operations Thread 6" [_thread_blocked, id=13988, stack(0x0000006208e00000,0x0000006208f00000)]
  0x0000020e63cab000 JavaThread "Build operations Thread 7" [_thread_blocked, id=11812, stack(0x0000006208f00000,0x0000006209000000)]
  0x0000020e63cab800 JavaThread "Build operations Thread 8" [_thread_blocked, id=13284, stack(0x0000006209000000,0x0000006209100000)]
  0x0000020e63ca9000 JavaThread "Cache worker for Build Output Cleanup Cache (C:\Users\sbpci\MTop\android\.gradle\buildOutputCleanup)" [_thread_blocked, id=10996, stack(0x0000006208300000,0x0000006208400000)]
  0x0000020e63ca7800 JavaThread "Memory manager" [_thread_blocked, id=8640, stack(0x0000006209800000,0x0000006209900000)]
  0x0000020e691cd800 JavaThread "C2 CompilerThread1" daemon [_thread_blocked, id=17152, stack(0x0000006209a00000,0x0000006209b00000)]
  0x0000020e67bfc000 JavaThread "C2 CompilerThread2" daemon [_thread_in_native, id=6320, stack(0x0000006209b00000,0x0000006209c00000)]
  0x0000020e63ca6000 JavaThread "Cache worker for file content cache (C:\Users\sbpci\.gradle\caches\6.2\fileContent)" [_thread_blocked, id=10628, stack(0x0000006209c00000,0x0000006209d00000)]
  0x0000020e63cad800 JavaThread "Cache worker for file content cache (C:\Users\sbpci\MTop\android\.gradle\6.2\fileContent)" [_thread_blocked, id=7060, stack(0x0000006209d00000,0x0000006209e00000)]
  0x0000020e63caf000 JavaThread "Execution worker for ':'" [_thread_blocked, id=5092, stack(0x0000006209e00000,0x0000006209f00000)]
  0x0000020e63cb0000 JavaThread "Execution worker for ':' Thread 2" [_thread_blocked, id=7244, stack(0x0000006209f00000,0x000000620a000000)]
  0x0000020e63cb0800 JavaThread "Execution worker for ':' Thread 3" [_thread_blocked, id=4076, stack(0x000000620a000000,0x000000620a100000)]
  0x0000020e63cb2000 JavaThread "Execution worker for ':' Thread 4" [_thread_blocked, id=14320, stack(0x000000620a100000,0x000000620a200000)]
  0x0000020e63cb1800 JavaThread "Execution worker for ':' Thread 5" [_thread_blocked, id=6540, stack(0x000000620a200000,0x000000620a300000)]
  0x0000020e63cac800 JavaThread "Execution worker for ':' Thread 6" [_thread_blocked, id=2712, stack(0x000000620a300000,0x000000620a400000)]
  0x0000020e63cb3000 JavaThread "Execution worker for ':' Thread 7" [_thread_blocked, id=11156, stack(0x000000620a400000,0x000000620a500000)]

Other Threads:
=>0x0000020e62125000 VMThread "VM Thread" [stack: 0x0000006206300000,0x0000006206400000] [id=7164]
  0x0000020e62378000 WatcherThread [stack: 0x0000006206d00000,0x0000006206e00000] [id=7664]
  0x0000020e3d843800 GCTaskThread "GC Thread#0" [stack: 0x0000006205e00000,0x0000006205f00000] [id=13156]
  0x0000020e62d16000 GCTaskThread "GC Thread#1" [stack: 0x0000006206f00000,0x0000006207000000] [id=14104]
  0x0000020e630a5800 GCTaskThread "GC Thread#2" [stack: 0x0000006207000000,0x0000006207100000] [id=16880]
  0x0000020e630b0800 GCTaskThread "GC Thread#3" [stack: 0x0000006207100000,0x0000006207200000] [id=12400]
  0x0000020e64621000 GCTaskThread "GC Thread#4" [stack: 0x0000006207e00000,0x0000006207f00000] [id=12112]
  0x0000020e64683000 GCTaskThread "GC Thread#5" [stack: 0x0000006207f00000,0x0000006208000000] [id=14536]
  0x0000020e644a1800 GCTaskThread "GC Thread#6" [stack: 0x0000006208000000,0x0000006208100000] [id=16460]
  0x0000020e644a2800 GCTaskThread "GC Thread#7" [stack: 0x0000006208100000,0x0000006208200000] [id=16184]
  0x0000020e3d8ac000 ConcurrentGCThread "G1 Main Marker" [stack: 0x0000006205f00000,0x0000006206000000] [id=1844]
  0x0000020e3d8af800 ConcurrentGCThread "G1 Conc#0" [stack: 0x0000006206000000,0x0000006206100000] [id=16060]
  0x0000020e630a8800 ConcurrentGCThread "G1 Conc#1" [stack: 0x0000006208200000,0x0000006208300000] [id=9180]
  0x0000020e61788800 ConcurrentGCThread "G1 Refine#0" [stack: 0x0000006206100000,0x0000006206200000] [id=11584]
  0x0000020e67959800 ConcurrentGCThread "G1 Refine#1" [stack: 0x0000006209200000,0x0000006209300000] [id=16428]
  0x0000020e62ffb800 ConcurrentGCThread "G1 Refine#2" [stack: 0x0000006209300000,0x0000006209400000] [id=17216]
  0x0000020e6421e000 ConcurrentGCThread "G1 Refine#3" [stack: 0x0000006209400000,0x0000006209500000] [id=4064]
  0x0000020e64df4000 ConcurrentGCThread "G1 Refine#4" [stack: 0x0000006209500000,0x0000006209600000] [id=11560]
  0x0000020e62736000 ConcurrentGCThread "G1 Refine#5" [stack: 0x0000006209600000,0x0000006209700000] [id=12348]
  0x0000020e61789000 ConcurrentGCThread "G1 Young RemSet Sampling" [stack: 0x0000006206200000,0x0000006206300000] [id=408]

Threads with active compile tasks:
C2 CompilerThread0    44506 12340       4       org.gradle.api.internal.artifacts.transform.AttributeMatchingVariantSelector::doSelect (422 bytes)
C1 CompilerThread0    44506 12599       3       org.gradle.cache.internal.btree.FreeListBlockStore$FreeListBlock::alloc (240 bytes)
C2 CompilerThread1    44506 12582       4       org.gradle.cache.internal.btree.BTreePersistentIndexedCache$IndexBlock::read (94 bytes)
C2 CompilerThread2    44506 12384       4       org.gradle.api.internal.artifacts.result.DefaultResolutionResult::eachElement (92 bytes)

VM state:at safepoint (normal execution)

VM Mutex/Monitor currently owned by a thread:  ([mutex/lock_event])
[0x0000020e3d8284e0] Threads_lock - owner thread: 0x0000020e62125000
[0x0000020e3d828e70] Heap_lock - owner thread: 0x0000020e64678000

Heap address: 0x00000006e0000000, size: 4608 MB, Compressed Oops mode: Zero based, Oop shift amount: 3
Narrow klass base: 0x0000000800000000, Narrow klass shift: 0
Compressed class space size: 1073741824 Address: 0x0000000800000000

Heap:
 garbage-first heap   total 236544K, used 161405K [0x00000006e0000000, 0x0000000800000000)
  region size 1024K, 2 young (2048K), 2 survivors (2048K)
 Metaspace       used 82152K, capacity 86807K, committed 86940K, reserved 1124352K
  class space    used 10660K, capacity 12081K, committed 12160K, reserved 1048576K
Heap Regions: E=young(eden), S=young(survivor), O=old, HS=humongous(starts), HC=humongous(continues), CS=collection set, F=free, A=archive, TAMS=top-at-mark-start (previous, next)
|   0|0x00000006e0000000, 0x00000006e0100000, 0x00000006e0100000|100%| O|  |TAMS 0x00000006e0100000, 0x00000006e0000000| Updating 
|   1|0x00000006e0100000, 0x00000006e0200000, 0x00000006e0200000|100%| O|  |TAMS 0x00000006e0200000, 0x00000006e0100000| Updating 
|   2|0x00000006e0200000, 0x00000006e0300000, 0x00000006e0300000|100%| O|  |TAMS 0x00000006e0300000, 0x00000006e0200000| Updating 
|   3|0x00000006e0300000, 0x00000006e0400000, 0x00000006e0400000|100%|HS|  |TAMS 0x00000006e0400000, 0x00000006e0300000| Complete 
|   4|0x00000006e0400000, 0x00000006e0500000, 0x00000006e0500000|100%|HC|  |TAMS 0x00000006e0500000, 0x00000006e0400000| Complete 
|   5|0x00000006e0500000, 0x00000006e0600000, 0x00000006e0600000|100%|HC|  |TAMS 0x00000006e0600000, 0x00000006e0500000| Complete 
|   6|0x00000006e0600000, 0x00000006e0700000, 0x00000006e0700000|100%| O|  |TAMS 0x00000006e0700000, 0x00000006e0600000| Updating 
|   7|0x00000006e0700000, 0x00000006e0800000, 0x00000006e0800000|100%| O|  |TAMS 0x00000006e0800000, 0x00000006e0700000| Updating 
|   8|0x00000006e0800000, 0x00000006e0900000, 0x00000006e0900000|100%| O|  |TAMS 0x00000006e0900000, 0x00000006e0800000| Updating 
|   9|0x00000006e0900000, 0x00000006e0a00000, 0x00000006e0a00000|100%| O|  |TAMS 0x00000006e0a00000, 0x00000006e0900000| Updating 
|  10|0x00000006e0a00000, 0x00000006e0b00000, 0x00000006e0b00000|100%| O|  |TAMS 0x00000006e0b00000, 0x00000006e0a00000| Updating 
|  11|0x00000006e0b00000, 0x00000006e0c00000, 0x00000006e0c00000|100%| O|  |TAMS 0x00000006e0c00000, 0x00000006e0b00000| Updating 
|  12|0x00000006e0c00000, 0x00000006e0d00000, 0x00000006e0d00000|100%| O|  |TAMS 0x00000006e0d00000, 0x00000006e0c00000| Updating 
|  13|0x00000006e0d00000, 0x00000006e0e00000, 0x00000006e0e00000|100%| O|  |TAMS 0x00000006e0e00000, 0x00000006e0d00000| Updating 
|  14|0x00000006e0e00000, 0x00000006e0f00000, 0x00000006e0f00000|100%| O|  |TAMS 0x00000006e0f00000, 0x00000006e0e00000| Updating 
|  15|0x00000006e0f00000, 0x00000006e1000000, 0x00000006e1000000|100%|HS|  |TAMS 0x00000006e1000000, 0x00000006e0f00000| Complete 
|  16|0x00000006e1000000, 0x00000006e1100000, 0x00000006e1100000|100%|HC|  |TAMS 0x00000006e1100000, 0x00000006e1000000| Complete 
|  17|0x00000006e1100000, 0x00000006e1200000, 0x00000006e1200000|100%| O|  |TAMS 0x00000006e1200000, 0x00000006e1100000| Updating 
|  18|0x00000006e1200000, 0x00000006e1300000, 0x00000006e1300000|100%| O|  |TAMS 0x00000006e1300000, 0x00000006e1200000| Updating 
|  19|0x00000006e1300000, 0x00000006e1400000, 0x00000006e1400000|100%| O|  |TAMS 0x00000006e1400000, 0x00000006e1300000| Updating 
|  20|0x00000006e1400000, 0x00000006e1500000, 0x00000006e1500000|100%| O|  |TAMS 0x00000006e1500000, 0x00000006e1400000| Updating 
|  21|0x00000006e1500000, 0x00000006e1600000, 0x00000006e1600000|100%| O|  |TAMS 0x00000006e1600000, 0x00000006e1500000| Updating 
|  22|0x00000006e1600000, 0x00000006e1700000, 0x00000006e1700000|100%| O|  |TAMS 0x00000006e1700000, 0x00000006e1600000| Updating 
|  23|0x00000006e1700000, 0x00000006e1800000, 0x00000006e1800000|100%| O|  |TAMS 0x00000006e1800000, 0x00000006e1700000| Updating 
|  24|0x00000006e1800000, 0x00000006e1900000, 0x00000006e1900000|100%| O|  |TAMS 0x00000006e1900000, 0x00000006e1800000| Updating 
|  25|0x00000006e1900000, 0x00000006e1a00000, 0x00000006e1a00000|100%| O|  |TAMS 0x00000006e1a00000, 0x00000006e1900000| Updating 
|  26|0x00000006e1a00000, 0x00000006e1b00000, 0x00000006e1b00000|100%| O|  |TAMS 0x00000006e1b00000, 0x00000006e1a00000| Updating 
|  27|0x00000006e1b00000, 0x00000006e1c00000, 0x00000006e1c00000|100%| O|  |TAMS 0x00000006e1c00000, 0x00000006e1b00000| Updating 
|  28|0x00000006e1c00000, 0x00000006e1d00000, 0x00000006e1d00000|100%|HS|  |TAMS 0x00000006e1d00000, 0x00000006e1c00000| Complete 
|  29|0x00000006e1d00000, 0x00000006e1e00000, 0x00000006e1e00000|100%|HC|  |TAMS 0x00000006e1e00000, 0x00000006e1d00000| Complete 
|  30|0x00000006e1e00000, 0x00000006e1f00000, 0x00000006e1f00000|100%| O|  |TAMS 0x00000006e1f00000, 0x00000006e1e00000| Updating 
|  31|0x00000006e1f00000, 0x00000006e2000000, 0x00000006e2000000|100%| O|  |TAMS 0x00000006e2000000, 0x00000006e1f00000| Updating 
|  32|0x00000006e2000000, 0x00000006e2100000, 0x00000006e2100000|100%| O|  |TAMS 0x00000006e2100000, 0x00000006e2000000| Updating 
|  33|0x00000006e2100000, 0x00000006e2200000, 0x00000006e2200000|100%| O|  |TAMS 0x00000006e2200000, 0x00000006e2100000| Updating 
|  34|0x00000006e2200000, 0x00000006e2300000, 0x00000006e2300000|100%| O|  |TAMS 0x00000006e2300000, 0x00000006e2200000| Updating 
|  35|0x00000006e2300000, 0x00000006e2400000, 0x00000006e2400000|100%| O|  |TAMS 0x00000006e2400000, 0x00000006e2300000| Updating 
|  36|0x00000006e2400000, 0x00000006e2500000, 0x00000006e2500000|100%| O|  |TAMS 0x00000006e2500000, 0x00000006e2400000| Updating 
|  37|0x00000006e2500000, 0x00000006e2600000, 0x00000006e2600000|100%| O|  |TAMS 0x00000006e2600000, 0x00000006e2500000| Updating 
|  38|0x00000006e2600000, 0x00000006e2700000, 0x00000006e2700000|100%| O|  |TAMS 0x00000006e2700000, 0x00000006e2600000| Updating 
|  39|0x00000006e2700000, 0x00000006e2800000, 0x00000006e2800000|100%| O|  |TAMS 0x00000006e2800000, 0x00000006e2700000| Updating 
|  40|0x00000006e2800000, 0x00000006e2900000, 0x00000006e2900000|100%| O|  |TAMS 0x00000006e2900000, 0x00000006e2800000| Updating 
|  41|0x00000006e2900000, 0x00000006e2a00000, 0x00000006e2a00000|100%| O|  |TAMS 0x00000006e2a00000, 0x00000006e2900000| Updating 
|  42|0x00000006e2a00000, 0x00000006e2b00000, 0x00000006e2b00000|100%| O|  |TAMS 0x00000006e2b00000, 0x00000006e2a00000| Updating 
|  43|0x00000006e2b00000, 0x00000006e2c00000, 0x00000006e2c00000|100%| O|  |TAMS 0x00000006e2c00000, 0x00000006e2b00000| Updating 
|  44|0x00000006e2c00000, 0x00000006e2d00000, 0x00000006e2d00000|100%| O|  |TAMS 0x00000006e2d00000, 0x00000006e2c00000| Updating 
|  45|0x00000006e2d00000, 0x00000006e2e00000, 0x00000006e2e00000|100%| O|  |TAMS 0x00000006e2e00000, 0x00000006e2d00000| Updating 
|  46|0x00000006e2e00000, 0x00000006e2f00000, 0x00000006e2f00000|100%| O|  |TAMS 0x00000006e2f00000, 0x00000006e2e00000| Updating 
|  47|0x00000006e2f00000, 0x00000006e3000000, 0x00000006e3000000|100%| O|  |TAMS 0x00000006e3000000, 0x00000006e2f00000| Updating 
|  48|0x00000006e3000000, 0x00000006e3100000, 0x00000006e3100000|100%| O|  |TAMS 0x00000006e3100000, 0x00000006e3000000| Updating 
|  49|0x00000006e3100000, 0x00000006e3200000, 0x00000006e3200000|100%| O|  |TAMS 0x00000006e3200000, 0x00000006e3100000| Updating 
|  50|0x00000006e3200000, 0x00000006e3300000, 0x00000006e3300000|100%| O|  |TAMS 0x00000006e3300000, 0x00000006e3200000| Updating 
|  51|0x00000006e3300000, 0x00000006e3400000, 0x00000006e3400000|100%| O|  |TAMS 0x00000006e3400000, 0x00000006e3300000| Updating 
|  52|0x00000006e3400000, 0x00000006e3500000, 0x00000006e3500000|100%| O|  |TAMS 0x00000006e3500000, 0x00000006e3400000| Updating 
|  53|0x00000006e3500000, 0x00000006e3600000, 0x00000006e3600000|100%| O|  |TAMS 0x00000006e3600000, 0x00000006e3500000| Updating 
|  54|0x00000006e3600000, 0x00000006e3700000, 0x00000006e3700000|100%| O|  |TAMS 0x00000006e3700000, 0x00000006e3600000| Updating 
|  55|0x00000006e3700000, 0x00000006e3800000, 0x00000006e3800000|100%| O|  |TAMS 0x00000006e3800000, 0x00000006e3700000| Updating 
|  56|0x00000006e3800000, 0x00000006e3900000, 0x00000006e3900000|100%| O|  |TAMS 0x00000006e3900000, 0x00000006e3800000| Updating 
|  57|0x00000006e3900000, 0x00000006e3a00000, 0x00000006e3a00000|100%| O|  |TAMS 0x00000006e3944600, 0x00000006e3900000| Updating 
|  58|0x00000006e3a00000, 0x00000006e3b00000, 0x00000006e3b00000|100%| O|  |TAMS 0x00000006e3b00000, 0x00000006e3a00000| Updating 
|  59|0x00000006e3b00000, 0x00000006e3c00000, 0x00000006e3c00000|100%| O|  |TAMS 0x00000006e3c00000, 0x00000006e3b00000| Updating 
|  60|0x00000006e3c00000, 0x00000006e3d00000, 0x00000006e3d00000|100%| O|  |TAMS 0x00000006e3d00000, 0x00000006e3c00000| Updating 
|  61|0x00000006e3d00000, 0x00000006e3e00000, 0x00000006e3e00000|100%| O|  |TAMS 0x00000006e3e00000, 0x00000006e3d00000| Updating 
|  62|0x00000006e3e00000, 0x00000006e3f00000, 0x00000006e3f00000|100%| O|  |TAMS 0x00000006e3f00000, 0x00000006e3e00000| Updating 
|  63|0x00000006e3f00000, 0x00000006e4000000, 0x00000006e4000000|100%| O|  |TAMS 0x00000006e4000000, 0x00000006e3f00000| Updating 
|  64|0x00000006e4000000, 0x00000006e4100000, 0x00000006e4100000|100%| O|  |TAMS 0x00000006e4100000, 0x00000006e4000000| Updating 
|  65|0x00000006e4100000, 0x00000006e4200000, 0x00000006e4200000|100%| O|  |TAMS 0x00000006e4200000, 0x00000006e4100000| Updating 
|  66|0x00000006e4200000, 0x00000006e4300000, 0x00000006e4300000|100%| O|  |TAMS 0x00000006e4300000, 0x00000006e4200000| Updating 
|  67|0x00000006e4300000, 0x00000006e4400000, 0x00000006e4400000|100%| O|  |TAMS 0x00000006e4400000, 0x00000006e4300000| Updating 
|  68|0x00000006e4400000, 0x00000006e4500000, 0x00000006e4500000|100%| O|  |TAMS 0x00000006e4500000, 0x00000006e4400000| Updating 
|  69|0x00000006e4500000, 0x00000006e4600000, 0x00000006e4600000|100%| O|  |TAMS 0x00000006e4600000, 0x00000006e4500000| Updating 
|  70|0x00000006e4600000, 0x00000006e4700000, 0x00000006e4700000|100%| O|  |TAMS 0x00000006e4600000, 0x00000006e4600000| Untracked 
|  71|0x00000006e4700000, 0x00000006e4800000, 0x00000006e4800000|100%| O|  |TAMS 0x00000006e4800000, 0x00000006e4700000| Updating 
|  72|0x00000006e4800000, 0x00000006e4900000, 0x00000006e4900000|100%| O|  |TAMS 0x00000006e4900000, 0x00000006e4800000| Updating 
|  73|0x00000006e4900000, 0x00000006e4a00000, 0x00000006e4a00000|100%| O|  |TAMS 0x00000006e4a00000, 0x00000006e4900000| Updating 
|  74|0x00000006e4a00000, 0x00000006e4b00000, 0x00000006e4b00000|100%| O|  |TAMS 0x00000006e4b00000, 0x00000006e4a00000| Updating 
|  75|0x00000006e4b00000, 0x00000006e4c00000, 0x00000006e4c00000|100%| O|  |TAMS 0x00000006e4c00000, 0x00000006e4b00000| Updating 
|  76|0x00000006e4c00000, 0x00000006e4d00000, 0x00000006e4d00000|100%| O|  |TAMS 0x00000006e4d00000, 0x00000006e4c00000| Updating 
|  77|0x00000006e4d00000, 0x00000006e4e00000, 0x00000006e4e00000|100%| O|  |TAMS 0x00000006e4e00000, 0x00000006e4d00000| Updating 
|  78|0x00000006e4e00000, 0x00000006e4f00000, 0x00000006e4f00000|100%| O|  |TAMS 0x00000006e4f00000, 0x00000006e4e00000| Updating 
|  79|0x00000006e4f00000, 0x00000006e5000000, 0x00000006e5000000|100%| O|  |TAMS 0x00000006e5000000, 0x00000006e4f00000| Updating 
|  80|0x00000006e5000000, 0x00000006e5100000, 0x00000006e5100000|100%| O|  |TAMS 0x00000006e5100000, 0x00000006e5000000| Updating 
|  81|0x00000006e5100000, 0x00000006e5200000, 0x00000006e5200000|100%| O|  |TAMS 0x00000006e5200000, 0x00000006e5100000| Updating 
|  82|0x00000006e5200000, 0x00000006e5300000, 0x00000006e5300000|100%| O|  |TAMS 0x00000006e5300000, 0x00000006e5200000| Updating 
|  83|0x00000006e5300000, 0x00000006e5400000, 0x00000006e5400000|100%| O|  |TAMS 0x00000006e5400000, 0x00000006e5300000| Updating 
|  84|0x00000006e5400000, 0x00000006e5500000, 0x00000006e5500000|100%| O|  |TAMS 0x00000006e5500000, 0x00000006e5400000| Updating 
|  85|0x00000006e5500000, 0x00000006e5600000, 0x00000006e5600000|100%| O|  |TAMS 0x00000006e5600000, 0x00000006e5500000| Updating 
|  86|0x00000006e5600000, 0x00000006e5700000, 0x00000006e5700000|100%| O|  |TAMS 0x00000006e5700000, 0x00000006e5600000| Updating 
|  87|0x00000006e5700000, 0x00000006e5800000, 0x00000006e5800000|100%| O|  |TAMS 0x00000006e5800000, 0x00000006e5700000| Updating 
|  88|0x00000006e5800000, 0x00000006e5900000, 0x00000006e5900000|100%| O|  |TAMS 0x00000006e5900000, 0x00000006e5800000| Updating 
|  89|0x00000006e5900000, 0x00000006e5a00000, 0x00000006e5a00000|100%| O|  |TAMS 0x00000006e5a00000, 0x00000006e5900000| Updating 
|  90|0x00000006e5a00000, 0x00000006e5b00000, 0x00000006e5b00000|100%| O|  |TAMS 0x00000006e5b00000, 0x00000006e5a00000| Updating 
|  91|0x00000006e5b00000, 0x00000006e5c00000, 0x00000006e5c00000|100%| O|  |TAMS 0x00000006e5c00000, 0x00000006e5b00000| Updating 
|  92|0x00000006e5c00000, 0x00000006e5d00000, 0x00000006e5d00000|100%| O|  |TAMS 0x00000006e5d00000, 0x00000006e5c00000| Updating 
|  93|0x00000006e5d00000, 0x00000006e5e00000, 0x00000006e5e00000|100%| O|  |TAMS 0x00000006e5e00000, 0x00000006e5d00000| Updating 
|  94|0x00000006e5e00000, 0x00000006e5f00000, 0x00000006e5f00000|100%| O|  |TAMS 0x00000006e5f00000, 0x00000006e5e00000| Updating 
|  95|0x00000006e5f00000, 0x00000006e6000000, 0x00000006e6000000|100%| O|  |TAMS 0x00000006e6000000, 0x00000006e5f00000| Updating 
|  96|0x00000006e6000000, 0x00000006e6100000, 0x00000006e6100000|100%| O|  |TAMS 0x00000006e6100000, 0x00000006e6000000| Updating 
|  97|0x00000006e6100000, 0x00000006e6200000, 0x00000006e6200000|100%| O|  |TAMS 0x00000006e6200000, 0x00000006e6100000| Updating 
|  98|0x00000006e6200000, 0x00000006e6300000, 0x00000006e6300000|100%| O|  |TAMS 0x00000006e6300000, 0x00000006e6200000| Updating 
|  99|0x00000006e6300000, 0x00000006e6400000, 0x00000006e6400000|100%| O|  |TAMS 0x00000006e6400000, 0x00000006e6300000| Updating 
| 100|0x00000006e6400000, 0x00000006e6500000, 0x00000006e6500000|100%| O|  |TAMS 0x00000006e6500000, 0x00000006e6400000| Updating 
| 101|0x00000006e6500000, 0x00000006e6600000, 0x00000006e6600000|100%| O|  |TAMS 0x00000006e6600000, 0x00000006e6500000| Updating 
| 102|0x00000006e6600000, 0x00000006e6700000, 0x00000006e6700000|100%| O|  |TAMS 0x00000006e6700000, 0x00000006e6600000| Updating 
| 103|0x00000006e6700000, 0x00000006e6800000, 0x00000006e6800000|100%| O|  |TAMS 0x00000006e6800000, 0x00000006e6700000| Updating 
| 104|0x00000006e6800000, 0x00000006e6900000, 0x00000006e6900000|100%| O|  |TAMS 0x00000006e6900000, 0x00000006e6800000| Updating 
| 105|0x00000006e6900000, 0x00000006e6a00000, 0x00000006e6a00000|100%| O|  |TAMS 0x00000006e6a00000, 0x00000006e6900000| Updating 
| 106|0x00000006e6a00000, 0x00000006e6b00000, 0x00000006e6b00000|100%| O|  |TAMS 0x00000006e6b00000, 0x00000006e6a00000| Updating 
| 107|0x00000006e6b00000, 0x00000006e6c00000, 0x00000006e6c00000|100%| O|  |TAMS 0x00000006e6c00000, 0x00000006e6b00000| Updating 
| 108|0x00000006e6c00000, 0x00000006e6d00000, 0x00000006e6d00000|100%| O|  |TAMS 0x00000006e6d00000, 0x00000006e6c00000| Updating 
| 109|0x00000006e6d00000, 0x00000006e6e00000, 0x00000006e6e00000|100%| O|  |TAMS 0x00000006e6e00000, 0x00000006e6d00000| Updating 
| 110|0x00000006e6e00000, 0x00000006e6f00000, 0x00000006e6f00000|100%| O|  |TAMS 0x00000006e6f00000, 0x00000006e6e00000| Updating 
| 111|0x00000006e6f00000, 0x00000006e7000000, 0x00000006e7000000|100%| O|  |TAMS 0x00000006e7000000, 0x00000006e6f00000| Updating 
| 112|0x00000006e7000000, 0x00000006e7100000, 0x00000006e7100000|100%| O|  |TAMS 0x00000006e7100000, 0x00000006e7000000| Updating 
| 113|0x00000006e7100000, 0x00000006e7200000, 0x00000006e7200000|100%| O|  |TAMS 0x00000006e7200000, 0x00000006e7100000| Updating 
| 114|0x00000006e7200000, 0x00000006e7300000, 0x00000006e7300000|100%| O|  |TAMS 0x00000006e7300000, 0x00000006e7200000| Updating 
| 115|0x00000006e7300000, 0x00000006e7400000, 0x00000006e7400000|100%| O|  |TAMS 0x00000006e7400000, 0x00000006e7300000| Updating 
| 116|0x00000006e7400000, 0x00000006e7500000, 0x00000006e7500000|100%| O|  |TAMS 0x00000006e7500000, 0x00000006e7400000| Updating 
| 117|0x00000006e7500000, 0x00000006e7600000, 0x00000006e7600000|100%| O|  |TAMS 0x00000006e7600000, 0x00000006e7500000| Updating 
| 118|0x00000006e7600000, 0x00000006e7700000, 0x00000006e7700000|100%| O|  |TAMS 0x00000006e7700000, 0x00000006e7600000| Updating 
| 119|0x00000006e7700000, 0x00000006e7800000, 0x00000006e7800000|100%| O|  |TAMS 0x00000006e7800000, 0x00000006e7700000| Updating 
| 120|0x00000006e7800000, 0x00000006e7900000, 0x00000006e7900000|100%| O|  |TAMS 0x00000006e7800000, 0x00000006e7800000| Untracked 
| 121|0x00000006e7900000, 0x00000006e7a00000, 0x00000006e7a00000|100%| O|  |TAMS 0x00000006e7a00000, 0x00000006e7900000| Updating 
| 122|0x00000006e7a00000, 0x00000006e7b00000, 0x00000006e7b00000|100%| O|  |TAMS 0x00000006e7b00000, 0x00000006e7a00000| Updating 
| 123|0x00000006e7b00000, 0x00000006e7c00000, 0x00000006e7c00000|100%| O|  |TAMS 0x00000006e7c00000, 0x00000006e7b00000| Updating 
| 124|0x00000006e7c00000, 0x00000006e7d00000, 0x00000006e7d00000|100%| O|  |TAMS 0x00000006e7d00000, 0x00000006e7c00000| Updating 
| 125|0x00000006e7d00000, 0x00000006e7e00000, 0x00000006e7e00000|100%| O|  |TAMS 0x00000006e7e00000, 0x00000006e7d00000| Updating 
| 126|0x00000006e7e00000, 0x00000006e7f00000, 0x00000006e7f00000|100%| O|  |TAMS 0x00000006e7f00000, 0x00000006e7e00000| Updating 
| 127|0x00000006e7f00000, 0x00000006e8000000, 0x00000006e8000000|100%| O|  |TAMS 0x00000006e8000000, 0x00000006e7f00000| Updating 
| 128|0x00000006e8000000, 0x00000006e8100000, 0x00000006e8100000|100%| O|  |TAMS 0x00000006e8100000, 0x00000006e8000000| Updating 
| 129|0x00000006e8100000, 0x00000006e8200000, 0x00000006e8200000|100%| O|  |TAMS 0x00000006e8200000, 0x00000006e8100000| Updating 
| 130|0x00000006e8200000, 0x00000006e8300000, 0x00000006e8300000|100%| O|  |TAMS 0x00000006e8300000, 0x00000006e8200000| Updating 
| 131|0x00000006e8300000, 0x00000006e8400000, 0x00000006e8400000|100%| O|  |TAMS 0x00000006e8400000, 0x00000006e8300000| Updating 
| 132|0x00000006e8400000, 0x00000006e8500000, 0x00000006e8500000|100%| O|  |TAMS 0x00000006e8500000, 0x00000006e8400000| Updating 
| 133|0x00000006e8500000, 0x00000006e8600000, 0x00000006e8600000|100%| O|  |TAMS 0x00000006e8600000, 0x00000006e8500000| Updating 
| 134|0x00000006e8600000, 0x00000006e8700000, 0x00000006e8700000|100%| O|  |TAMS 0x00000006e8700000, 0x00000006e8600000| Updating 
| 135|0x00000006e8700000, 0x00000006e8800000, 0x00000006e8800000|100%| O|  |TAMS 0x00000006e8800000, 0x00000006e8700000| Updating 
| 136|0x00000006e8800000, 0x00000006e8900000, 0x00000006e8900000|100%| O|  |TAMS 0x00000006e8900000, 0x00000006e8800000| Updating 
| 137|0x00000006e8900000, 0x00000006e8a00000, 0x00000006e8a00000|100%| O|  |TAMS 0x00000006e8a00000, 0x00000006e8900000| Updating 
| 138|0x00000006e8a00000, 0x00000006e8b00000, 0x00000006e8b00000|100%| O|  |TAMS 0x00000006e8b00000, 0x00000006e8a00000| Updating 
| 139|0x00000006e8b00000, 0x00000006e8c00000, 0x00000006e8c00000|100%| O|  |TAMS 0x00000006e8c00000, 0x00000006e8b00000| Updating 
| 140|0x00000006e8c00000, 0x00000006e8d00000, 0x00000006e8d00000|100%| O|  |TAMS 0x00000006e8d00000, 0x00000006e8c00000| Updating 
| 141|0x00000006e8d00000, 0x00000006e8e00000, 0x00000006e8e00000|100%| O|  |TAMS 0x00000006e8e00000, 0x00000006e8d00000| Updating 
| 142|0x00000006e8e00000, 0x00000006e8f00000, 0x00000006e8f00000|100%| O|  |TAMS 0x00000006e8f00000, 0x00000006e8e00000| Updating 
| 143|0x00000006e8f00000, 0x00000006e9000000, 0x00000006e9000000|100%| O|  |TAMS 0x00000006e9000000, 0x00000006e8f00000| Updating 
| 144|0x00000006e9000000, 0x00000006e9100000, 0x00000006e9100000|100%| O|  |TAMS 0x00000006e9100000, 0x00000006e9000000| Updating 
| 145|0x00000006e9100000, 0x00000006e9200000, 0x00000006e9200000|100%| O|  |TAMS 0x00000006e9200000, 0x00000006e9100000| Updating 
| 146|0x00000006e9200000, 0x00000006e9300000, 0x00000006e9300000|100%| O|  |TAMS 0x00000006e9300000, 0x00000006e9200000| Updating 
| 147|0x00000006e9300000, 0x00000006e9400000, 0x00000006e9400000|100%| O|  |TAMS 0x00000006e9400000, 0x00000006e9300000| Updating 
| 148|0x00000006e9400000, 0x00000006e9500000, 0x00000006e9500000|100%| O|  |TAMS 0x00000006e9500000, 0x00000006e9400000| Updating 
| 149|0x00000006e9500000, 0x00000006e9600000, 0x00000006e9600000|100%| O|  |TAMS 0x00000006e9600000, 0x00000006e9500000| Updating 
| 150|0x00000006e9600000, 0x00000006e9700000, 0x00000006e9700000|100%| O|  |TAMS 0x00000006e9700000, 0x00000006e9600000| Updating 
| 151|0x00000006e9700000, 0x00000006e9800000, 0x00000006e9800000|100%| O|  |TAMS 0x00000006e9800000, 0x00000006e9700000| Updating 
| 152|0x00000006e9800000, 0x00000006e9900000, 0x00000006e9900000|100%| O|  |TAMS 0x00000006e9900000, 0x00000006e9800000| Updating 
| 153|0x00000006e9900000, 0x00000006e9a00000, 0x00000006e9a00000|100%| O|  |TAMS 0x00000006e9900000, 0x00000006e9900000| Untracked 
| 154|0x00000006e9a00000, 0x00000006e9b00000, 0x00000006e9b00000|100%| O|  |TAMS 0x00000006e9a00000, 0x00000006e9a00000| Untracked 
| 155|0x00000006e9b00000, 0x00000006e9c00000, 0x00000006e9c00000|100%| O|  |TAMS 0x00000006e9b00000, 0x00000006e9b00000| Untracked 
| 156|0x00000006e9c00000, 0x00000006e9c29800, 0x00000006e9d00000| 16%| O|  |TAMS 0x00000006e9c00000, 0x00000006e9c00000| Untracked 
| 157|0x00000006e9d00000, 0x00000006e9d00000, 0x00000006e9e00000|  0%| F|  |TAMS 0x00000006e9d00000, 0x00000006e9d00000| Untracked 
| 158|0x00000006e9e00000, 0x00000006e9e00000, 0x00000006e9f00000|  0%| F|  |TAMS 0x00000006e9e00000, 0x00000006e9e00000| Untracked 
| 159|0x00000006e9f00000, 0x00000006e9f00000, 0x00000006ea000000|  0%| F|  |TAMS 0x00000006e9f00000, 0x00000006e9f00000| Untracked 
| 160|0x00000006ea000000, 0x00000006ea000000, 0x00000006ea100000|  0%| F|  |TAMS 0x00000006ea000000, 0x00000006ea000000| Untracked 
| 161|0x00000006ea100000, 0x00000006ea100000, 0x00000006ea200000|  0%| F|  |TAMS 0x00000006ea100000, 0x00000006ea100000| Untracked 
| 162|0x00000006ea200000, 0x00000006ea200000, 0x00000006ea300000|  0%| F|  |TAMS 0x00000006ea200000, 0x00000006ea200000| Untracked 
| 163|0x00000006ea300000, 0x00000006ea300000, 0x00000006ea400000|  0%| F|  |TAMS 0x00000006ea300000, 0x00000006ea300000| Untracked 
| 164|0x00000006ea400000, 0x00000006ea400000, 0x00000006ea500000|  0%| F|  |TAMS 0x00000006ea400000, 0x00000006ea400000| Untracked 
| 165|0x00000006ea500000, 0x00000006ea500000, 0x00000006ea600000|  0%| F|  |TAMS 0x00000006ea500000, 0x00000006ea500000| Untracked 
| 166|0x00000006ea600000, 0x00000006ea600000, 0x00000006ea700000|  0%| F|  |TAMS 0x00000006ea600000, 0x00000006ea600000| Untracked 
| 167|0x00000006ea700000, 0x00000006ea700000, 0x00000006ea800000|  0%| F|  |TAMS 0x00000006ea700000, 0x00000006ea700000| Untracked 
| 168|0x00000006ea800000, 0x00000006ea800000, 0x00000006ea900000|  0%| F|  |TAMS 0x00000006ea800000, 0x00000006ea800000| Untracked 
| 169|0x00000006ea900000, 0x00000006ea900000, 0x00000006eaa00000|  0%| F|  |TAMS 0x00000006ea900000, 0x00000006ea900000| Untracked 
| 170|0x00000006eaa00000, 0x00000006eaa00000, 0x00000006eab00000|  0%| F|  |TAMS 0x00000006eaa00000, 0x00000006eaa00000| Untracked 
| 171|0x00000006eab00000, 0x00000006eab00000, 0x00000006eac00000|  0%| F|  |TAMS 0x00000006eab00000, 0x00000006eab00000| Untracked 
| 172|0x00000006eac00000, 0x00000006eac00000, 0x00000006ead00000|  0%| F|  |TAMS 0x00000006eac00000, 0x00000006eac00000| Untracked 
| 173|0x00000006ead00000, 0x00000006ead00000, 0x00000006eae00000|  0%| F|  |TAMS 0x00000006ead00000, 0x00000006ead00000| Untracked 
| 174|0x00000006eae00000, 0x00000006eae00000, 0x00000006eaf00000|  0%| F|  |TAMS 0x00000006eae00000, 0x00000006eae00000| Untracked 
| 175|0x00000006eaf00000, 0x00000006eaf00000, 0x00000006eb000000|  0%| F|  |TAMS 0x00000006eaf00000, 0x00000006eaf00000| Untracked 
| 176|0x00000006eb000000, 0x00000006eb000000, 0x00000006eb100000|  0%| F|  |TAMS 0x00000006eb000000, 0x00000006eb000000| Untracked 
| 177|0x00000006eb100000, 0x00000006eb100000, 0x00000006eb200000|  0%| F|  |TAMS 0x00000006eb100000, 0x00000006eb100000| Untracked 
| 178|0x00000006eb200000, 0x00000006eb200000, 0x00000006eb300000|  0%| F|  |TAMS 0x00000006eb200000, 0x00000006eb200000| Untracked 
| 179|0x00000006eb300000, 0x00000006eb300000, 0x00000006eb400000|  0%| F|  |TAMS 0x00000006eb300000, 0x00000006eb300000| Untracked 
| 180|0x00000006eb400000, 0x00000006eb400000, 0x00000006eb500000|  0%| F|  |TAMS 0x00000006eb400000, 0x00000006eb400000| Untracked 
| 181|0x00000006eb500000, 0x00000006eb575ee0, 0x00000006eb600000| 46%| S|CS|TAMS 0x00000006eb500000, 0x00000006eb500000| Complete 
| 182|0x00000006eb600000, 0x00000006eb700000, 0x00000006eb700000|100%| S|CS|TAMS 0x00000006eb600000, 0x00000006eb600000| Complete 
| 183|0x00000006eb700000, 0x00000006eb700000, 0x00000006eb800000|  0%| F|  |TAMS 0x00000006eb700000, 0x00000006eb700000| Untracked 
| 184|0x00000006eb800000, 0x00000006eb800000, 0x00000006eb900000|  0%| F|  |TAMS 0x00000006eb800000, 0x00000006eb800000| Untracked 
| 185|0x00000006eb900000, 0x00000006eb900000, 0x00000006eba00000|  0%| F|  |TAMS 0x00000006eb900000, 0x00000006eb900000| Untracked 
| 186|0x00000006eba00000, 0x00000006eba00000, 0x00000006ebb00000|  0%| F|  |TAMS 0x00000006eba00000, 0x00000006eba00000| Untracked 
| 187|0x00000006ebb00000, 0x00000006ebb00000, 0x00000006ebc00000|  0%| F|  |TAMS 0x00000006ebb00000, 0x00000006ebb00000| Untracked 
| 188|0x00000006ebc00000, 0x00000006ebc00000, 0x00000006ebd00000|  0%| F|  |TAMS 0x00000006ebc00000, 0x00000006ebc00000| Untracked 
| 189|0x00000006ebd00000, 0x00000006ebd00000, 0x00000006ebe00000|  0%| F|  |TAMS 0x00000006ebd00000, 0x00000006ebd00000| Untracked 
| 190|0x00000006ebe00000, 0x00000006ebe00000, 0x00000006ebf00000|  0%| F|  |TAMS 0x00000006ebe00000, 0x00000006ebe00000| Untracked 
| 191|0x00000006ebf00000, 0x00000006ebf00000, 0x00000006ec000000|  0%| F|  |TAMS 0x00000006ebf00000, 0x00000006ebf00000| Untracked 

Card table byte_map: [0x0000020e54b30000,0x0000020e55430000] _byte_map_base: 0x0000020e51430000

Marking Bits (Prev, Next): (CMBitMap*) 0x0000020e3d899370, (CMBitMap*) 0x0000020e3d899338
 Prev Bits: [0x0000020e5a530000, 0x0000020e5ed30000)
 Next Bits: [0x0000020e55d30000, 0x0000020e5a530000)

Polling page: 0x0000020e3b750000

Metaspace:

Usage:
  Non-class:     72.97 MB capacity,    69.82 MB ( 96%) used,     2.91 MB (  4%) free+waste,   257.19 KB ( <1%) overhead. 
      Class:     11.80 MB capacity,    10.41 MB ( 88%) used,     1.26 MB ( 11%) free+waste,   127.00 KB (  1%) overhead. 
       Both:     84.77 MB capacity,    80.23 MB ( 95%) used,     4.17 MB (  5%) free+waste,   384.19 KB ( <1%) overhead. 

Virtual space:
  Non-class space:       74.00 MB reserved,      73.03 MB ( 99%) committed 
      Class space:        1.00 GB reserved,      11.88 MB (  1%) committed 
             Both:        1.07 GB reserved,      84.90 MB (  8%) committed 

Chunk freelists:
   Non-Class:  6.75 KB
       Class:  0 bytes
        Both:  6.75 KB

CodeHeap 'non-profiled nmethods': size=120000Kb used=8541Kb max_used=8541Kb free=111458Kb
 bounds [0x0000020e4c9d0000, 0x0000020e4d230000, 0x0000020e53f00000]
CodeHeap 'profiled nmethods': size=120000Kb used=28661Kb max_used=28661Kb free=91338Kb
 bounds [0x0000020e454a0000, 0x0000020e470a0000, 0x0000020e4c9d0000]
CodeHeap 'non-nmethods': size=5760Kb used=2292Kb max_used=2349Kb free=3467Kb
 bounds [0x0000020e44f00000, 0x0000020e45170000, 0x0000020e454a0000]
 total_blobs=13397 nmethods=12522 adapters=785
 compilation: enabled
              stopped_count=0, restarted_count=0
 full_count=0

Compilation events (10 events):
Event: 44.466 Thread 0x0000020e621b1800 nmethod 12592 0x0000020e4d227010 code [0x0000020e4d2271a0, 0x0000020e4d227258]
Event: 44.466 Thread 0x0000020e621b1800 12593       1       com.google.common.collect.ImmutableEntry::getKey (5 bytes)
Event: 44.466 Thread 0x0000020e621b1800 nmethod 12593 0x0000020e4d227310 code [0x0000020e4d2274a0, 0x0000020e4d227558]
Event: 44.468 Thread 0x0000020e621b1800 12595       3       sun.nio.fs.WindowsFileAttributes::isDirectory (25 bytes)
Event: 44.469 Thread 0x0000020e621b1800 nmethod 12595 0x0000020e4709b810 code [0x0000020e4709b9c0, 0x0000020e4709bc38]
Event: 44.469 Thread 0x0000020e621b1800 12597       3       com.google.common.collect.ImmutableSortedMap$1EntrySet::iterator (5 bytes)
Event: 44.469 Thread 0x0000020e621b1800 nmethod 12597 0x0000020e4709bd10 code [0x0000020e4709bf20, 0x0000020e4709c7c8]
Event: 44.469 Thread 0x0000020e621b1800 12598       3       com.google.common.collect.ImmutableSortedMap::entrySet (5 bytes)
Event: 44.470 Thread 0x0000020e621b1800 nmethod 12598 0x0000020e4709ca10 code [0x0000020e4709cc20, 0x0000020e4709d528]
Event: 44.471 Thread 0x0000020e621b1800 12599       3       org.gradle.cache.internal.btree.FreeListBlockStore$FreeListBlock::alloc (240 bytes)

GC Heap History (10 events):
Event: 43.943 GC heap after
{Heap after GC invocations=24 (full 0):
 garbage-first heap   total 196608K, used 148019K [0x00000006e0000000, 0x0000000800000000)
  region size 1024K, 4 young (4096K), 4 survivors (4096K)
 Metaspace       used 80875K, capacity 85335K, committed 85532K, reserved 1124352K
  class space    used 10413K, capacity 11769K, committed 11776K, reserved 1048576K
}
Event: 44.056 GC heap before
{Heap before GC invocations=25 (full 0):
 garbage-first heap   total 196608K, used 164403K [0x00000006e0000000, 0x0000000800000000)
  region size 1024K, 20 young (20480K), 4 survivors (4096K)
 Metaspace       used 81069K, capacity 85537K, committed 85660K, reserved 1124352K
  class space    used 10447K, capacity 11831K, committed 11904K, reserved 1048576K
}
Event: 44.061 GC heap after
{Heap after GC invocations=26 (full 0):
 garbage-first heap   total 196608K, used 153598K [0x00000006e0000000, 0x0000000800000000)
  region size 1024K, 3 young (3072K), 3 survivors (3072K)
 Metaspace       used 81069K, capacity 85537K, committed 85660K, reserved 1124352K
  class space    used 10447K, capacity 11831K, committed 11904K, reserved 1048576K
}
Event: 44.112 GC heap before
{Heap before GC invocations=26 (full 0):
 garbage-first heap   total 196608K, used 159742K [0x00000006e0000000, 0x0000000800000000)
  region size 1024K, 9 young (9216K), 3 survivors (3072K)
 Metaspace       used 81162K, capacity 85665K, committed 85916K, reserved 1124352K
  class space    used 10464K, capacity 11848K, committed 11904K, reserved 1048576K
}
Event: 44.124 GC heap after
{Heap after GC invocations=27 (full 0):
 garbage-first heap   total 196608K, used 153207K [0x00000006e0000000, 0x0000000800000000)
  region size 1024K, 2 young (2048K), 2 survivors (2048K)
 Metaspace       used 81162K, capacity 85665K, committed 85916K, reserved 1124352K
  class space    used 10464K, capacity 11848K, committed 11904K, reserved 1048576K
}
Event: 44.183 GC heap before
{Heap before GC invocations=27 (full 0):
 garbage-first heap   total 196608K, used 165495K [0x00000006e0000000, 0x0000000800000000)
  region size 1024K, 14 young (14336K), 2 survivors (2048K)
 Metaspace       used 81213K, capacity 85742K, committed 85916K, reserved 1124352K
  class space    used 10474K, capacity 11852K, committed 11904K, reserved 1048576K
}
Event: 44.188 GC heap after
{Heap after GC invocations=28 (full 0):
 garbage-first heap   total 196608K, used 155921K [0x00000006e0000000, 0x0000000800000000)
  region size 1024K, 2 young (2048K), 2 survivors (2048K)
 Metaspace       used 81213K, capacity 85742K, committed 85916K, reserved 1124352K
  class space    used 10474K, capacity 11852K, committed 11904K, reserved 1048576K
}
Event: 44.349 GC heap before
{Heap before GC invocations=28 (full 0):
 garbage-first heap   total 196608K, used 167185K [0x00000006e0000000, 0x0000000800000000)
  region size 1024K, 13 young (13312K), 2 survivors (2048K)
 Metaspace       used 81633K, capacity 86212K, committed 86300K, reserved 1124352K
  class space    used 10547K, capacity 11965K, committed 12032K, reserved 1048576K
}
Event: 44.357 GC heap after
{Heap after GC invocations=29 (full 0):
 garbage-first heap   total 196608K, used 159736K [0x00000006e0000000, 0x0000000800000000)
  region size 1024K, 2 young (2048K), 2 survivors (2048K)
 Metaspace       used 81633K, capacity 86212K, committed 86300K, reserved 1124352K
  class space    used 10547K, capacity 11965K, committed 12032K, reserved 1048576K
}
Event: 44.471 GC heap before
{Heap before GC invocations=29 (full 0):
 garbage-first heap   total 196608K, used 167928K [0x00000006e0000000, 0x0000000800000000)
  region size 1024K, 11 young (11264K), 2 survivors (2048K)
 Metaspace       used 82152K, capacity 86807K, committed 86940K, reserved 1124352K
  class space    used 10660K, capacity 12081K, committed 12160K, reserved 1048576K
}

Deoptimization events (10 events):
Event: 44.420 Thread 0x0000020e63cb0000 Uncommon trap: reason=unstable_if action=reinterpret pc=0x0000020e4cd81e04 method=com.google.common.base.Objects.equal(Ljava/lang/Object;Ljava/lang/Object;)Z @ 14 c2
Event: 44.420 Thread 0x0000020e63cb0000 Uncommon trap: reason=unstable_if action=reinterpret pc=0x0000020e4cd81e04 method=com.google.common.base.Objects.equal(Ljava/lang/Object;Ljava/lang/Object;)Z @ 14 c2
Event: 44.427 Thread 0x0000020e63cac800 Uncommon trap: reason=unstable_if action=reinterpret pc=0x0000020e4cef1ad0 method=java.io.BufferedReader.readLine(Z)Ljava/lang/String; @ 160 c2
Event: 44.427 Thread 0x0000020e63caf000 Uncommon trap: reason=unstable_if action=reinterpret pc=0x0000020e4cef1ad0 method=java.io.BufferedReader.readLine(Z)Ljava/lang/String; @ 160 c2
Event: 44.427 Thread 0x0000020e63cb1800 Uncommon trap: reason=unstable_if action=reinterpret pc=0x0000020e4cef1ad0 method=java.io.BufferedReader.readLine(Z)Ljava/lang/String; @ 160 c2
Event: 44.428 Thread 0x0000020e63cb3000 Uncommon trap: reason=unstable_if action=reinterpret pc=0x0000020e4cef1ad0 method=java.io.BufferedReader.readLine(Z)Ljava/lang/String; @ 160 c2
Event: 44.428 Thread 0x0000020e63cb0000 Uncommon trap: reason=unstable_if action=reinterpret pc=0x0000020e4cef1ad0 method=java.io.BufferedReader.readLine(Z)Ljava/lang/String; @ 160 c2
Event: 44.428 Thread 0x0000020e63cb0800 Uncommon trap: reason=unstable_if action=reinterpret pc=0x0000020e4cef1ad0 method=java.io.BufferedReader.readLine(Z)Ljava/lang/String; @ 160 c2
Event: 44.428 Thread 0x0000020e63cb2000 Uncommon trap: reason=unstable_if action=reinterpret pc=0x0000020e4cef1ad0 method=java.io.BufferedReader.readLine(Z)Ljava/lang/String; @ 160 c2
Event: 44.429 Thread 0x0000020e621bd800 Uncommon trap: reason=unstable_if action=reinterpret pc=0x0000020e4cef1ad0 method=java.io.BufferedReader.readLine(Z)Ljava/lang/String; @ 160 c2

Classes redefined (0 events):
No events

Internal exceptions (10 events):
Event: 43.678 Thread 0x0000020e621bd800 Exception <a 'java/lang/ClassNotFoundException'{0x00000006ea6ea888}: org/gradle/api/internal/file/DefaultFilePropertyFactory$DefaultDirectoryVarBeanInfo> (0x00000006ea6ea888) thrown at [./open/src/hotspot/share/classfile/systemDictionary.cpp, line 226]
Event: 43.678 Thread 0x0000020e621bd800 Exception <a 'java/lang/ClassNotFoundException'{0x00000006ea6fe358}: org/gradle/api/internal/file/DefaultFilePropertyFactory$AbstractFileVarBeanInfo> (0x00000006ea6fe358) thrown at [./open/src/hotspot/share/classfile/systemDictionary.cpp, line 226]
Event: 43.679 Thread 0x0000020e621bd800 Exception <a 'java/lang/ClassNotFoundException'{0x00000006ea50fe10}: org/gradle/api/internal/provider/DefaultPropertyBeanInfo> (0x00000006ea50fe10) thrown at [./open/src/hotspot/share/classfile/systemDictionary.cpp, line 226]
Event: 43.679 Thread 0x0000020e621bd800 Exception <a 'java/lang/ClassNotFoundException'{0x00000006ea5213c0}: org/gradle/api/internal/provider/AbstractPropertyBeanInfo> (0x00000006ea5213c0) thrown at [./open/src/hotspot/share/classfile/systemDictionary.cpp, line 226]
Event: 43.679 Thread 0x0000020e621bd800 Exception <a 'java/lang/ClassNotFoundException'{0x00000006ea533540}: org/gradle/api/internal/provider/AbstractPropertyCustomizer> (0x00000006ea533540) thrown at [./open/src/hotspot/share/classfile/systemDictionary.cpp, line 226]
Event: 43.680 Thread 0x0000020e621bd800 Exception <a 'java/lang/ClassNotFoundException'{0x00000006ea550238}: org/gradle/api/internal/provider/DefaultPropertyCustomizer> (0x00000006ea550238) thrown at [./open/src/hotspot/share/classfile/systemDictionary.cpp, line 226]
Event: 43.681 Thread 0x0000020e621bd800 Exception <a 'java/lang/ClassNotFoundException'{0x00000006ea577310}: org/gradle/api/internal/file/DefaultFilePropertyFactory$AbstractFileVarCustomizer> (0x00000006ea577310) thrown at [./open/src/hotspot/share/classfile/systemDictionary.cpp, line 226]
Event: 43.683 Thread 0x0000020e621bd800 Exception <a 'java/lang/ClassNotFoundException'{0x00000006ea5ba860}: org/gradle/api/internal/file/DefaultFilePropertyFactory$DefaultDirectoryVarCustomizer> (0x00000006ea5ba860) thrown at [./open/src/hotspot/share/classfile/systemDictionary.cpp, line 226]
Event: 43.689 Thread 0x0000020e621bd800 Exception <a 'java/lang/ClassNotFoundException'{0x00000006ea333238}: com/android/build/gradle/internal/api/ImmutableFlavorListBeanInfo> (0x00000006ea333238) thrown at [./open/src/hotspot/share/classfile/systemDictionary.cpp, line 226]
Event: 43.689 Thread 0x0000020e621bd800 Exception <a 'java/lang/ClassNotFoundException'{0x00000006ea3476c8}: com/android/build/gradle/internal/api/ImmutableFlavorListCustomizer> (0x00000006ea3476c8) thrown at [./open/src/hotspot/share/classfile/systemDictionary.cpp, line 226]

Events (10 events):
Event: 44.443 loading class org/gradle/api/internal/artifacts/transform/DefaultTransformer$FingerprintTransformInputsOperation$Result done
Event: 44.444 loading class org/gradle/api/internal/artifacts/transform/DefaultTransformer$FingerprintTransformInputsOperation$Result$1
Event: 44.444 loading class org/gradle/api/internal/artifacts/transform/DefaultTransformer$FingerprintTransformInputsOperation$Result$1 done
Event: 44.444 loading class org/gradle/api/internal/artifacts/transform/DefaultTransformer$IsolatedParameters
Event: 44.444 loading class org/gradle/api/internal/artifacts/transform/DefaultTransformer$IsolatedParameters done
Event: 44.451 loading class org/gradle/internal/fingerprint/impl/NameOnlyFingerprintingStrategy$1
Event: 44.451 loading class org/gradle/internal/fingerprint/impl/NameOnlyFingerprintingStrategy$1 done
Event: 44.459 Thread 0x0000020e64678000 DEOPT PACKING pc=0x0000020e45ce8261 sp=0x0000006207dfe2d0
Event: 44.459 Thread 0x0000020e64678000 DEOPT UNPACKING pc=0x0000020e44f26fde sp=0x0000006207dfd790 mode 0
Event: 44.471 Executing VM operation: G1CollectForAllocation


Dynamic libraries:
0x00007ff7c3530000 - 0x00007ff7c353f000 	C:\Program Files\Java\jdk-11.0.17\bin\java.exe
0x00007ffbca9b0000 - 0x00007ffbcaba8000 	C:\WINDOWS\SYSTEM32\ntdll.dll
0x00007ffbc8c20000 - 0x00007ffbc8cdf000 	C:\WINDOWS\System32\KERNEL32.DLL
0x00007ffbc8310000 - 0x00007ffbc85e2000 	C:\WINDOWS\System32\KERNELBASE.dll
0x00007ffbc80d0000 - 0x00007ffbc81d0000 	C:\WINDOWS\System32\ucrtbase.dll
0x00007ffbc1900000 - 0x00007ffbc1918000 	C:\Program Files\Java\jdk-11.0.17\bin\jli.dll
0x00007ffbb1520000 - 0x00007ffbb1535000 	C:\Program Files\Java\jdk-11.0.17\bin\VCRUNTIME140.dll
0x00007ffbc9f80000 - 0x00007ffbca02e000 	C:\WINDOWS\System32\ADVAPI32.dll
0x00007ffbc9740000 - 0x00007ffbc97de000 	C:\WINDOWS\System32\msvcrt.dll
0x00007ffbc89f0000 - 0x00007ffbc8a8c000 	C:\WINDOWS\System32\sechost.dll
0x00007ffbc8af0000 - 0x00007ffbc8c15000 	C:\WINDOWS\System32\RPCRT4.dll
0x00007ffbc94b0000 - 0x00007ffbc9651000 	C:\WINDOWS\System32\USER32.dll
0x00007ffbba870000 - 0x00007ffbbab0a000 	C:\WINDOWS\WinSxS\amd64_microsoft.windows.common-controls_6595b64144ccf1df_6.0.19041.1110_none_60b5254171f9507e\COMCTL32.dll
0x00007ffbc80a0000 - 0x00007ffbc80c2000 	C:\WINDOWS\System32\win32u.dll
0x00007ffbc9000000 - 0x00007ffbc902b000 	C:\WINDOWS\System32\GDI32.dll
0x00007ffbc81d0000 - 0x00007ffbc82df000 	C:\WINDOWS\System32\gdi32full.dll
0x00007ffbc87c0000 - 0x00007ffbc885d000 	C:\WINDOWS\System32\msvcp_win.dll
0x00007ffbbfa40000 - 0x00007ffbbfa4a000 	C:\WINDOWS\SYSTEM32\VERSION.dll
0x00007ffbca180000 - 0x00007ffbca1b2000 	C:\WINDOWS\System32\IMM32.DLL
0x00007ffbae5a0000 - 0x00007ffbae63b000 	C:\Program Files\Java\jdk-11.0.17\bin\msvcp140.dll
0x00007ffb69220000 - 0x00007ffb69d3a000 	C:\Program Files\Java\jdk-11.0.17\bin\server\jvm.dll
0x00007ffbc8d90000 - 0x00007ffbc8d98000 	C:\WINDOWS\System32\PSAPI.DLL
0x00007ffbc3d60000 - 0x00007ffbc3d69000 	C:\WINDOWS\SYSTEM32\WSOCK32.dll
0x00007ffbbf620000 - 0x00007ffbbf647000 	C:\WINDOWS\SYSTEM32\WINMM.dll
0x00007ffbc99b0000 - 0x00007ffbc9a1b000 	C:\WINDOWS\System32\WS2_32.dll
0x00007ffbc5f80000 - 0x00007ffbc5f92000 	C:\WINDOWS\SYSTEM32\kernel.appcore.dll
0x00007ffbb3090000 - 0x00007ffbb30a0000 	C:\Program Files\Java\jdk-11.0.17\bin\verify.dll
0x00007ffbb5df0000 - 0x00007ffbb5fd4000 	C:\WINDOWS\SYSTEM32\DBGHELP.DLL
0x00007ffbb6a60000 - 0x00007ffbb6a95000 	C:\WINDOWS\SYSTEM32\dbgcore.DLL
0x00007ffbc8960000 - 0x00007ffbc89e2000 	C:\WINDOWS\System32\bcryptPrimitives.dll
0x00007ffbb14f0000 - 0x00007ffbb1518000 	C:\Program Files\Java\jdk-11.0.17\bin\java.dll
0x00007ffbb0620000 - 0x00007ffbb062a000 	C:\Program Files\Java\jdk-11.0.17\bin\jimage.dll
0x00007ffbb0530000 - 0x00007ffbb0546000 	C:\Program Files\Java\jdk-11.0.17\bin\zip.dll
0x00007ffbca1c0000 - 0x00007ffbca904000 	C:\WINDOWS\System32\SHELL32.dll
0x00007ffbc6180000 - 0x00007ffbc6912000 	C:\WINDOWS\SYSTEM32\windows.storage.dll
0x00007ffbc9030000 - 0x00007ffbc9385000 	C:\WINDOWS\System32\combase.dll
0x00007ffbc7a20000 - 0x00007ffbc7a50000 	C:\WINDOWS\SYSTEM32\Wldp.dll
0x00007ffbc8f50000 - 0x00007ffbc8ffd000 	C:\WINDOWS\System32\SHCORE.dll
0x00007ffbc9f20000 - 0x00007ffbc9f75000 	C:\WINDOWS\System32\shlwapi.dll
0x00007ffbc7fe0000 - 0x00007ffbc7fff000 	C:\WINDOWS\SYSTEM32\profapi.dll
0x00007ffbae580000 - 0x00007ffbae599000 	C:\Program Files\Java\jdk-11.0.17\bin\net.dll
0x00007ffbbfc70000 - 0x00007ffbbfd7c000 	C:\WINDOWS\SYSTEM32\WINHTTP.dll
0x00007ffbc7780000 - 0x00007ffbc77ea000 	C:\WINDOWS\system32\mswsock.dll
0x00007ffba8f40000 - 0x00007ffba8f52000 	C:\Program Files\Java\jdk-11.0.17\bin\nio.dll
0x00007ffba8f10000 - 0x00007ffba8f3a000 	C:\Users\sbpci\.gradle\native\36\windows-amd64\native-platform.dll
0x00007ffbb0270000 - 0x00007ffbb0279000 	C:\Program Files\Java\jdk-11.0.17\bin\management.dll
0x00007ffbb0000000 - 0x00007ffbb000b000 	C:\Program Files\Java\jdk-11.0.17\bin\management_ext.dll
0x00007ffbc7980000 - 0x00007ffbc7998000 	C:\WINDOWS\SYSTEM32\CRYPTSP.dll
0x00007ffbc70a0000 - 0x00007ffbc70d4000 	C:\WINDOWS\system32\rsaenh.dll
0x00007ffbc82e0000 - 0x00007ffbc8307000 	C:\WINDOWS\System32\bcrypt.dll
0x00007ffbc7f60000 - 0x00007ffbc7f8e000 	C:\WINDOWS\SYSTEM32\USERENV.dll
0x00007ffbc7970000 - 0x00007ffbc797c000 	C:\WINDOWS\SYSTEM32\CRYPTBASE.dll
0x00007ffbc7470000 - 0x00007ffbc74ab000 	C:\WINDOWS\SYSTEM32\IPHLPAPI.DLL
0x00007ffbc99a0000 - 0x00007ffbc99a8000 	C:\WINDOWS\System32\NSI.dll
0x00007ffbc0160000 - 0x00007ffbc0177000 	C:\WINDOWS\SYSTEM32\dhcpcsvc6.DLL
0x00007ffbc0a50000 - 0x00007ffbc0a6d000 	C:\WINDOWS\SYSTEM32\dhcpcsvc.DLL
0x00007ffbc74b0000 - 0x00007ffbc757a000 	C:\WINDOWS\SYSTEM32\DNSAPI.dll
0x00007ffbb3110000 - 0x00007ffbb311d000 	C:\Program Files\Java\jdk-11.0.17\bin\sunmscapi.dll
0x00007ffbc85f0000 - 0x00007ffbc8746000 	C:\WINDOWS\System32\CRYPT32.dll
0x00007ffbc7a90000 - 0x00007ffbc7ab7000 	C:\WINDOWS\SYSTEM32\ncrypt.dll
0x00007ffbc7a50000 - 0x00007ffbc7a8b000 	C:\WINDOWS\SYSTEM32\NTASN1.dll
0x00007ffba8ea0000 - 0x00007ffba8ec5000 	C:\Program Files\Java\jdk-11.0.17\bin\sunec.dll
0x00007ffbb9d10000 - 0x00007ffbb9d1a000 	C:\Windows\System32\rasadhlp.dll
0x00007ffbba5f0000 - 0x00007ffbba670000 	C:\WINDOWS\System32\fwpuclnt.dll

dbghelp: loaded successfully - version: 4.0.5 - missing functions: none
symbol engine: initialized successfully - sym options: 0x614 - pdb path: .;C:\Program Files\Java\jdk-11.0.17\bin;C:\WINDOWS\SYSTEM32;C:\WINDOWS\WinSxS\amd64_microsoft.windows.common-controls_6595b64144ccf1df_6.0.19041.1110_none_60b5254171f9507e;C:\Program Files\Java\jdk-11.0.17\bin\server;C:\Users\sbpci\.gradle\native\36\windows-amd64

VM Arguments:
jvm_args: -XX:MaxPermSize=512m -XX:+HeapDumpOnOutOfMemoryError --add-opens=java.base/java.util=ALL-UNNAMED --add-opens=java.base/java.lang=ALL-UNNAMED --add-opens=java.base/java.lang.invoke=ALL-UNNAMED --add-opens=java.prefs/java.util.prefs=ALL-UNNAMED -Xmx4608m -Dfile.encoding=UTF-8 -Duser.country=PH -Duser.language=en -Duser.variant 
java_command: org.gradle.launcher.daemon.bootstrap.GradleDaemon 6.2
java_class_path (initial): C:\Users\sbpci\.gradle\wrapper\dists\gradle-6.2-all\dvufqs6kielxeao781pmk5huj\gradle-6.2\lib\gradle-launcher-6.2.jar
Launcher Type: SUN_STANDARD

[Global flags]
     intx CICompilerCount                          = 4                                         {product} {ergonomic}
     uint ConcGCThreads                            = 2                                         {product} {ergonomic}
     uint G1ConcRefinementThreads                  = 8                                         {product} {ergonomic}
   size_t G1HeapRegionSize                         = 1048576                                   {product} {ergonomic}
    uintx GCDrainStackTargetSize                   = 64                                        {product} {ergonomic}
     bool HeapDumpOnOutOfMemoryError               = true                                   {manageable} {command line}
   size_t InitialHeapSize                          = 201326592                                 {product} {ergonomic}
   size_t MarkStackSize                            = 4194304                                   {product} {ergonomic}
   size_t MaxHeapSize                              = 4831838208                                {product} {command line}
   size_t MaxNewSize                               = 2898264064                                {product} {ergonomic}
   size_t MinHeapDeltaBytes                        = 1048576                                   {product} {ergonomic}
    uintx NonNMethodCodeHeapSize                   = 5836300                                {pd product} {ergonomic}
    uintx NonProfiledCodeHeapSize                  = 122910970                              {pd product} {ergonomic}
    uintx ProfiledCodeHeapSize                     = 122910970                              {pd product} {ergonomic}
    uintx ReservedCodeCacheSize                    = 251658240                              {pd product} {ergonomic}
     bool SegmentedCodeCache                       = true                                      {product} {ergonomic}
     bool UseCompressedClassPointers               = true                                 {lp64_product} {ergonomic}
     bool UseCompressedOops                        = true                                 {lp64_product} {ergonomic}
     bool UseG1GC                                  = true                                      {product} {ergonomic}
     bool UseLargePagesIndividualAllocation        = false                                  {pd product} {ergonomic}

Logging:
Log output configuration:
 #0: stdout all=warning uptime,level,tags
 #1: stderr all=off uptime,level,tags

Environment Variables:
JAVA_HOME=C:\Program Files\Java\jdk-11.0.17
CLASSPATH=C:\Users\sbpci\MTop\android\\gradle\wrapper\gradle-wrapper.jar
PATH=C:\Users\sbpci\MTop\android\node_modules\.bin;C:\Users\sbpci\MTop\node_modules\.bin;C:\Users\sbpci\node_modules\.bin;C:\Users\node_modules\.bin;C:\node_modules\.bin;C:\Program Files\nodejs;C:\Users\sbpci\MTop\node_modules\.bin;C:\Users\sbpci\node_modules\.bin;C:\Users\node_modules\.bin;C:\node_modules\.bin;C:\Users\sbpci\AppData\Roaming\nvm\v16.13.0\node_modules\npm\node_modules\@npmcli\run-script\lib\node-gyp-bin;C:\Program Files\Common Files\Oracle\Java\javapath;C:\WINDOWS\system32;C:\WINDOWS;C:\WINDOWS\System32\Wbem;C:\WINDOWS\System32\WindowsPowerShell\v1.0\;C:\WINDOWS\System32\OpenSSH\;C:\ProgramData\chocolatey\bin;C:\Program Files\Java\jdk-11.0.17\bin;C:\Program Files\Git\cmd;C:\Users\sbpci\AppData\Roaming\nvm;C:\Program Files\nodejs;;C:\Program Files\Git LFS;C:\Users\sbpci\AppData\Local\Microsoft\WindowsApps;C:\Users\sbpci\AppData\Roaming\npm;C:\Users\sbpci\AppData\Local\Android\Sdk\platform-tools;C:\Users\sbpci\AppData\Local\Programs\Microsoft VS Code\bin;C:\Users\sbpci\AppData\Roaming\nvm;C:\Program Files\nodejs;C:\Users\sbpci\MTop\node_modules\.bin
USERNAME=sbpci
OS=Windows_NT
PROCESSOR_IDENTIFIER=Intel64 Family 6 Model 58 Stepping 9, GenuineIntel



---------------  S Y S T E M  ---------------

OS: Windows 10 , 64 bit Build 19041 (10.0.19041.2364)

CPU:total 8 (initial active 8) (4 cores per cpu, 2 threads per core) family 6 model 58 stepping 9 microcode 0x21, cmov, cx8, fxsr, mmx, sse, sse2, sse3, ssse3, sse4.1, sse4.2, popcnt, avx, aes, clmul, erms, ht, tsc, tscinvbit, tscinv

Memory: 4k page, system-wide physical 12162M (3042M free)
TotalPageFile size 49026M (AvailPageFile size 37M)
current process WorkingSet (physical memory assigned to process): 470M, peak: 473M
current process commit charge ("private bytes"): 517M, peak: 556M

vm_info: Java HotSpot(TM) 64-Bit Server VM (11.0.17+10-LTS-269) for windows-amd64 JRE (11.0.17+10-LTS-269), built on Sep 13 2022 19:26:37 by "mach5one" with MS VC++ 15.9 (VS2017)

END.
