#
# There is insufficient memory for the Java Runtime Environment to continue.
# Native memory allocation (malloc) failed to allocate 1048576 bytes for AllocateHeap
# Possible reasons:
#   The system is out of physical RAM or swap space
#   The process is running with CompressedOops enabled, and the Java Heap may be blocking the growth of the native heap
# Possible solutions:
#   Reduce memory load on the system
#   Increase physical memory or swap space
#   Check if swap backing store is full
#   Decrease Java heap size (-Xmx/-Xms)
#   Decrease number of Java threads
#   Decrease Java thread stack sizes (-Xss)
#   Set larger code cache with -XX:ReservedCodeCacheSize=
#   JVM is running with Zero Based Compressed Oops mode in which the Java heap is
#     placed in the first 32GB address space. The Java Heap base address is the
#     maximum limit for the native heap growth. Please use -XX:HeapBaseMinAddress
#     to set the Java Heap base and to place the Java Heap above 32GB virtual address.
# This output file may be truncated or incomplete.
#
#  Out of Memory Error (./open/src/hotspot/share/memory/allocation.cpp:46), pid=16484, tid=12076
#
# JRE version: Java(TM) SE Runtime Environment 18.9 (11.0.17+10) (build 11.0.17+10-LTS-269)
# Java VM: Java HotSpot(TM) 64-Bit Server VM 18.9 (11.0.17+10-LTS-269, mixed mode, tiered, compressed oops, g1 gc, windows-amd64)
# No core dump will be written. Minidumps are not enabled by default on client versions of Windows
#

---------------  S U M M A R Y ------------

Command Line: -XX:MaxPermSize=512m -XX:+HeapDumpOnOutOfMemoryError --add-opens=java.base/java.util=ALL-UNNAMED --add-opens=java.base/java.lang=ALL-UNNAMED --add-opens=java.base/java.lang.invoke=ALL-UNNAMED --add-opens=java.prefs/java.util.prefs=ALL-UNNAMED -Xmx4608m -Dfile.encoding=UTF-8 -Duser.country=PH -Duser.language=en -Duser.variant org.gradle.launcher.daemon.bootstrap.GradleDaemon 6.2

Host: Intel(R) Core(TM) i7-3770 CPU @ 3.40GHz, 8 cores, 11G,  Windows 10 , 64 bit Build 19041 (10.0.19041.2364)
Time: Thu Feb  9 21:34:03 2023 Malay Peninsula Standard Time elapsed time: 2.203852 seconds (0d 0h 0m 2s)

---------------  T H R E A D  ---------------

Current thread (0x000001f1f59b4800):  VMThread "VM Thread" [stack: 0x000000192de00000,0x000000192df00000] [id=12076]

Stack: [0x000000192de00000,0x000000192df00000]
[error occurred during error reporting (printing stack bounds), id 0xc0000005, EXCEPTION_ACCESS_VIOLATION (0xc0000005) at pc=0x000001f1d8080f2d]

Native frames: (J=compiled Java code, j=interpreted, Vv=VM code, C=native code)
V  [jvm.dll+0x62b5da]
V  [jvm.dll+0x7653df]
V  [jvm.dll+0x766a89]
V  [jvm.dll+0x767075]
V  [jvm.dll+0x76702b]
V  [jvm.dll+0x62aac3]
V  [jvm.dll+0x62b1d8]
C  [ntdll.dll+0xa241f]
C  [ntdll.dll+0x514a4]
C  [ntdll.dll+0xa0f4e]
C  0x000001f1d8080f2d

VM_Operation (0x000000192f2f9d20): CollectForMetadataAllocation, mode: safepoint, requested by thread 0x000001f1f7397000


---------------  P R O C E S S  ---------------

Threads class SMR info:
_java_thread_list=0x000001f1f6e5d6d0, length=20, elements={
0x000001f1cf1ac000, 0x000001f1f59b7800, 0x000001f1f59e1000, 0x000001f1f5a34800,
0x000001f1f5a35800, 0x000001f1f5a37000, 0x000001f1f5a3d000, 0x000001f1f5a43800,
0x000001f1f5a4c800, 0x000001f1f5bae800, 0x000001f1f6de9000, 0x000001f1f754c000,
0x000001f1f797e800, 0x000001f1f7467800, 0x000001f1f720b000, 0x000001f1f720c000,
0x000001f1f7397000, 0x000001f1f7bbb800, 0x000001f1f7398800, 0x000001f1f6fa3800
}

Java Threads: ( => current thread )
  0x000001f1cf1ac000 JavaThread "main" [_thread_blocked, id=13384, stack(0x000000192d800000,0x000000192d900000)]
  0x000001f1f59b7800 JavaThread "Reference Handler" daemon [_thread_blocked, id=5996, stack(0x000000192df00000,0x000000192e000000)]
  0x000001f1f59e1000 JavaThread "Finalizer" daemon [_thread_blocked, id=5304, stack(0x000000192e000000,0x000000192e100000)]
  0x000001f1f5a34800 JavaThread "Signal Dispatcher" daemon [_thread_blocked, id=15308, stack(0x000000192e100000,0x000000192e200000)]
  0x000001f1f5a35800 JavaThread "Attach Listener" daemon [_thread_blocked, id=10892, stack(0x000000192e200000,0x000000192e300000)]
  0x000001f1f5a37000 JavaThread "Service Thread" daemon [_thread_blocked, id=10508, stack(0x000000192e300000,0x000000192e400000)]
  0x000001f1f5a3d000 JavaThread "C2 CompilerThread0" daemon [_thread_in_native, id=6608, stack(0x000000192e400000,0x000000192e500000)]
  0x000001f1f5a43800 JavaThread "C1 CompilerThread0" daemon [_thread_blocked, id=5964, stack(0x000000192e500000,0x000000192e600000)]
  0x000001f1f5a4c800 JavaThread "Sweeper thread" daemon [_thread_blocked, id=14156, stack(0x000000192e600000,0x000000192e700000)]
  0x000001f1f5bae800 JavaThread "Common-Cleaner" daemon [_thread_blocked, id=7528, stack(0x000000192e700000,0x000000192e800000)]
  0x000001f1f6de9000 JavaThread "Daemon health stats" [_thread_blocked, id=1568, stack(0x000000192ee00000,0x000000192ef00000)]
  0x000001f1f754c000 JavaThread "Incoming local TCP Connector on port 60815" [_thread_in_native, id=16496, stack(0x000000192e900000,0x000000192ea00000)]
  0x000001f1f797e800 JavaThread "Daemon periodic checks" [_thread_blocked, id=11160, stack(0x000000192ed00000,0x000000192ee00000)]
  0x000001f1f7467800 JavaThread "Daemon" [_thread_blocked, id=7488, stack(0x000000192ef00000,0x000000192f000000)]
  0x000001f1f720b000 JavaThread "Handler for socket connection from /127.0.0.1:60815 to /127.0.0.1:60816" [_thread_in_native, id=9476, stack(0x000000192f000000,0x000000192f100000)]
  0x000001f1f720c000 JavaThread "Cancel handler" [_thread_blocked, id=272, stack(0x000000192f100000,0x000000192f200000)]
  0x000001f1f7397000 JavaThread "Daemon worker" [_thread_blocked, id=15884, stack(0x000000192f200000,0x000000192f300000)]
  0x000001f1f7bbb800 JavaThread "Asynchronous log dispatcher for DefaultDaemonConnection: socket connection from /127.0.0.1:60815 to /127.0.0.1:60816" [_thread_blocked, id=6856, stack(0x000000192f300000,0x000000192f400000)]
  0x000001f1f7398800 JavaThread "Stdin handler" [_thread_blocked, id=6068, stack(0x000000192f400000,0x000000192f500000)]
  0x000001f1f6fa3800 JavaThread "Thread-8" [_thread_blocked, id=6760, stack(0x000000192f500000,0x000000192f600000)]

Other Threads:
=>0x000001f1f59b4800 VMThread "VM Thread" [stack: 0x000000192de00000,0x000000192df00000] [id=12076]
  0x000001f1f5bef800 WatcherThread [stack: 0x000000192e800000,0x000000192e900000] [id=17160]
  0x000001f1cf1c0800 GCTaskThread "GC Thread#0" [stack: 0x000000192d900000,0x000000192da00000] [id=4880]
  0x000001f1f688c800 GCTaskThread "GC Thread#1" [stack: 0x000000192ea00000,0x000000192eb00000] [id=11512]
  0x000001f1f688d000 GCTaskThread "GC Thread#2" [stack: 0x000000192eb00000,0x000000192ec00000] [id=3812]
  0x000001f1f65a7800 GCTaskThread "GC Thread#3" [stack: 0x000000192ec00000,0x000000192ed00000] [id=1120]
  0x000001f1f7207000 GCTaskThread "GC Thread#4" [stack: 0x000000192f600000,0x000000192f700000] [id=7164]
  0x000001f1f754b800 GCTaskThread "GC Thread#5" [stack: 0x000000192f700000,0x000000192f800000] [id=8944]
  0x000001f1f6858800 GCTaskThread "GC Thread#6" [stack: 0x000000192f800000,0x000000192f900000] [id=10480]
  0x000001f1f79c9800 GCTaskThread "GC Thread#7" [stack: 0x000000192f900000,0x000000192fa00000] [id=16536]
  0x000001f1cf22a800 ConcurrentGCThread "G1 Main Marker" [stack: 0x000000192da00000,0x000000192db00000] [id=13828]
  0x000001f1cf22d800 ConcurrentGCThread "G1 Conc#0" [stack: 0x000000192db00000,0x000000192dc00000] [id=6764]
  0x000001f1f68d6000 ConcurrentGCThread "G1 Conc#1" [stack: 0x000000192fa00000,0x000000192fb00000] [id=10536]
  0x000001f1f5017800 ConcurrentGCThread "G1 Refine#0" [stack: 0x000000192dc00000,0x000000192dd00000] [id=15420]
  0x000001f1f5018800 ConcurrentGCThread "G1 Young RemSet Sampling" [stack: 0x000000192dd00000,0x000000192de00000] [id=16544]

Threads with active compile tasks:
C2 CompilerThread0     2218 1694   !   4       jdk.internal.loader.URLClassPath$JarLoader::getResource (353 bytes)

VM state:at safepoint (normal execution)

VM Mutex/Monitor currently owned by a thread:  ([mutex/lock_event])
[0x000001f1cf1a8280] Threads_lock - owner thread: 0x000001f1f59b4800
[0x000001f1cf1a7b30] Heap_lock - owner thread: 0x000001f1f7397000

Heap address: 0x00000006e0000000, size: 4608 MB, Compressed Oops mode: Zero based, Oop shift amount: 3
Narrow klass base: 0x0000000800000000, Narrow klass shift: 0
Compressed class space size: 1073741824 Address: 0x0000000800000000

Heap:
 garbage-first heap   total 196608K, used 14814K [0x00000006e0000000, 0x0000000800000000)
  region size 1024K, 10 young (10240K), 10 survivors (10240K)
 Metaspace       used 16839K, capacity 17231K, committed 17408K, reserved 1073152K
  class space    used 2021K, capacity 2179K, committed 2304K, reserved 1048576K
Heap Regions: E=young(eden), S=young(survivor), O=old, HS=humongous(starts), HC=humongous(continues), CS=collection set, F=free, A=archive, TAMS=top-at-mark-start (previous, next)
|   0|0x00000006e0000000, 0x00000006e0000000, 0x00000006e0100000|  0%| F|  |TAMS 0x00000006e0000000, 0x00000006e0000000| Untracked 
|   1|0x00000006e0100000, 0x00000006e0100000, 0x00000006e0200000|  0%| F|  |TAMS 0x00000006e0100000, 0x00000006e0100000| Untracked 
|   2|0x00000006e0200000, 0x00000006e0200000, 0x00000006e0300000|  0%| F|  |TAMS 0x00000006e0200000, 0x00000006e0200000| Untracked 
|   3|0x00000006e0300000, 0x00000006e0400000, 0x00000006e0400000|100%|HS|  |TAMS 0x00000006e0300000, 0x00000006e0400000| Complete 
|   4|0x00000006e0400000, 0x00000006e0500000, 0x00000006e0500000|100%|HC|  |TAMS 0x00000006e0400000, 0x00000006e0500000| Complete 
|   5|0x00000006e0500000, 0x00000006e0600000, 0x00000006e0600000|100%|HC|  |TAMS 0x00000006e0500000, 0x00000006e0600000| Complete 
|   6|0x00000006e0600000, 0x00000006e0700000, 0x00000006e0700000|100%| O|  |TAMS 0x00000006e0600000, 0x00000006e0700000| Untracked 
|   7|0x00000006e0700000, 0x00000006e0800000, 0x00000006e0800000|100%| O|  |TAMS 0x00000006e0700000, 0x00000006e0800000| Untracked 
|   8|0x00000006e0800000, 0x00000006e085ca00, 0x00000006e0900000| 36%| O|  |TAMS 0x00000006e0800000, 0x00000006e085ca00| Untracked 
|   9|0x00000006e0900000, 0x00000006e0900000, 0x00000006e0a00000|  0%| F|  |TAMS 0x00000006e0900000, 0x00000006e0900000| Untracked 
|  10|0x00000006e0a00000, 0x00000006e0a00000, 0x00000006e0b00000|  0%| F|  |TAMS 0x00000006e0a00000, 0x00000006e0a00000| Untracked 
|  11|0x00000006e0b00000, 0x00000006e0b00000, 0x00000006e0c00000|  0%| F|  |TAMS 0x00000006e0b00000, 0x00000006e0b00000| Untracked 
|  12|0x00000006e0c00000, 0x00000006e0c00000, 0x00000006e0d00000|  0%| F|  |TAMS 0x00000006e0c00000, 0x00000006e0c00000| Untracked 
|  13|0x00000006e0d00000, 0x00000006e0d00000, 0x00000006e0e00000|  0%| F|  |TAMS 0x00000006e0d00000, 0x00000006e0d00000| Untracked 
|  14|0x00000006e0e00000, 0x00000006e0e00000, 0x00000006e0f00000|  0%| F|  |TAMS 0x00000006e0e00000, 0x00000006e0e00000| Untracked 
|  15|0x00000006e0f00000, 0x00000006e0f00000, 0x00000006e1000000|  0%| F|  |TAMS 0x00000006e0f00000, 0x00000006e0f00000| Untracked 
|  16|0x00000006e1000000, 0x00000006e1000000, 0x00000006e1100000|  0%| F|  |TAMS 0x00000006e1000000, 0x00000006e1000000| Untracked 
|  17|0x00000006e1100000, 0x00000006e1100000, 0x00000006e1200000|  0%| F|  |TAMS 0x00000006e1100000, 0x00000006e1100000| Untracked 
|  18|0x00000006e1200000, 0x00000006e1200000, 0x00000006e1300000|  0%| F|  |TAMS 0x00000006e1200000, 0x00000006e1200000| Untracked 
|  19|0x00000006e1300000, 0x00000006e1300000, 0x00000006e1400000|  0%| F|  |TAMS 0x00000006e1300000, 0x00000006e1300000| Untracked 
|  20|0x00000006e1400000, 0x00000006e1400000, 0x00000006e1500000|  0%| F|  |TAMS 0x00000006e1400000, 0x00000006e1400000| Untracked 
|  21|0x00000006e1500000, 0x00000006e1500000, 0x00000006e1600000|  0%| F|  |TAMS 0x00000006e1500000, 0x00000006e1500000| Untracked 
|  22|0x00000006e1600000, 0x00000006e1600000, 0x00000006e1700000|  0%| F|  |TAMS 0x00000006e1600000, 0x00000006e1600000| Untracked 
|  23|0x00000006e1700000, 0x00000006e1700000, 0x00000006e1800000|  0%| F|  |TAMS 0x00000006e1700000, 0x00000006e1700000| Untracked 
|  24|0x00000006e1800000, 0x00000006e1800000, 0x00000006e1900000|  0%| F|  |TAMS 0x00000006e1800000, 0x00000006e1800000| Untracked 
|  25|0x00000006e1900000, 0x00000006e1900000, 0x00000006e1a00000|  0%| F|  |TAMS 0x00000006e1900000, 0x00000006e1900000| Untracked 
|  26|0x00000006e1a00000, 0x00000006e1a00000, 0x00000006e1b00000|  0%| F|  |TAMS 0x00000006e1a00000, 0x00000006e1a00000| Untracked 
|  27|0x00000006e1b00000, 0x00000006e1b00000, 0x00000006e1c00000|  0%| F|  |TAMS 0x00000006e1b00000, 0x00000006e1b00000| Untracked 
|  28|0x00000006e1c00000, 0x00000006e1c00000, 0x00000006e1d00000|  0%| F|  |TAMS 0x00000006e1c00000, 0x00000006e1c00000| Untracked 
|  29|0x00000006e1d00000, 0x00000006e1d00000, 0x00000006e1e00000|  0%| F|  |TAMS 0x00000006e1d00000, 0x00000006e1d00000| Untracked 
|  30|0x00000006e1e00000, 0x00000006e1e00000, 0x00000006e1f00000|  0%| F|  |TAMS 0x00000006e1e00000, 0x00000006e1e00000| Untracked 
|  31|0x00000006e1f00000, 0x00000006e1f00000, 0x00000006e2000000|  0%| F|  |TAMS 0x00000006e1f00000, 0x00000006e1f00000| Untracked 
|  32|0x00000006e2000000, 0x00000006e2000000, 0x00000006e2100000|  0%| F|  |TAMS 0x00000006e2000000, 0x00000006e2000000| Untracked 
|  33|0x00000006e2100000, 0x00000006e2100000, 0x00000006e2200000|  0%| F|  |TAMS 0x00000006e2100000, 0x00000006e2100000| Untracked 
|  34|0x00000006e2200000, 0x00000006e2200000, 0x00000006e2300000|  0%| F|  |TAMS 0x00000006e2200000, 0x00000006e2200000| Untracked 
|  35|0x00000006e2300000, 0x00000006e2300000, 0x00000006e2400000|  0%| F|  |TAMS 0x00000006e2300000, 0x00000006e2300000| Untracked 
|  36|0x00000006e2400000, 0x00000006e2400000, 0x00000006e2500000|  0%| F|  |TAMS 0x00000006e2400000, 0x00000006e2400000| Untracked 
|  37|0x00000006e2500000, 0x00000006e2500000, 0x00000006e2600000|  0%| F|  |TAMS 0x00000006e2500000, 0x00000006e2500000| Untracked 
|  38|0x00000006e2600000, 0x00000006e2600000, 0x00000006e2700000|  0%| F|  |TAMS 0x00000006e2600000, 0x00000006e2600000| Untracked 
|  39|0x00000006e2700000, 0x00000006e2700000, 0x00000006e2800000|  0%| F|  |TAMS 0x00000006e2700000, 0x00000006e2700000| Untracked 
|  40|0x00000006e2800000, 0x00000006e2800000, 0x00000006e2900000|  0%| F|  |TAMS 0x00000006e2800000, 0x00000006e2800000| Untracked 
|  41|0x00000006e2900000, 0x00000006e2900000, 0x00000006e2a00000|  0%| F|  |TAMS 0x00000006e2900000, 0x00000006e2900000| Untracked 
|  42|0x00000006e2a00000, 0x00000006e2a00000, 0x00000006e2b00000|  0%| F|  |TAMS 0x00000006e2a00000, 0x00000006e2a00000| Untracked 
|  43|0x00000006e2b00000, 0x00000006e2b00000, 0x00000006e2c00000|  0%| F|  |TAMS 0x00000006e2b00000, 0x00000006e2b00000| Untracked 
|  44|0x00000006e2c00000, 0x00000006e2c00000, 0x00000006e2d00000|  0%| F|  |TAMS 0x00000006e2c00000, 0x00000006e2c00000| Untracked 
|  45|0x00000006e2d00000, 0x00000006e2d00000, 0x00000006e2e00000|  0%| F|  |TAMS 0x00000006e2d00000, 0x00000006e2d00000| Untracked 
|  46|0x00000006e2e00000, 0x00000006e2e00000, 0x00000006e2f00000|  0%| F|  |TAMS 0x00000006e2e00000, 0x00000006e2e00000| Untracked 
|  47|0x00000006e2f00000, 0x00000006e2f00000, 0x00000006e3000000|  0%| F|  |TAMS 0x00000006e2f00000, 0x00000006e2f00000| Untracked 
|  48|0x00000006e3000000, 0x00000006e3000000, 0x00000006e3100000|  0%| F|  |TAMS 0x00000006e3000000, 0x00000006e3000000| Untracked 
|  49|0x00000006e3100000, 0x00000006e3100000, 0x00000006e3200000|  0%| F|  |TAMS 0x00000006e3100000, 0x00000006e3100000| Untracked 
|  50|0x00000006e3200000, 0x00000006e3200000, 0x00000006e3300000|  0%| F|  |TAMS 0x00000006e3200000, 0x00000006e3200000| Untracked 
|  51|0x00000006e3300000, 0x00000006e3300000, 0x00000006e3400000|  0%| F|  |TAMS 0x00000006e3300000, 0x00000006e3300000| Untracked 
|  52|0x00000006e3400000, 0x00000006e3400000, 0x00000006e3500000|  0%| F|  |TAMS 0x00000006e3400000, 0x00000006e3400000| Untracked 
|  53|0x00000006e3500000, 0x00000006e3500000, 0x00000006e3600000|  0%| F|  |TAMS 0x00000006e3500000, 0x00000006e3500000| Untracked 
|  54|0x00000006e3600000, 0x00000006e3600000, 0x00000006e3700000|  0%| F|  |TAMS 0x00000006e3600000, 0x00000006e3600000| Untracked 
|  55|0x00000006e3700000, 0x00000006e3700000, 0x00000006e3800000|  0%| F|  |TAMS 0x00000006e3700000, 0x00000006e3700000| Untracked 
|  56|0x00000006e3800000, 0x00000006e3800000, 0x00000006e3900000|  0%| F|  |TAMS 0x00000006e3800000, 0x00000006e3800000| Untracked 
|  57|0x00000006e3900000, 0x00000006e3900000, 0x00000006e3a00000|  0%| F|  |TAMS 0x00000006e3900000, 0x00000006e3900000| Untracked 
|  58|0x00000006e3a00000, 0x00000006e3a00000, 0x00000006e3b00000|  0%| F|  |TAMS 0x00000006e3a00000, 0x00000006e3a00000| Untracked 
|  59|0x00000006e3b00000, 0x00000006e3b00000, 0x00000006e3c00000|  0%| F|  |TAMS 0x00000006e3b00000, 0x00000006e3b00000| Untracked 
|  60|0x00000006e3c00000, 0x00000006e3c00000, 0x00000006e3d00000|  0%| F|  |TAMS 0x00000006e3c00000, 0x00000006e3c00000| Untracked 
|  61|0x00000006e3d00000, 0x00000006e3d00000, 0x00000006e3e00000|  0%| F|  |TAMS 0x00000006e3d00000, 0x00000006e3d00000| Untracked 
|  62|0x00000006e3e00000, 0x00000006e3e00000, 0x00000006e3f00000|  0%| F|  |TAMS 0x00000006e3e00000, 0x00000006e3e00000| Untracked 
|  63|0x00000006e3f00000, 0x00000006e3f00000, 0x00000006e4000000|  0%| F|  |TAMS 0x00000006e3f00000, 0x00000006e3f00000| Untracked 
|  64|0x00000006e4000000, 0x00000006e4000000, 0x00000006e4100000|  0%| F|  |TAMS 0x00000006e4000000, 0x00000006e4000000| Untracked 
|  65|0x00000006e4100000, 0x00000006e4100000, 0x00000006e4200000|  0%| F|  |TAMS 0x00000006e4100000, 0x00000006e4100000| Untracked 
|  66|0x00000006e4200000, 0x00000006e4200000, 0x00000006e4300000|  0%| F|  |TAMS 0x00000006e4200000, 0x00000006e4200000| Untracked 
|  67|0x00000006e4300000, 0x00000006e4300000, 0x00000006e4400000|  0%| F|  |TAMS 0x00000006e4300000, 0x00000006e4300000| Untracked 
|  68|0x00000006e4400000, 0x00000006e4400000, 0x00000006e4500000|  0%| F|  |TAMS 0x00000006e4400000, 0x00000006e4400000| Untracked 
|  69|0x00000006e4500000, 0x00000006e4500000, 0x00000006e4600000|  0%| F|  |TAMS 0x00000006e4500000, 0x00000006e4500000| Untracked 
|  70|0x00000006e4600000, 0x00000006e4600000, 0x00000006e4700000|  0%| F|  |TAMS 0x00000006e4600000, 0x00000006e4600000| Untracked 
|  71|0x00000006e4700000, 0x00000006e4700000, 0x00000006e4800000|  0%| F|  |TAMS 0x00000006e4700000, 0x00000006e4700000| Untracked 
|  72|0x00000006e4800000, 0x00000006e4800000, 0x00000006e4900000|  0%| F|  |TAMS 0x00000006e4800000, 0x00000006e4800000| Untracked 
|  73|0x00000006e4900000, 0x00000006e4900000, 0x00000006e4a00000|  0%| F|  |TAMS 0x00000006e4900000, 0x00000006e4900000| Untracked 
|  74|0x00000006e4a00000, 0x00000006e4a00000, 0x00000006e4b00000|  0%| F|  |TAMS 0x00000006e4a00000, 0x00000006e4a00000| Untracked 
|  75|0x00000006e4b00000, 0x00000006e4b00000, 0x00000006e4c00000|  0%| F|  |TAMS 0x00000006e4b00000, 0x00000006e4b00000| Untracked 
|  76|0x00000006e4c00000, 0x00000006e4c00000, 0x00000006e4d00000|  0%| F|  |TAMS 0x00000006e4c00000, 0x00000006e4c00000| Untracked 
|  77|0x00000006e4d00000, 0x00000006e4d00000, 0x00000006e4e00000|  0%| F|  |TAMS 0x00000006e4d00000, 0x00000006e4d00000| Untracked 
|  78|0x00000006e4e00000, 0x00000006e4e00000, 0x00000006e4f00000|  0%| F|  |TAMS 0x00000006e4e00000, 0x00000006e4e00000| Untracked 
|  79|0x00000006e4f00000, 0x00000006e4f00000, 0x00000006e5000000|  0%| F|  |TAMS 0x00000006e4f00000, 0x00000006e4f00000| Untracked 
|  80|0x00000006e5000000, 0x00000006e5000000, 0x00000006e5100000|  0%| F|  |TAMS 0x00000006e5000000, 0x00000006e5000000| Untracked 
|  81|0x00000006e5100000, 0x00000006e5100000, 0x00000006e5200000|  0%| F|  |TAMS 0x00000006e5100000, 0x00000006e5100000| Untracked 
|  82|0x00000006e5200000, 0x00000006e5200000, 0x00000006e5300000|  0%| F|  |TAMS 0x00000006e5200000, 0x00000006e5200000| Untracked 
|  83|0x00000006e5300000, 0x00000006e5300000, 0x00000006e5400000|  0%| F|  |TAMS 0x00000006e5300000, 0x00000006e5300000| Untracked 
|  84|0x00000006e5400000, 0x00000006e5400000, 0x00000006e5500000|  0%| F|  |TAMS 0x00000006e5400000, 0x00000006e5400000| Untracked 
|  85|0x00000006e5500000, 0x00000006e5500000, 0x00000006e5600000|  0%| F|  |TAMS 0x00000006e5500000, 0x00000006e5500000| Untracked 
|  86|0x00000006e5600000, 0x00000006e5600000, 0x00000006e5700000|  0%| F|  |TAMS 0x00000006e5600000, 0x00000006e5600000| Untracked 
|  87|0x00000006e5700000, 0x00000006e5700000, 0x00000006e5800000|  0%| F|  |TAMS 0x00000006e5700000, 0x00000006e5700000| Untracked 
|  88|0x00000006e5800000, 0x00000006e5800000, 0x00000006e5900000|  0%| F|  |TAMS 0x00000006e5800000, 0x00000006e5800000| Untracked 
|  89|0x00000006e5900000, 0x00000006e5900000, 0x00000006e5a00000|  0%| F|  |TAMS 0x00000006e5900000, 0x00000006e5900000| Untracked 
|  90|0x00000006e5a00000, 0x00000006e5a00000, 0x00000006e5b00000|  0%| F|  |TAMS 0x00000006e5a00000, 0x00000006e5a00000| Untracked 
|  91|0x00000006e5b00000, 0x00000006e5b00000, 0x00000006e5c00000|  0%| F|  |TAMS 0x00000006e5b00000, 0x00000006e5b00000| Untracked 
|  92|0x00000006e5c00000, 0x00000006e5c00000, 0x00000006e5d00000|  0%| F|  |TAMS 0x00000006e5c00000, 0x00000006e5c00000| Untracked 
|  93|0x00000006e5d00000, 0x00000006e5d00000, 0x00000006e5e00000|  0%| F|  |TAMS 0x00000006e5d00000, 0x00000006e5d00000| Untracked 
|  94|0x00000006e5e00000, 0x00000006e5e00000, 0x00000006e5f00000|  0%| F|  |TAMS 0x00000006e5e00000, 0x00000006e5e00000| Untracked 
|  95|0x00000006e5f00000, 0x00000006e5f00000, 0x00000006e6000000|  0%| F|  |TAMS 0x00000006e5f00000, 0x00000006e5f00000| Untracked 
|  96|0x00000006e6000000, 0x00000006e6000000, 0x00000006e6100000|  0%| F|  |TAMS 0x00000006e6000000, 0x00000006e6000000| Untracked 
|  97|0x00000006e6100000, 0x00000006e6100000, 0x00000006e6200000|  0%| F|  |TAMS 0x00000006e6100000, 0x00000006e6100000| Untracked 
|  98|0x00000006e6200000, 0x00000006e6200000, 0x00000006e6300000|  0%| F|  |TAMS 0x00000006e6200000, 0x00000006e6200000| Untracked 
|  99|0x00000006e6300000, 0x00000006e6300000, 0x00000006e6400000|  0%| F|  |TAMS 0x00000006e6300000, 0x00000006e6300000| Untracked 
| 100|0x00000006e6400000, 0x00000006e6400000, 0x00000006e6500000|  0%| F|  |TAMS 0x00000006e6400000, 0x00000006e6400000| Untracked 
| 101|0x00000006e6500000, 0x00000006e6500000, 0x00000006e6600000|  0%| F|  |TAMS 0x00000006e6500000, 0x00000006e6500000| Untracked 
| 102|0x00000006e6600000, 0x00000006e6600000, 0x00000006e6700000|  0%| F|  |TAMS 0x00000006e6600000, 0x00000006e6600000| Untracked 
| 103|0x00000006e6700000, 0x00000006e6700000, 0x00000006e6800000|  0%| F|  |TAMS 0x00000006e6700000, 0x00000006e6700000| Untracked 
| 104|0x00000006e6800000, 0x00000006e6800000, 0x00000006e6900000|  0%| F|  |TAMS 0x00000006e6800000, 0x00000006e6800000| Untracked 
| 105|0x00000006e6900000, 0x00000006e6900000, 0x00000006e6a00000|  0%| F|  |TAMS 0x00000006e6900000, 0x00000006e6900000| Untracked 
| 106|0x00000006e6a00000, 0x00000006e6a00000, 0x00000006e6b00000|  0%| F|  |TAMS 0x00000006e6a00000, 0x00000006e6a00000| Untracked 
| 107|0x00000006e6b00000, 0x00000006e6b00000, 0x00000006e6c00000|  0%| F|  |TAMS 0x00000006e6b00000, 0x00000006e6b00000| Untracked 
| 108|0x00000006e6c00000, 0x00000006e6c00000, 0x00000006e6d00000|  0%| F|  |TAMS 0x00000006e6c00000, 0x00000006e6c00000| Untracked 
| 109|0x00000006e6d00000, 0x00000006e6d00000, 0x00000006e6e00000|  0%| F|  |TAMS 0x00000006e6d00000, 0x00000006e6d00000| Untracked 
| 110|0x00000006e6e00000, 0x00000006e6e00000, 0x00000006e6f00000|  0%| F|  |TAMS 0x00000006e6e00000, 0x00000006e6e00000| Untracked 
| 111|0x00000006e6f00000, 0x00000006e6f00000, 0x00000006e7000000|  0%| F|  |TAMS 0x00000006e6f00000, 0x00000006e6f00000| Untracked 
| 112|0x00000006e7000000, 0x00000006e7000000, 0x00000006e7100000|  0%| F|  |TAMS 0x00000006e7000000, 0x00000006e7000000| Untracked 
| 113|0x00000006e7100000, 0x00000006e7100000, 0x00000006e7200000|  0%| F|  |TAMS 0x00000006e7100000, 0x00000006e7100000| Untracked 
| 114|0x00000006e7200000, 0x00000006e7200000, 0x00000006e7300000|  0%| F|  |TAMS 0x00000006e7200000, 0x00000006e7200000| Untracked 
| 115|0x00000006e7300000, 0x00000006e7300000, 0x00000006e7400000|  0%| F|  |TAMS 0x00000006e7300000, 0x00000006e7300000| Untracked 
| 116|0x00000006e7400000, 0x00000006e7400000, 0x00000006e7500000|  0%| F|  |TAMS 0x00000006e7400000, 0x00000006e7400000| Untracked 
| 117|0x00000006e7500000, 0x00000006e7500000, 0x00000006e7600000|  0%| F|  |TAMS 0x00000006e7500000, 0x00000006e7500000| Untracked 
| 118|0x00000006e7600000, 0x00000006e7600000, 0x00000006e7700000|  0%| F|  |TAMS 0x00000006e7600000, 0x00000006e7600000| Untracked 
| 119|0x00000006e7700000, 0x00000006e7700000, 0x00000006e7800000|  0%| F|  |TAMS 0x00000006e7700000, 0x00000006e7700000| Untracked 
| 120|0x00000006e7800000, 0x00000006e7800000, 0x00000006e7900000|  0%| F|  |TAMS 0x00000006e7800000, 0x00000006e7800000| Untracked 
| 121|0x00000006e7900000, 0x00000006e7900000, 0x00000006e7a00000|  0%| F|  |TAMS 0x00000006e7900000, 0x00000006e7900000| Untracked 
| 122|0x00000006e7a00000, 0x00000006e7a00000, 0x00000006e7b00000|  0%| F|  |TAMS 0x00000006e7a00000, 0x00000006e7a00000| Untracked 
| 123|0x00000006e7b00000, 0x00000006e7b1aec0, 0x00000006e7c00000| 10%| S|CS|TAMS 0x00000006e7b00000, 0x00000006e7b00000| Complete 
| 124|0x00000006e7c00000, 0x00000006e7d00000, 0x00000006e7d00000|100%| S|CS|TAMS 0x00000006e7c00000, 0x00000006e7c00000| Complete 
| 125|0x00000006e7d00000, 0x00000006e7e00000, 0x00000006e7e00000|100%| S|CS|TAMS 0x00000006e7d00000, 0x00000006e7d00000| Complete 
| 126|0x00000006e7e00000, 0x00000006e7f00000, 0x00000006e7f00000|100%| S|CS|TAMS 0x00000006e7e00000, 0x00000006e7e00000| Complete 
| 127|0x00000006e7f00000, 0x00000006e8000000, 0x00000006e8000000|100%| S|CS|TAMS 0x00000006e7f00000, 0x00000006e7f00000| Complete 
| 128|0x00000006e8000000, 0x00000006e8100000, 0x00000006e8100000|100%| S|CS|TAMS 0x00000006e8000000, 0x00000006e8000000| Complete 
| 129|0x00000006e8100000, 0x00000006e8200000, 0x00000006e8200000|100%| S|CS|TAMS 0x00000006e8100000, 0x00000006e8100000| Complete 
| 130|0x00000006e8200000, 0x00000006e8300000, 0x00000006e8300000|100%| S|CS|TAMS 0x00000006e8200000, 0x00000006e8200000| Complete 
| 131|0x00000006e8300000, 0x00000006e8400000, 0x00000006e8400000|100%| S|CS|TAMS 0x00000006e8300000, 0x00000006e8300000| Complete 
| 132|0x00000006e8400000, 0x00000006e8500000, 0x00000006e8500000|100%| S|CS|TAMS 0x00000006e8400000, 0x00000006e8400000| Complete 
| 133|0x00000006e8500000, 0x00000006e8500000, 0x00000006e8600000|  0%| F|  |TAMS 0x00000006e8500000, 0x00000006e8500000| Untracked 
| 134|0x00000006e8600000, 0x00000006e8600000, 0x00000006e8700000|  0%| F|  |TAMS 0x00000006e8600000, 0x00000006e8600000| Untracked 
| 135|0x00000006e8700000, 0x00000006e8700000, 0x00000006e8800000|  0%| F|  |TAMS 0x00000006e8700000, 0x00000006e8700000| Untracked 
| 136|0x00000006e8800000, 0x00000006e8800000, 0x00000006e8900000|  0%| F|  |TAMS 0x00000006e8800000, 0x00000006e8800000| Untracked 
| 137|0x00000006e8900000, 0x00000006e8900000, 0x00000006e8a00000|  0%| F|  |TAMS 0x00000006e8900000, 0x00000006e8900000| Untracked 
| 138|0x00000006e8a00000, 0x00000006e8a00000, 0x00000006e8b00000|  0%| F|  |TAMS 0x00000006e8a00000, 0x00000006e8a00000| Untracked 
| 139|0x00000006e8b00000, 0x00000006e8b00000, 0x00000006e8c00000|  0%| F|  |TAMS 0x00000006e8b00000, 0x00000006e8b00000| Untracked 
| 140|0x00000006e8c00000, 0x00000006e8c00000, 0x00000006e8d00000|  0%| F|  |TAMS 0x00000006e8c00000, 0x00000006e8c00000| Untracked 
| 141|0x00000006e8d00000, 0x00000006e8d00000, 0x00000006e8e00000|  0%| F|  |TAMS 0x00000006e8d00000, 0x00000006e8d00000| Untracked 
| 142|0x00000006e8e00000, 0x00000006e8e00000, 0x00000006e8f00000|  0%| F|  |TAMS 0x00000006e8e00000, 0x00000006e8e00000| Untracked 
| 143|0x00000006e8f00000, 0x00000006e8f00000, 0x00000006e9000000|  0%| F|  |TAMS 0x00000006e8f00000, 0x00000006e8f00000| Untracked 
| 144|0x00000006e9000000, 0x00000006e9000000, 0x00000006e9100000|  0%| F|  |TAMS 0x00000006e9000000, 0x00000006e9000000| Untracked 
| 145|0x00000006e9100000, 0x00000006e9100000, 0x00000006e9200000|  0%| F|  |TAMS 0x00000006e9100000, 0x00000006e9100000| Untracked 
| 146|0x00000006e9200000, 0x00000006e9200000, 0x00000006e9300000|  0%| F|  |TAMS 0x00000006e9200000, 0x00000006e9200000| Untracked 
| 147|0x00000006e9300000, 0x00000006e9300000, 0x00000006e9400000|  0%| F|  |TAMS 0x00000006e9300000, 0x00000006e9300000| Untracked 
| 148|0x00000006e9400000, 0x00000006e9400000, 0x00000006e9500000|  0%| F|  |TAMS 0x00000006e9400000, 0x00000006e9400000| Untracked 
| 149|0x00000006e9500000, 0x00000006e9500000, 0x00000006e9600000|  0%| F|  |TAMS 0x00000006e9500000, 0x00000006e9500000| Untracked 
| 150|0x00000006e9600000, 0x00000006e9600000, 0x00000006e9700000|  0%| F|  |TAMS 0x00000006e9600000, 0x00000006e9600000| Untracked 
| 151|0x00000006e9700000, 0x00000006e9700000, 0x00000006e9800000|  0%| F|  |TAMS 0x00000006e9700000, 0x00000006e9700000| Untracked 
| 152|0x00000006e9800000, 0x00000006e9800000, 0x00000006e9900000|  0%| F|  |TAMS 0x00000006e9800000, 0x00000006e9800000| Untracked 
| 153|0x00000006e9900000, 0x00000006e9900000, 0x00000006e9a00000|  0%| F|  |TAMS 0x00000006e9900000, 0x00000006e9900000| Untracked 
| 154|0x00000006e9a00000, 0x00000006e9a00000, 0x00000006e9b00000|  0%| F|  |TAMS 0x00000006e9a00000, 0x00000006e9a00000| Untracked 
| 155|0x00000006e9b00000, 0x00000006e9b00000, 0x00000006e9c00000|  0%| F|  |TAMS 0x00000006e9b00000, 0x00000006e9b00000| Untracked 
| 156|0x00000006e9c00000, 0x00000006e9c00000, 0x00000006e9d00000|  0%| F|  |TAMS 0x00000006e9c00000, 0x00000006e9c00000| Untracked 
| 157|0x00000006e9d00000, 0x00000006e9d00000, 0x00000006e9e00000|  0%| F|  |TAMS 0x00000006e9d00000, 0x00000006e9d00000| Untracked 
| 158|0x00000006e9e00000, 0x00000006e9e00000, 0x00000006e9f00000|  0%| F|  |TAMS 0x00000006e9e00000, 0x00000006e9e00000| Untracked 
| 159|0x00000006e9f00000, 0x00000006e9f00000, 0x00000006ea000000|  0%| F|  |TAMS 0x00000006e9f00000, 0x00000006e9f00000| Untracked 
| 160|0x00000006ea000000, 0x00000006ea000000, 0x00000006ea100000|  0%| F|  |TAMS 0x00000006ea000000, 0x00000006ea000000| Untracked 
| 161|0x00000006ea100000, 0x00000006ea100000, 0x00000006ea200000|  0%| F|  |TAMS 0x00000006ea100000, 0x00000006ea100000| Untracked 
| 162|0x00000006ea200000, 0x00000006ea200000, 0x00000006ea300000|  0%| F|  |TAMS 0x00000006ea200000, 0x00000006ea200000| Untracked 
| 163|0x00000006ea300000, 0x00000006ea300000, 0x00000006ea400000|  0%| F|  |TAMS 0x00000006ea300000, 0x00000006ea300000| Untracked 
| 164|0x00000006ea400000, 0x00000006ea400000, 0x00000006ea500000|  0%| F|  |TAMS 0x00000006ea400000, 0x00000006ea400000| Untracked 
| 165|0x00000006ea500000, 0x00000006ea500000, 0x00000006ea600000|  0%| F|  |TAMS 0x00000006ea500000, 0x00000006ea500000| Untracked 
| 166|0x00000006ea600000, 0x00000006ea600000, 0x00000006ea700000|  0%| F|  |TAMS 0x00000006ea600000, 0x00000006ea600000| Untracked 
| 167|0x00000006ea700000, 0x00000006ea700000, 0x00000006ea800000|  0%| F|  |TAMS 0x00000006ea700000, 0x00000006ea700000| Untracked 
| 168|0x00000006ea800000, 0x00000006ea800000, 0x00000006ea900000|  0%| F|  |TAMS 0x00000006ea800000, 0x00000006ea800000| Untracked 
| 169|0x00000006ea900000, 0x00000006ea900000, 0x00000006eaa00000|  0%| F|  |TAMS 0x00000006ea900000, 0x00000006ea900000| Untracked 
| 170|0x00000006eaa00000, 0x00000006eaa00000, 0x00000006eab00000|  0%| F|  |TAMS 0x00000006eaa00000, 0x00000006eaa00000| Untracked 
| 171|0x00000006eab00000, 0x00000006eab00000, 0x00000006eac00000|  0%| F|  |TAMS 0x00000006eab00000, 0x00000006eab00000| Untracked 
| 172|0x00000006eac00000, 0x00000006eac00000, 0x00000006ead00000|  0%| F|  |TAMS 0x00000006eac00000, 0x00000006eac00000| Untracked 
| 173|0x00000006ead00000, 0x00000006ead00000, 0x00000006eae00000|  0%| F|  |TAMS 0x00000006ead00000, 0x00000006ead00000| Untracked 
| 174|0x00000006eae00000, 0x00000006eae00000, 0x00000006eaf00000|  0%| F|  |TAMS 0x00000006eae00000, 0x00000006eae00000| Untracked 
| 175|0x00000006eaf00000, 0x00000006eaf00000, 0x00000006eb000000|  0%| F|  |TAMS 0x00000006eaf00000, 0x00000006eaf00000| Untracked 
| 176|0x00000006eb000000, 0x00000006eb000000, 0x00000006eb100000|  0%| F|  |TAMS 0x00000006eb000000, 0x00000006eb000000| Untracked 
| 177|0x00000006eb100000, 0x00000006eb100000, 0x00000006eb200000|  0%| F|  |TAMS 0x00000006eb100000, 0x00000006eb100000| Untracked 
| 178|0x00000006eb200000, 0x00000006eb200000, 0x00000006eb300000|  0%| F|  |TAMS 0x00000006eb200000, 0x00000006eb200000| Untracked 
| 179|0x00000006eb300000, 0x00000006eb300000, 0x00000006eb400000|  0%| F|  |TAMS 0x00000006eb300000, 0x00000006eb300000| Untracked 
| 180|0x00000006eb400000, 0x00000006eb400000, 0x00000006eb500000|  0%| F|  |TAMS 0x00000006eb400000, 0x00000006eb400000| Untracked 
| 181|0x00000006eb500000, 0x00000006eb500000, 0x00000006eb600000|  0%| F|  |TAMS 0x00000006eb500000, 0x00000006eb500000| Untracked 
| 182|0x00000006eb600000, 0x00000006eb600000, 0x00000006eb700000|  0%| F|  |TAMS 0x00000006eb600000, 0x00000006eb600000| Untracked 
| 183|0x00000006eb700000, 0x00000006eb700000, 0x00000006eb800000|  0%| F|  |TAMS 0x00000006eb700000, 0x00000006eb700000| Untracked 
| 184|0x00000006eb800000, 0x00000006eb800000, 0x00000006eb900000|  0%| F|  |TAMS 0x00000006eb800000, 0x00000006eb800000| Untracked 
| 185|0x00000006eb900000, 0x00000006eb900000, 0x00000006eba00000|  0%| F|  |TAMS 0x00000006eb900000, 0x00000006eb900000| Untracked 
| 186|0x00000006eba00000, 0x00000006eba00000, 0x00000006ebb00000|  0%| F|  |TAMS 0x00000006eba00000, 0x00000006eba00000| Untracked 
| 187|0x00000006ebb00000, 0x00000006ebb00000, 0x00000006ebc00000|  0%| F|  |TAMS 0x00000006ebb00000, 0x00000006ebb00000| Untracked 
| 188|0x00000006ebc00000, 0x00000006ebc00000, 0x00000006ebd00000|  0%| F|  |TAMS 0x00000006ebc00000, 0x00000006ebc00000| Untracked 
| 189|0x00000006ebd00000, 0x00000006ebd00000, 0x00000006ebe00000|  0%| F|  |TAMS 0x00000006ebd00000, 0x00000006ebd00000| Untracked 
| 190|0x00000006ebe00000, 0x00000006ebe00000, 0x00000006ebf00000|  0%| F|  |TAMS 0x00000006ebe00000, 0x00000006ebe00000| Untracked 
| 191|0x00000006ebf00000, 0x00000006ebf00000, 0x00000006ec000000|  0%| F|  |TAMS 0x00000006ebf00000, 0x00000006ebf00000| Untracked 

Card table byte_map: [0x000001f1e83e0000,0x000001f1e8ce0000] _byte_map_base: 0x000001f1e4ce0000

Marking Bits (Prev, Next): (CMBitMap*) 0x000001f1cf2177c8, (CMBitMap*) 0x000001f1cf217800
 Prev Bits: [0x000001f1e95e0000, 0x000001f1edde0000)
 Next Bits: [0x000001f1edde0000, 0x000001f1f25e0000)

Polling page: 0x000001f1cf290000

Metaspace:

Usage:
  Non-class:     14.70 MB capacity,    14.47 MB ( 98%) used,   206.33 KB (  1%) free+waste,    27.63 KB ( <1%) overhead. 
      Class:      2.13 MB capacity,     1.97 MB ( 93%) used,   143.22 KB (  7%) free+waste,    14.19 KB ( <1%) overhead. 
       Both:     16.83 MB capacity,    16.44 MB ( 98%) used,   349.55 KB (  2%) free+waste,    41.81 KB ( <1%) overhead. 

Virtual space:
  Non-class space:       24.00 MB reserved,      14.75 MB ( 61%) committed 
      Class space:        1.00 GB reserved,       2.25 MB ( <1%) committed 
             Both:        1.02 GB reserved,      17.00 MB (  2%) committed 

Chunk freelists:
   Non-Class:  6.50 KB
       Class:  3.63 KB
        Both:  10.13 KB

CodeHeap 'non-profiled nmethods': size=120000Kb used=741Kb max_used=741Kb free=119259Kb
 bounds [0x000001f1dfb50000, 0x000001f1dfdc0000, 0x000001f1e7080000]
CodeHeap 'profiled nmethods': size=120000Kb used=3521Kb max_used=3521Kb free=116478Kb
 bounds [0x000001f1d8620000, 0x000001f1d89a0000, 0x000001f1dfb50000]
CodeHeap 'non-nmethods': size=5760Kb used=1121Kb max_used=1136Kb free=4639Kb
 bounds [0x000001f1d8080000, 0x000001f1d82f0000, 0x000001f1d8620000]
 total_blobs=2142 nmethods=1701 adapters=353
 compilation: enabled
              stopped_count=0, restarted_count=0
 full_count=0

Compilation events (10 events):
Event: 2.187 Thread 0x000001f1f5a43800 1699       1       java.util.concurrent.locks.AbstractOwnableSynchronizer::getExclusiveOwnerThread (5 bytes)
Event: 2.187 Thread 0x000001f1f5a43800 nmethod 1699 0x000001f1dfc08a10 code [0x000001f1dfc08ba0, 0x000001f1dfc08c58]
Event: 2.188 Thread 0x000001f1f5a43800 1701       3       java.lang.StringBuilder::append (10 bytes)
Event: 2.188 Thread 0x000001f1f5a43800 nmethod 1701 0x000001f1d898f510 code [0x000001f1d898f6e0, 0x000001f1d898f928]
Event: 2.188 Thread 0x000001f1f5a43800 1702       3       java.lang.AbstractStringBuilder::append (33 bytes)
Event: 2.188 Thread 0x000001f1f5a43800 nmethod 1702 0x000001f1d898fa90 code [0x000001f1d898fc40, 0x000001f1d898fe28]
Event: 2.188 Thread 0x000001f1f5a43800 1704       3       java.lang.invoke.MemberName::<init> (47 bytes)
Event: 2.189 Thread 0x000001f1f5a43800 nmethod 1704 0x000001f1d898ff90 code [0x000001f1d8990160, 0x000001f1d8990478]
Event: 2.192 Thread 0x000001f1f5a43800 1705       1       sun.reflect.generics.tree.SimpleClassTypeSignature::getTypeArguments (5 bytes)
Event: 2.192 Thread 0x000001f1f5a43800 nmethod 1705 0x000001f1dfc09110 code [0x000001f1dfc092a0, 0x000001f1dfc09358]

GC Heap History (4 events):
Event: 0.738 GC heap before
{Heap before GC invocations=0 (full 0):
 garbage-first heap   total 196608K, used 29696K [0x00000006e0000000, 0x0000000800000000)
  region size 1024K, 24 young (24576K), 0 survivors (0K)
 Metaspace       used 10600K, capacity 10878K, committed 11008K, reserved 1058816K
  class space    used 1118K, capacity 1200K, committed 1280K, reserved 1048576K
}
Event: 0.746 GC heap after
{Heap after GC invocations=1 (full 0):
 garbage-first heap   total 196608K, used 8562K [0x00000006e0000000, 0x0000000800000000)
  region size 1024K, 3 young (3072K), 3 survivors (3072K)
 Metaspace       used 10600K, capacity 10878K, committed 11008K, reserved 1058816K
  class space    used 1118K, capacity 1200K, committed 1280K, reserved 1048576K
}
Event: 2.193 GC heap before
{Heap before GC invocations=1 (full 0):
 garbage-first heap   total 196608K, used 63858K [0x00000006e0000000, 0x0000000800000000)
  region size 1024K, 59 young (60416K), 3 survivors (3072K)
 Metaspace       used 16839K, capacity 17231K, committed 17408K, reserved 1071104K
  class space    used 2021K, capacity 2179K, committed 2304K, reserved 1048576K
}
Event: 2.200 GC heap after
{Heap after GC invocations=2 (full 0):
 garbage-first heap   total 196608K, used 14814K [0x00000006e0000000, 0x0000000800000000)
  region size 1024K, 10 young (10240K), 10 survivors (10240K)
 Metaspace       used 16839K, capacity 17231K, committed 17408K, reserved 1071104K
  class space    used 2021K, capacity 2179K, committed 2304K, reserved 1048576K
}

Deoptimization events (10 events):
Event: 1.507 Thread 0x000001f1cf1ac000 Uncommon trap: reason=bimorphic_or_optimized_type_check action=maybe_recompile pc=0x000001f1dfbaece4 method=java.util.AbstractList$Itr.next()Ljava/lang/Object; @ 14 c2
Event: 1.698 Thread 0x000001f1cf1ac000 Uncommon trap: reason=unstable_if action=reinterpret pc=0x000001f1dfb96154 method=java.io.WinNTFileSystem.normalize(Ljava/lang/String;)Ljava/lang/String; @ 128 c2
Event: 1.969 Thread 0x000001f1cf1ac000 Uncommon trap: reason=bimorphic_or_optimized_type_check action=maybe_recompile pc=0x000001f1dfbae924 method=java.util.AbstractList$Itr.hasNext()Z @ 8 c2
Event: 1.969 Thread 0x000001f1cf1ac000 Uncommon trap: reason=bimorphic_or_optimized_type_check action=maybe_recompile pc=0x000001f1dfbaece4 method=java.util.AbstractList$Itr.next()Ljava/lang/Object; @ 14 c2
Event: 2.028 Thread 0x000001f1f754c000 Uncommon trap: reason=bimorphic_or_optimized_type_check action=maybe_recompile pc=0x000001f1dfbae924 method=java.util.AbstractList$Itr.hasNext()Z @ 8 c2
Event: 2.028 Thread 0x000001f1f754c000 Uncommon trap: reason=bimorphic_or_optimized_type_check action=maybe_recompile pc=0x000001f1dfbaece4 method=java.util.AbstractList$Itr.next()Ljava/lang/Object; @ 14 c2
Event: 2.074 Thread 0x000001f1f7397000 Uncommon trap: reason=bimorphic_or_optimized_type_check action=maybe_recompile pc=0x000001f1dfbbbc7c method=java.util.HashMap.putVal(ILjava/lang/Object;Ljava/lang/Object;ZZ)Ljava/lang/Object; @ 253 c2
Event: 2.075 Thread 0x000001f1f7397000 Uncommon trap: reason=bimorphic_or_optimized_type_check action=maybe_recompile pc=0x000001f1dfbbbc7c method=java.util.HashMap.putVal(ILjava/lang/Object;Ljava/lang/Object;ZZ)Ljava/lang/Object; @ 253 c2
Event: 2.075 Thread 0x000001f1f7397000 Uncommon trap: reason=bimorphic_or_optimized_type_check action=maybe_recompile pc=0x000001f1dfbbbc7c method=java.util.HashMap.putVal(ILjava/lang/Object;Ljava/lang/Object;ZZ)Ljava/lang/Object; @ 253 c2
Event: 2.075 Thread 0x000001f1f7397000 Uncommon trap: reason=bimorphic_or_optimized_type_check action=maybe_recompile pc=0x000001f1dfbbbc7c method=java.util.HashMap.putVal(ILjava/lang/Object;Ljava/lang/Object;ZZ)Ljava/lang/Object; @ 253 c2

Classes redefined (0 events):
No events

Internal exceptions (10 events):
Event: 1.380 Thread 0x000001f1cf1ac000 Exception <a 'java/lang/NoSuchMethodError'{0x00000006e98e8e60}: java.lang.invoke.DirectMethodHandle$Holder.invokeStaticInit(Ljava/lang/Object;Ljava/lang/Object;Ljava/lang/Object;)Ljava/lang/Object;> (0x00000006e98e8e60) thrown at [./open/src/hotspot/share
Event: 1.442 Thread 0x000001f1cf1ac000 Exception <a 'java/lang/NoSuchMethodError'{0x00000006e9548490}: java.lang.invoke.Invokers$Holder.invoker(Ljava/lang/Object;Ljava/lang/Object;Ljava/lang/Object;Ljava/lang/Object;Ljava/lang/Object;)Ljava/lang/Object;> (0x00000006e9548490) thrown at [./open/
Event: 1.445 Thread 0x000001f1cf1ac000 Exception <a 'java/lang/NoSuchMethodError'{0x00000006e9559408}: java.lang.invoke.DelegatingMethodHandle$Holder.delegate(Ljava/lang/Object;Ljava/lang/Object;ILjava/lang/Object;)V> (0x00000006e9559408) thrown at [./open/src/hotspot/share/interpreter/linkRes
Event: 1.513 Thread 0x000001f1cf1ac000 Exception <a 'java/lang/NoSuchMethodError'{0x00000006e9284ed0}: java.lang.invoke.DirectMethodHandle$Holder.invokeStaticInit(Ljava/lang/Object;IIII)Ljava/lang/Object;> (0x00000006e9284ed0) thrown at [./open/src/hotspot/share/interpreter/linkResolver.cpp, l
Event: 1.703 Thread 0x000001f1cf1ac000 Exception <a 'java/lang/NoSuchMethodError'{0x00000006e92b5900}: java.lang.invoke.DirectMethodHandle$Holder.invokeStaticInit(Ljava/lang/Object;Ljava/lang/Object;IIII)Ljava/lang/Object;> (0x00000006e92b5900) thrown at [./open/src/hotspot/share/interpreter/l
Event: 2.001 Thread 0x000001f1cf1ac000 Exception <a 'java/io/IOException'{0x00000006e8f0b078}> (0x00000006e8f0b078) thrown at [./open/src/hotspot/share/prims/jni.cpp, line 611]
Event: 2.110 Thread 0x000001f1f7397000 Exception <a 'java/lang/NoSuchMethodError'{0x00000006e8b47490}: java.lang.invoke.DelegatingMethodHandle$Holder.reinvoke_L(Ljava/lang/Object;Ljava/lang/Object;Ljava/lang/Object;Ljava/lang/Object;)V> (0x00000006e8b47490) thrown at [./open/src/hotspot/share/
Event: 2.115 Thread 0x000001f1f7397000 Exception <a 'java/lang/NoSuchMethodError'{0x00000006e8b7dbb8}: java.lang.invoke.DirectMethodHandle$Holder.invokeInterface(Ljava/lang/Object;Ljava/lang/Object;)J> (0x00000006e8b7dbb8) thrown at [./open/src/hotspot/share/interpreter/linkResolver.cpp, line 
Event: 2.118 Thread 0x000001f1f7397000 Exception <a 'java/lang/NoSuchMethodError'{0x00000006e8b9e298}: java.lang.invoke.DelegatingMethodHandle$Holder.reinvoke_L(Ljava/lang/Object;Ljava/lang/Object;Ljava/lang/Object;Ljava/lang/Object;Ljava/lang/Object;Ljava/lang/Object;Ljava/lang/Object;)V> (0x
Event: 2.188 Thread 0x000001f1f7397000 Exception <a 'java/lang/NoSuchMethodError'{0x00000006e8510230}: java.lang.invoke.DirectMethodHandle$Holder.invokeVirtual(Ljava/lang/Object;Ljava/lang/Object;Ljava/lang/Object;)Ljava/lang/Object;> (0x00000006e8510230) thrown at [./open/src/hotspot/share/in

Events (10 events):
Event: 2.191 Executing VM operation: CollectForMetadataAllocation done
Event: 2.191 loading class org/gradle/vcs/internal/VcsResolver
Event: 2.191 loading class org/gradle/vcs/internal/VcsResolver done
Event: 2.191 loading class org/gradle/vcs/internal/resolver/VcsVersionSelectionCache
Event: 2.191 loading class org/gradle/vcs/internal/resolver/VcsVersionSelectionCache done
Event: 2.192 loading class org/gradle/api/internal/artifacts/DependencyManagementBuildTreeScopeServices
Event: 2.192 loading class org/gradle/api/internal/artifacts/DependencyManagementBuildTreeScopeServices done
Event: 2.193 loading class org/gradle/api/internal/artifacts/ivyservice/resolveengine/store/ResolutionResultsStoreFactory
Event: 2.193 loading class org/gradle/api/internal/artifacts/ivyservice/resolveengine/store/ResolutionResultsStoreFactory done
Event: 2.193 Executing VM operation: CollectForMetadataAllocation


Dynamic libraries:
0x00007ff7c3530000 - 0x00007ff7c353f000 	C:\Program Files\Java\jdk-11.0.17\bin\java.exe
0x00007ffbca9b0000 - 0x00007ffbcaba8000 	C:\WINDOWS\SYSTEM32\ntdll.dll
0x00007ffbc8c20000 - 0x00007ffbc8cdf000 	C:\WINDOWS\System32\KERNEL32.DLL
0x00007ffbc8310000 - 0x00007ffbc85e2000 	C:\WINDOWS\System32\KERNELBASE.dll
0x00007ffbc80d0000 - 0x00007ffbc81d0000 	C:\WINDOWS\System32\ucrtbase.dll
0x00007ffbb1520000 - 0x00007ffbb1538000 	C:\Program Files\Java\jdk-11.0.17\bin\jli.dll
0x00007ffbc1900000 - 0x00007ffbc1915000 	C:\Program Files\Java\jdk-11.0.17\bin\VCRUNTIME140.dll
0x00007ffbc9f80000 - 0x00007ffbca02e000 	C:\WINDOWS\System32\ADVAPI32.dll
0x00007ffbc9740000 - 0x00007ffbc97de000 	C:\WINDOWS\System32\msvcrt.dll
0x00007ffbc89f0000 - 0x00007ffbc8a8c000 	C:\WINDOWS\System32\sechost.dll
0x00007ffbc8af0000 - 0x00007ffbc8c15000 	C:\WINDOWS\System32\RPCRT4.dll
0x00007ffbc94b0000 - 0x00007ffbc9651000 	C:\WINDOWS\System32\USER32.dll
0x00007ffbba870000 - 0x00007ffbbab0a000 	C:\WINDOWS\WinSxS\amd64_microsoft.windows.common-controls_6595b64144ccf1df_6.0.19041.1110_none_60b5254171f9507e\COMCTL32.dll
0x00007ffbc80a0000 - 0x00007ffbc80c2000 	C:\WINDOWS\System32\win32u.dll
0x00007ffbc9000000 - 0x00007ffbc902b000 	C:\WINDOWS\System32\GDI32.dll
0x00007ffbc81d0000 - 0x00007ffbc82df000 	C:\WINDOWS\System32\gdi32full.dll
0x00007ffbc87c0000 - 0x00007ffbc885d000 	C:\WINDOWS\System32\msvcp_win.dll
0x00007ffbbfa40000 - 0x00007ffbbfa4a000 	C:\WINDOWS\SYSTEM32\VERSION.dll
0x00007ffbca180000 - 0x00007ffbca1b2000 	C:\WINDOWS\System32\IMM32.DLL
0x00007ffbae6c0000 - 0x00007ffbae75b000 	C:\Program Files\Java\jdk-11.0.17\bin\msvcp140.dll
0x00007ffb69220000 - 0x00007ffb69d3a000 	C:\Program Files\Java\jdk-11.0.17\bin\server\jvm.dll
0x00007ffbc8d90000 - 0x00007ffbc8d98000 	C:\WINDOWS\System32\PSAPI.DLL
0x00007ffbb3090000 - 0x00007ffbb3099000 	C:\WINDOWS\SYSTEM32\WSOCK32.dll
0x00007ffbbf620000 - 0x00007ffbbf647000 	C:\WINDOWS\SYSTEM32\WINMM.dll
0x00007ffbc99b0000 - 0x00007ffbc9a1b000 	C:\WINDOWS\System32\WS2_32.dll
0x00007ffbc5f80000 - 0x00007ffbc5f92000 	C:\WINDOWS\SYSTEM32\kernel.appcore.dll
0x00007ffbb1510000 - 0x00007ffbb1520000 	C:\Program Files\Java\jdk-11.0.17\bin\verify.dll
0x00007ffbb5df0000 - 0x00007ffbb5fd4000 	C:\WINDOWS\SYSTEM32\DBGHELP.DLL
0x00007ffbb6a60000 - 0x00007ffbb6a95000 	C:\WINDOWS\SYSTEM32\dbgcore.DLL
0x00007ffbc8960000 - 0x00007ffbc89e2000 	C:\WINDOWS\System32\bcryptPrimitives.dll
0x00007ffbae690000 - 0x00007ffbae6b8000 	C:\Program Files\Java\jdk-11.0.17\bin\java.dll
0x00007ffbb1500000 - 0x00007ffbb150a000 	C:\Program Files\Java\jdk-11.0.17\bin\jimage.dll
0x00007ffbb0610000 - 0x00007ffbb0626000 	C:\Program Files\Java\jdk-11.0.17\bin\zip.dll
0x00007ffbca1c0000 - 0x00007ffbca904000 	C:\WINDOWS\System32\SHELL32.dll
0x00007ffbc6180000 - 0x00007ffbc6912000 	C:\WINDOWS\SYSTEM32\windows.storage.dll
0x00007ffbc9030000 - 0x00007ffbc9385000 	C:\WINDOWS\System32\combase.dll
0x00007ffbc7a20000 - 0x00007ffbc7a50000 	C:\WINDOWS\SYSTEM32\Wldp.dll
0x00007ffbc8f50000 - 0x00007ffbc8ffd000 	C:\WINDOWS\System32\SHCORE.dll
0x00007ffbc9f20000 - 0x00007ffbc9f75000 	C:\WINDOWS\System32\shlwapi.dll
0x00007ffbc7fe0000 - 0x00007ffbc7fff000 	C:\WINDOWS\SYSTEM32\profapi.dll
0x00007ffbb0530000 - 0x00007ffbb0549000 	C:\Program Files\Java\jdk-11.0.17\bin\net.dll
0x00007ffbbfc70000 - 0x00007ffbbfd7c000 	C:\WINDOWS\SYSTEM32\WINHTTP.dll
0x00007ffbc7780000 - 0x00007ffbc77ea000 	C:\WINDOWS\system32\mswsock.dll
0x00007ffbae670000 - 0x00007ffbae682000 	C:\Program Files\Java\jdk-11.0.17\bin\nio.dll
0x00007ffbae640000 - 0x00007ffbae66a000 	C:\Users\sbpci\.gradle\native\36\windows-amd64\native-platform.dll
0x00007ffbb0270000 - 0x00007ffbb0279000 	C:\Program Files\Java\jdk-11.0.17\bin\management.dll
0x00007ffbb0000000 - 0x00007ffbb000b000 	C:\Program Files\Java\jdk-11.0.17\bin\management_ext.dll
0x00007ffbc7980000 - 0x00007ffbc7998000 	C:\WINDOWS\SYSTEM32\CRYPTSP.dll
0x00007ffbc70a0000 - 0x00007ffbc70d4000 	C:\WINDOWS\system32\rsaenh.dll
0x00007ffbc82e0000 - 0x00007ffbc8307000 	C:\WINDOWS\System32\bcrypt.dll
0x00007ffbc7f60000 - 0x00007ffbc7f8e000 	C:\WINDOWS\SYSTEM32\USERENV.dll
0x00007ffbc7970000 - 0x00007ffbc797c000 	C:\WINDOWS\SYSTEM32\CRYPTBASE.dll
0x00007ffbc7470000 - 0x00007ffbc74ab000 	C:\WINDOWS\SYSTEM32\IPHLPAPI.DLL
0x00007ffbc99a0000 - 0x00007ffbc99a8000 	C:\WINDOWS\System32\NSI.dll
0x00007ffbc0160000 - 0x00007ffbc0177000 	C:\WINDOWS\SYSTEM32\dhcpcsvc6.DLL
0x00007ffbc0a50000 - 0x00007ffbc0a6d000 	C:\WINDOWS\SYSTEM32\dhcpcsvc.DLL
0x00007ffbc74b0000 - 0x00007ffbc757a000 	C:\WINDOWS\SYSTEM32\DNSAPI.dll

dbghelp: loaded successfully - version: 4.0.5 - missing functions: none
symbol engine: initialized successfully - sym options: 0x614 - pdb path: .;C:\Program Files\Java\jdk-11.0.17\bin;C:\WINDOWS\SYSTEM32;C:\WINDOWS\WinSxS\amd64_microsoft.windows.common-controls_6595b64144ccf1df_6.0.19041.1110_none_60b5254171f9507e;C:\Program Files\Java\jdk-11.0.17\bin\server;C:\Users\sbpci\.gradle\native\36\windows-amd64

VM Arguments:
jvm_args: -XX:MaxPermSize=512m -XX:+HeapDumpOnOutOfMemoryError --add-opens=java.base/java.util=ALL-UNNAMED --add-opens=java.base/java.lang=ALL-UNNAMED --add-opens=java.base/java.lang.invoke=ALL-UNNAMED --add-opens=java.prefs/java.util.prefs=ALL-UNNAMED -Xmx4608m -Dfile.encoding=UTF-8 -Duser.country=PH -Duser.language=en -Duser.variant 
java_command: org.gradle.launcher.daemon.bootstrap.GradleDaemon 6.2
java_class_path (initial): C:\Users\sbpci\.gradle\wrapper\dists\gradle-6.2-all\dvufqs6kielxeao781pmk5huj\gradle-6.2\lib\gradle-launcher-6.2.jar
Launcher Type: SUN_STANDARD

[Global flags]
     intx CICompilerCount                          = 4                                         {product} {ergonomic}
     uint ConcGCThreads                            = 2                                         {product} {ergonomic}
     uint G1ConcRefinementThreads                  = 8                                         {product} {ergonomic}
   size_t G1HeapRegionSize                         = 1048576                                   {product} {ergonomic}
    uintx GCDrainStackTargetSize                   = 64                                        {product} {ergonomic}
     bool HeapDumpOnOutOfMemoryError               = true                                   {manageable} {command line}
   size_t InitialHeapSize                          = 201326592                                 {product} {ergonomic}
   size_t MarkStackSize                            = 4194304                                   {product} {ergonomic}
   size_t MaxHeapSize                              = 4831838208                                {product} {command line}
   size_t MaxNewSize                               = 2898264064                                {product} {ergonomic}
   size_t MinHeapDeltaBytes                        = 1048576                                   {product} {ergonomic}
    uintx NonNMethodCodeHeapSize                   = 5836300                                {pd product} {ergonomic}
    uintx NonProfiledCodeHeapSize                  = 122910970                              {pd product} {ergonomic}
    uintx ProfiledCodeHeapSize                     = 122910970                              {pd product} {ergonomic}
    uintx ReservedCodeCacheSize                    = 251658240                              {pd product} {ergonomic}
     bool SegmentedCodeCache                       = true                                      {product} {ergonomic}
     bool UseCompressedClassPointers               = true                                 {lp64_product} {ergonomic}
     bool UseCompressedOops                        = true                                 {lp64_product} {ergonomic}
     bool UseG1GC                                  = true                                      {product} {ergonomic}
     bool UseLargePagesIndividualAllocation        = false                                  {pd product} {ergonomic}

Logging:
Log output configuration:
 #0: stdout all=warning uptime,level,tags
 #1: stderr all=off uptime,level,tags

Environment Variables:
JAVA_HOME=C:\Program Files\Java\jdk-11.0.17
CLASSPATH=C:\Users\sbpci\MTop\android\\gradle\wrapper\gradle-wrapper.jar
PATH=C:\Users\sbpci\MTop\android\node_modules\.bin;C:\Users\sbpci\MTop\node_modules\.bin;C:\Users\sbpci\node_modules\.bin;C:\Users\node_modules\.bin;C:\node_modules\.bin;C:\Program Files\nodejs;C:\Users\sbpci\MTop\node_modules\.bin;C:\Users\sbpci\node_modules\.bin;C:\Users\node_modules\.bin;C:\node_modules\.bin;C:\Users\sbpci\AppData\Roaming\nvm\v16.13.0\node_modules\npm\node_modules\@npmcli\run-script\lib\node-gyp-bin;C:\Program Files\Common Files\Oracle\Java\javapath;C:\WINDOWS\system32;C:\WINDOWS;C:\WINDOWS\System32\Wbem;C:\WINDOWS\System32\WindowsPowerShell\v1.0\;C:\WINDOWS\System32\OpenSSH\;C:\ProgramData\chocolatey\bin;C:\Program Files\Java\jdk-11.0.17\bin;C:\Program Files\Git\cmd;C:\Users\sbpci\AppData\Roaming\nvm;C:\Program Files\nodejs;;C:\Program Files\Git LFS;C:\Users\sbpci\AppData\Local\Microsoft\WindowsApps;C:\Users\sbpci\AppData\Roaming\npm;C:\Users\sbpci\AppData\Local\Android\Sdk\platform-tools;C:\Users\sbpci\AppData\Local\Programs\Microsoft VS Code\bin;C:\Users\sbpci\AppData\Roaming\nvm;C:\Program Files\nodejs;C:\Users\sbpci\MTop\node_modules\.bin
USERNAME=sbpci
OS=Windows_NT
PROCESSOR_IDENTIFIER=Intel64 Family 6 Model 58 Stepping 9, GenuineIntel



---------------  S Y S T E M  ---------------

OS: Windows 10 , 64 bit Build 19041 (10.0.19041.2364)

CPU:total 8 (initial active 8) (4 cores per cpu, 2 threads per core) family 6 model 58 stepping 9 microcode 0x21, cmov, cx8, fxsr, mmx, sse, sse2, sse3, ssse3, sse4.1, sse4.2, popcnt, avx, aes, clmul, erms, ht, tsc, tscinvbit, tscinv

Memory: 4k page, system-wide physical 12162M (3437M free)
TotalPageFile size 49026M (AvailPageFile size 2M)
current process WorkingSet (physical memory assigned to process): 153M, peak: 153M
current process commit charge ("private bytes"): 317M, peak: 318M

vm_info: Java HotSpot(TM) 64-Bit Server VM (11.0.17+10-LTS-269) for windows-amd64 JRE (11.0.17+10-LTS-269), built on Sep 13 2022 19:26:37 by "mach5one" with MS VC++ 15.9 (VS2017)

END.
