#
# There is insufficient memory for the Java Runtime Environment to continue.
# Native memory allocation (malloc) failed to allocate 1040976 bytes for Chunk::new
# Possible reasons:
#   The system is out of physical RAM or swap space
#   The process is running with CompressedOops enabled, and the Java Heap may be blocking the growth of the native heap
# Possible solutions:
#   Reduce memory load on the system
#   Increase physical memory or swap space
#   Check if swap backing store is full
#   Decrease Java heap size (-Xmx/-Xms)
#   Decrease number of Java threads
#   Decrease Java thread stack sizes (-Xss)
#   Set larger code cache with -XX:ReservedCodeCacheSize=
#   JVM is running with Zero Based Compressed Oops mode in which the Java heap is
#     placed in the first 32GB address space. The Java Heap base address is the
#     maximum limit for the native heap growth. Please use -XX:HeapBaseMinAddress
#     to set the Java Heap base and to place the Java Heap above 32GB virtual address.
# This output file may be truncated or incomplete.
#
#  Out of Memory Error (./open/src/hotspot/share/memory/arena.cpp:197), pid=7032, tid=16540
#
# JRE version: Java(TM) SE Runtime Environment 18.9 (11.0.17+10) (build 11.0.17+10-LTS-269)
# Java VM: Java HotSpot(TM) 64-Bit Server VM 18.9 (11.0.17+10-LTS-269, mixed mode, tiered, compressed oops, g1 gc, windows-amd64)
# No core dump will be written. Minidumps are not enabled by default on client versions of Windows
#

---------------  S U M M A R Y ------------

Command Line: -XX:MaxPermSize=512m -XX:+HeapDumpOnOutOfMemoryError --add-opens=java.base/java.util=ALL-UNNAMED --add-opens=java.base/java.lang=ALL-UNNAMED --add-opens=java.base/java.lang.invoke=ALL-UNNAMED --add-opens=java.prefs/java.util.prefs=ALL-UNNAMED -Xmx4608m -Dfile.encoding=UTF-8 -Duser.country=PH -Duser.language=en -Duser.variant org.gradle.launcher.daemon.bootstrap.GradleDaemon 6.2

Host: Intel(R) Core(TM) i7-3770 CPU @ 3.40GHz, 8 cores, 11G,  Windows 10 , 64 bit Build 19041 (10.0.19041.2364)
Time: Thu Feb  9 21:16:07 2023 Malay Peninsula Standard Time elapsed time: 3.684851 seconds (0d 0h 0m 3s)

---------------  T H R E A D  ---------------

Current thread (0x0000017df0ca9000):  JavaThread "C2 CompilerThread2" daemon [_thread_in_native, id=16540, stack(0x0000004cdfd00000,0x0000004cdfe00000)]


Current CompileTask:
C2:   3685 2225   !   4       java.net.URL::<init> (543 bytes)

Stack: [0x0000004cdfd00000,0x0000004cdfe00000]
Native frames: (J=compiled Java code, j=interpreted, Vv=VM code, C=native code)
V  [jvm.dll+0x62b5da]
V  [jvm.dll+0x7653df]
V  [jvm.dll+0x766a89]
V  [jvm.dll+0x767113]
V  [jvm.dll+0x23dd28]
V  [jvm.dll+0xb2a1c]
V  [jvm.dll+0xb2fdc]
V  [jvm.dll+0x341552]
V  [jvm.dll+0x18ce51]
V  [jvm.dll+0x1f8815]
V  [jvm.dll+0x1f78fd]
V  [jvm.dll+0x177c91]
V  [jvm.dll+0x207296]
V  [jvm.dll+0x20542b]
V  [jvm.dll+0x72b2c0]
V  [jvm.dll+0x723e64]
V  [jvm.dll+0x62a485]
C  [ucrtbase.dll+0x21bb2]
C  [KERNEL32.DLL+0x17614]
C  [ntdll.dll+0x526a1]


---------------  P R O C E S S  ---------------

Threads class SMR info:
_java_thread_list=0x0000017df59a6ed0, length=30, elements={
0x0000017dcc332000, 0x0000017df0c34800, 0x0000017df0c3d800, 0x0000017df0c90800,
0x0000017df0c91800, 0x0000017df0c94800, 0x0000017df0ca2800, 0x0000017df0ca8000,
0x0000017df0cbb800, 0x0000017df0cbb000, 0x0000017df0cb9000, 0x0000017df0cba000,
0x0000017df0cc0000, 0x0000017df0cbc800, 0x0000017df0cbe000, 0x0000017df0cbf000,
0x0000017df0cbd800, 0x0000017df2c81800, 0x0000017df2c7f000, 0x0000017df2c80000,
0x0000017df2c83000, 0x0000017df2c86800, 0x0000017df2c85800, 0x0000017df0caf000,
0x0000017df0ca9000, 0x0000017df2c82800, 0x0000017df2c84000, 0x0000017df2c85000,
0x0000017df2c80800, 0x0000017df2c8b800
}

Java Threads: ( => current thread )
  0x0000017dcc332000 JavaThread "main" [_thread_blocked, id=15848, stack(0x0000004cdd600000,0x0000004cdd700000)]
  0x0000017df0c34800 JavaThread "Reference Handler" daemon [_thread_blocked, id=13320, stack(0x0000004cddd00000,0x0000004cdde00000)]
  0x0000017df0c3d800 JavaThread "Finalizer" daemon [_thread_blocked, id=16368, stack(0x0000004cdde00000,0x0000004cddf00000)]
  0x0000017df0c90800 JavaThread "Signal Dispatcher" daemon [_thread_blocked, id=4144, stack(0x0000004cddf00000,0x0000004cde000000)]
  0x0000017df0c91800 JavaThread "Attach Listener" daemon [_thread_blocked, id=5756, stack(0x0000004cde000000,0x0000004cde100000)]
  0x0000017df0c94800 JavaThread "Service Thread" daemon [_thread_blocked, id=3792, stack(0x0000004cde100000,0x0000004cde200000)]
  0x0000017df0ca2800 JavaThread "C2 CompilerThread0" daemon [_thread_blocked, id=6884, stack(0x0000004cde200000,0x0000004cde300000)]
  0x0000017df0ca8000 JavaThread "C1 CompilerThread0" daemon [_thread_blocked, id=9308, stack(0x0000004cde300000,0x0000004cde400000)]
  0x0000017df0cbb800 JavaThread "Sweeper thread" daemon [_thread_blocked, id=264, stack(0x0000004cde400000,0x0000004cde500000)]
  0x0000017df0cbb000 JavaThread "Common-Cleaner" daemon [_thread_blocked, id=15468, stack(0x0000004cde500000,0x0000004cde600000)]
  0x0000017df0cb9000 JavaThread "Daemon health stats" [_thread_blocked, id=16936, stack(0x0000004cdec00000,0x0000004cded00000)]
  0x0000017df0cba000 JavaThread "Incoming local TCP Connector on port 60764" [_thread_in_native, id=6960, stack(0x0000004cde700000,0x0000004cde800000)]
  0x0000017df0cc0000 JavaThread "Daemon periodic checks" [_thread_blocked, id=11092, stack(0x0000004cdeb00000,0x0000004cdec00000)]
  0x0000017df0cbc800 JavaThread "Daemon" [_thread_blocked, id=7432, stack(0x0000004cded00000,0x0000004cdee00000)]
  0x0000017df0cbe000 JavaThread "Handler for socket connection from /127.0.0.1:60764 to /127.0.0.1:60765" [_thread_in_native, id=17172, stack(0x0000004cdee00000,0x0000004cdef00000)]
  0x0000017df0cbf000 JavaThread "Cancel handler" [_thread_blocked, id=15804, stack(0x0000004cdef00000,0x0000004cdf000000)]
  0x0000017df0cbd800 JavaThread "Daemon worker" [_thread_in_vm, id=1748, stack(0x0000004cdf000000,0x0000004cdf100000)]
  0x0000017df2c81800 JavaThread "Asynchronous log dispatcher for DefaultDaemonConnection: socket connection from /127.0.0.1:60764 to /127.0.0.1:60765" [_thread_blocked, id=7780, stack(0x0000004cdf100000,0x0000004cdf200000)]
  0x0000017df2c7f000 JavaThread "Stdin handler" [_thread_blocked, id=13168, stack(0x0000004cdf200000,0x0000004cdf300000)]
  0x0000017df2c80000 JavaThread "Thread-8" [_thread_blocked, id=13652, stack(0x0000004cdf300000,0x0000004cdf400000)]
  0x0000017df2c83000 JavaThread "Cache worker for journal cache (C:\Users\sbpci\.gradle\caches\journal-1)" [_thread_blocked, id=2808, stack(0x0000004cdf400000,0x0000004cdf500000)]
  0x0000017df2c86800 JavaThread "File lock request listener" [_thread_in_native, id=16644, stack(0x0000004cdf500000,0x0000004cdf600000)]
  0x0000017df2c85800 JavaThread "Cache worker for file hash cache (C:\Users\sbpci\.gradle\caches\6.2\fileHashes)" [_thread_blocked, id=2284, stack(0x0000004cdf600000,0x0000004cdf700000)]
  0x0000017df0caf000 JavaThread "C2 CompilerThread1" daemon [_thread_blocked, id=5744, stack(0x0000004cdfc00000,0x0000004cdfd00000)]
=>0x0000017df0ca9000 JavaThread "C2 CompilerThread2" daemon [_thread_in_native, id=16540, stack(0x0000004cdfd00000,0x0000004cdfe00000)]
  0x0000017df2c82800 JavaThread "Cache worker for checksums cache (C:\Users\sbpci\MTop\android\.gradle\checksums)" [_thread_blocked, id=4212, stack(0x0000004cdfe00000,0x0000004cdff00000)]
  0x0000017df2c84000 JavaThread "Cache worker for file hash cache (C:\Users\sbpci\MTop\android\.gradle\6.2\fileHashes)" [_thread_blocked, id=10920, stack(0x0000004cdff00000,0x0000004ce0000000)]
  0x0000017df2c85000 JavaThread "Cache worker for cache directory md-supplier (C:\Users\sbpci\.gradle\caches\6.2\md-supplier)" [_thread_blocked, id=3064, stack(0x0000004ce0000000,0x0000004ce0100000)]
  0x0000017df2c80800 JavaThread "Cache worker for cache directory md-rule (C:\Users\sbpci\.gradle\caches\6.2\md-rule)" [_thread_blocked, id=11848, stack(0x0000004ce0100000,0x0000004ce0200000)]
  0x0000017df2c8b800 JavaThread "Cache worker for execution history cache (C:\Users\sbpci\.gradle\caches\6.2\executionHistory)" [_thread_blocked, id=6556, stack(0x0000004ce0200000,0x0000004ce0300000)]

Other Threads:
  0x0000017df0c11000 VMThread "VM Thread" [stack: 0x0000004cddc00000,0x0000004cddd00000] [id=14924]
  0x0000017df0e42800 WatcherThread [stack: 0x0000004cde600000,0x0000004cde700000] [id=14848]
  0x0000017dcc347000 GCTaskThread "GC Thread#0" [stack: 0x0000004cdd700000,0x0000004cdd800000] [id=12056]
  0x0000017df19a5800 GCTaskThread "GC Thread#1" [stack: 0x0000004cde800000,0x0000004cde900000] [id=3192]
  0x0000017df1942800 GCTaskThread "GC Thread#2" [stack: 0x0000004cde900000,0x0000004cdea00000] [id=1348]
  0x0000017df1943000 GCTaskThread "GC Thread#3" [stack: 0x0000004cdea00000,0x0000004cdeb00000] [id=8836]
  0x0000017df2d09000 GCTaskThread "GC Thread#4" [stack: 0x0000004cdf700000,0x0000004cdf800000] [id=7800]
  0x0000017df3464000 GCTaskThread "GC Thread#5" [stack: 0x0000004cdf800000,0x0000004cdf900000] [id=8880]
  0x0000017df3465000 GCTaskThread "GC Thread#6" [stack: 0x0000004cdf900000,0x0000004cdfa00000] [id=10432]
  0x0000017df359b000 GCTaskThread "GC Thread#7" [stack: 0x0000004cdfa00000,0x0000004cdfb00000] [id=6812]
  0x0000017dcc3ad800 ConcurrentGCThread "G1 Main Marker" [stack: 0x0000004cdd800000,0x0000004cdd900000] [id=11548]
  0x0000017dcc3ae800 ConcurrentGCThread "G1 Conc#0" [stack: 0x0000004cdd900000,0x0000004cdda00000] [id=1856]
  0x0000017df188f000 ConcurrentGCThread "G1 Conc#1" [stack: 0x0000004cdfb00000,0x0000004cdfc00000] [id=10396]
  0x0000017df0279800 ConcurrentGCThread "G1 Refine#0" [stack: 0x0000004cdda00000,0x0000004cddb00000] [id=10480]
  0x0000017df027a800 ConcurrentGCThread "G1 Young RemSet Sampling" [stack: 0x0000004cddb00000,0x0000004cddc00000] [id=11528]

Threads with active compile tasks:
C2 CompilerThread2     3714 2225   !   4       java.net.URL::<init> (543 bytes)

VM state:not at safepoint (normal execution)

VM Mutex/Monitor currently owned by a thread: None

Heap address: 0x00000006e0000000, size: 4608 MB, Compressed Oops mode: Zero based, Oop shift amount: 3
Narrow klass base: 0x0000000800000000, Narrow klass shift: 0
Compressed class space size: 1073741824 Address: 0x0000000800000000

Heap:
 garbage-first heap   total 196608K, used 32858K [0x00000006e0000000, 0x0000000800000000)
  region size 1024K, 19 young (19456K), 3 survivors (3072K)
 Metaspace       used 31444K, capacity 32082K, committed 32432K, reserved 1077248K
  class space    used 3995K, capacity 4245K, committed 4352K, reserved 1048576K
Heap Regions: E=young(eden), S=young(survivor), O=old, HS=humongous(starts), HC=humongous(continues), CS=collection set, F=free, A=archive, TAMS=top-at-mark-start (previous, next)
|   0|0x00000006e0000000, 0x00000006e0100000, 0x00000006e0100000|100%| O|  |TAMS 0x00000006e0000000, 0x00000006e0000000| Untracked 
|   1|0x00000006e0100000, 0x00000006e0200000, 0x00000006e0200000|100%| O|  |TAMS 0x00000006e0100000, 0x00000006e0100000| Untracked 
|   2|0x00000006e0200000, 0x00000006e0300000, 0x00000006e0300000|100%| O|  |TAMS 0x00000006e0200000, 0x00000006e0200000| Untracked 
|   3|0x00000006e0300000, 0x00000006e0400000, 0x00000006e0400000|100%|HS|  |TAMS 0x00000006e0400000, 0x00000006e0300000| Complete 
|   4|0x00000006e0400000, 0x00000006e0500000, 0x00000006e0500000|100%|HC|  |TAMS 0x00000006e0500000, 0x00000006e0400000| Complete 
|   5|0x00000006e0500000, 0x00000006e0600000, 0x00000006e0600000|100%|HC|  |TAMS 0x00000006e0600000, 0x00000006e0500000| Complete 
|   6|0x00000006e0600000, 0x00000006e0700000, 0x00000006e0700000|100%| O|  |TAMS 0x00000006e0700000, 0x00000006e0600000| Untracked 
|   7|0x00000006e0700000, 0x00000006e0800000, 0x00000006e0800000|100%| O|  |TAMS 0x00000006e0800000, 0x00000006e0700000| Untracked 
|   8|0x00000006e0800000, 0x00000006e0900000, 0x00000006e0900000|100%| O|  |TAMS 0x00000006e088f600, 0x00000006e0800000| Untracked 
|   9|0x00000006e0900000, 0x00000006e0a00000, 0x00000006e0a00000|100%| O|  |TAMS 0x00000006e0900000, 0x00000006e0900000| Untracked 
|  10|0x00000006e0a00000, 0x00000006e0b00000, 0x00000006e0b00000|100%| O|  |TAMS 0x00000006e0a00000, 0x00000006e0a00000| Untracked 
|  11|0x00000006e0b00000, 0x00000006e0c00000, 0x00000006e0c00000|100%| O|  |TAMS 0x00000006e0b00000, 0x00000006e0b00000| Untracked 
|  12|0x00000006e0c00000, 0x00000006e0d00000, 0x00000006e0d00000|100%| O|  |TAMS 0x00000006e0c00000, 0x00000006e0c00000| Untracked 
|  13|0x00000006e0d00000, 0x00000006e0e00000, 0x00000006e0e00000|100%| O|  |TAMS 0x00000006e0d00000, 0x00000006e0d00000| Untracked 
|  14|0x00000006e0e00000, 0x00000006e0f00000, 0x00000006e0f00000|100%| O|  |TAMS 0x00000006e0e00000, 0x00000006e0e00000| Untracked 
|  15|0x00000006e0f00000, 0x00000006e0f8ba00, 0x00000006e1000000| 54%| O|  |TAMS 0x00000006e0f00000, 0x00000006e0f00000| Untracked 
|  16|0x00000006e1000000, 0x00000006e1000000, 0x00000006e1100000|  0%| F|  |TAMS 0x00000006e1000000, 0x00000006e1000000| Untracked 
|  17|0x00000006e1100000, 0x00000006e1100000, 0x00000006e1200000|  0%| F|  |TAMS 0x00000006e1100000, 0x00000006e1100000| Untracked 
|  18|0x00000006e1200000, 0x00000006e1200000, 0x00000006e1300000|  0%| F|  |TAMS 0x00000006e1200000, 0x00000006e1200000| Untracked 
|  19|0x00000006e1300000, 0x00000006e1300000, 0x00000006e1400000|  0%| F|  |TAMS 0x00000006e1300000, 0x00000006e1300000| Untracked 
|  20|0x00000006e1400000, 0x00000006e1400000, 0x00000006e1500000|  0%| F|  |TAMS 0x00000006e1400000, 0x00000006e1400000| Untracked 
|  21|0x00000006e1500000, 0x00000006e1500000, 0x00000006e1600000|  0%| F|  |TAMS 0x00000006e1500000, 0x00000006e1500000| Untracked 
|  22|0x00000006e1600000, 0x00000006e1600000, 0x00000006e1700000|  0%| F|  |TAMS 0x00000006e1600000, 0x00000006e1600000| Untracked 
|  23|0x00000006e1700000, 0x00000006e1700000, 0x00000006e1800000|  0%| F|  |TAMS 0x00000006e1700000, 0x00000006e1700000| Untracked 
|  24|0x00000006e1800000, 0x00000006e1800000, 0x00000006e1900000|  0%| F|  |TAMS 0x00000006e1800000, 0x00000006e1800000| Untracked 
|  25|0x00000006e1900000, 0x00000006e1900000, 0x00000006e1a00000|  0%| F|  |TAMS 0x00000006e1900000, 0x00000006e1900000| Untracked 
|  26|0x00000006e1a00000, 0x00000006e1a00000, 0x00000006e1b00000|  0%| F|  |TAMS 0x00000006e1a00000, 0x00000006e1a00000| Untracked 
|  27|0x00000006e1b00000, 0x00000006e1b00000, 0x00000006e1c00000|  0%| F|  |TAMS 0x00000006e1b00000, 0x00000006e1b00000| Untracked 
|  28|0x00000006e1c00000, 0x00000006e1c00000, 0x00000006e1d00000|  0%| F|  |TAMS 0x00000006e1c00000, 0x00000006e1c00000| Untracked 
|  29|0x00000006e1d00000, 0x00000006e1d00000, 0x00000006e1e00000|  0%| F|  |TAMS 0x00000006e1d00000, 0x00000006e1d00000| Untracked 
|  30|0x00000006e1e00000, 0x00000006e1e00000, 0x00000006e1f00000|  0%| F|  |TAMS 0x00000006e1e00000, 0x00000006e1e00000| Untracked 
|  31|0x00000006e1f00000, 0x00000006e1f00000, 0x00000006e2000000|  0%| F|  |TAMS 0x00000006e1f00000, 0x00000006e1f00000| Untracked 
|  32|0x00000006e2000000, 0x00000006e2000000, 0x00000006e2100000|  0%| F|  |TAMS 0x00000006e2000000, 0x00000006e2000000| Untracked 
|  33|0x00000006e2100000, 0x00000006e2100000, 0x00000006e2200000|  0%| F|  |TAMS 0x00000006e2100000, 0x00000006e2100000| Untracked 
|  34|0x00000006e2200000, 0x00000006e2200000, 0x00000006e2300000|  0%| F|  |TAMS 0x00000006e2200000, 0x00000006e2200000| Untracked 
|  35|0x00000006e2300000, 0x00000006e2300000, 0x00000006e2400000|  0%| F|  |TAMS 0x00000006e2300000, 0x00000006e2300000| Untracked 
|  36|0x00000006e2400000, 0x00000006e2400000, 0x00000006e2500000|  0%| F|  |TAMS 0x00000006e2400000, 0x00000006e2400000| Untracked 
|  37|0x00000006e2500000, 0x00000006e2500000, 0x00000006e2600000|  0%| F|  |TAMS 0x00000006e2500000, 0x00000006e2500000| Untracked 
|  38|0x00000006e2600000, 0x00000006e2600000, 0x00000006e2700000|  0%| F|  |TAMS 0x00000006e2600000, 0x00000006e2600000| Untracked 
|  39|0x00000006e2700000, 0x00000006e2700000, 0x00000006e2800000|  0%| F|  |TAMS 0x00000006e2700000, 0x00000006e2700000| Untracked 
|  40|0x00000006e2800000, 0x00000006e2800000, 0x00000006e2900000|  0%| F|  |TAMS 0x00000006e2800000, 0x00000006e2800000| Untracked 
|  41|0x00000006e2900000, 0x00000006e2900000, 0x00000006e2a00000|  0%| F|  |TAMS 0x00000006e2900000, 0x00000006e2900000| Untracked 
|  42|0x00000006e2a00000, 0x00000006e2a00000, 0x00000006e2b00000|  0%| F|  |TAMS 0x00000006e2a00000, 0x00000006e2a00000| Untracked 
|  43|0x00000006e2b00000, 0x00000006e2b00000, 0x00000006e2c00000|  0%| F|  |TAMS 0x00000006e2b00000, 0x00000006e2b00000| Untracked 
|  44|0x00000006e2c00000, 0x00000006e2c00000, 0x00000006e2d00000|  0%| F|  |TAMS 0x00000006e2c00000, 0x00000006e2c00000| Untracked 
|  45|0x00000006e2d00000, 0x00000006e2d00000, 0x00000006e2e00000|  0%| F|  |TAMS 0x00000006e2d00000, 0x00000006e2d00000| Untracked 
|  46|0x00000006e2e00000, 0x00000006e2e00000, 0x00000006e2f00000|  0%| F|  |TAMS 0x00000006e2e00000, 0x00000006e2e00000| Untracked 
|  47|0x00000006e2f00000, 0x00000006e2f00000, 0x00000006e3000000|  0%| F|  |TAMS 0x00000006e2f00000, 0x00000006e2f00000| Untracked 
|  48|0x00000006e3000000, 0x00000006e3000000, 0x00000006e3100000|  0%| F|  |TAMS 0x00000006e3000000, 0x00000006e3000000| Untracked 
|  49|0x00000006e3100000, 0x00000006e3100000, 0x00000006e3200000|  0%| F|  |TAMS 0x00000006e3100000, 0x00000006e3100000| Untracked 
|  50|0x00000006e3200000, 0x00000006e3200000, 0x00000006e3300000|  0%| F|  |TAMS 0x00000006e3200000, 0x00000006e3200000| Untracked 
|  51|0x00000006e3300000, 0x00000006e3300000, 0x00000006e3400000|  0%| F|  |TAMS 0x00000006e3300000, 0x00000006e3300000| Untracked 
|  52|0x00000006e3400000, 0x00000006e3400000, 0x00000006e3500000|  0%| F|  |TAMS 0x00000006e3400000, 0x00000006e3400000| Untracked 
|  53|0x00000006e3500000, 0x00000006e3500000, 0x00000006e3600000|  0%| F|  |TAMS 0x00000006e3500000, 0x00000006e3500000| Untracked 
|  54|0x00000006e3600000, 0x00000006e3600000, 0x00000006e3700000|  0%| F|  |TAMS 0x00000006e3600000, 0x00000006e3600000| Untracked 
|  55|0x00000006e3700000, 0x00000006e3700000, 0x00000006e3800000|  0%| F|  |TAMS 0x00000006e3700000, 0x00000006e3700000| Untracked 
|  56|0x00000006e3800000, 0x00000006e3800000, 0x00000006e3900000|  0%| F|  |TAMS 0x00000006e3800000, 0x00000006e3800000| Untracked 
|  57|0x00000006e3900000, 0x00000006e3900000, 0x00000006e3a00000|  0%| F|  |TAMS 0x00000006e3900000, 0x00000006e3900000| Untracked 
|  58|0x00000006e3a00000, 0x00000006e3a00000, 0x00000006e3b00000|  0%| F|  |TAMS 0x00000006e3a00000, 0x00000006e3a00000| Untracked 
|  59|0x00000006e3b00000, 0x00000006e3b00000, 0x00000006e3c00000|  0%| F|  |TAMS 0x00000006e3b00000, 0x00000006e3b00000| Untracked 
|  60|0x00000006e3c00000, 0x00000006e3c00000, 0x00000006e3d00000|  0%| F|  |TAMS 0x00000006e3c00000, 0x00000006e3c00000| Untracked 
|  61|0x00000006e3d00000, 0x00000006e3d00000, 0x00000006e3e00000|  0%| F|  |TAMS 0x00000006e3d00000, 0x00000006e3d00000| Untracked 
|  62|0x00000006e3e00000, 0x00000006e3e00000, 0x00000006e3f00000|  0%| F|  |TAMS 0x00000006e3e00000, 0x00000006e3e00000| Untracked 
|  63|0x00000006e3f00000, 0x00000006e3f00000, 0x00000006e4000000|  0%| F|  |TAMS 0x00000006e3f00000, 0x00000006e3f00000| Untracked 
|  64|0x00000006e4000000, 0x00000006e4000000, 0x00000006e4100000|  0%| F|  |TAMS 0x00000006e4000000, 0x00000006e4000000| Untracked 
|  65|0x00000006e4100000, 0x00000006e4100000, 0x00000006e4200000|  0%| F|  |TAMS 0x00000006e4100000, 0x00000006e4100000| Untracked 
|  66|0x00000006e4200000, 0x00000006e4200000, 0x00000006e4300000|  0%| F|  |TAMS 0x00000006e4200000, 0x00000006e4200000| Untracked 
|  67|0x00000006e4300000, 0x00000006e4300000, 0x00000006e4400000|  0%| F|  |TAMS 0x00000006e4300000, 0x00000006e4300000| Untracked 
|  68|0x00000006e4400000, 0x00000006e4400000, 0x00000006e4500000|  0%| F|  |TAMS 0x00000006e4400000, 0x00000006e4400000| Untracked 
|  69|0x00000006e4500000, 0x00000006e4500000, 0x00000006e4600000|  0%| F|  |TAMS 0x00000006e4500000, 0x00000006e4500000| Untracked 
|  70|0x00000006e4600000, 0x00000006e4600000, 0x00000006e4700000|  0%| F|  |TAMS 0x00000006e4600000, 0x00000006e4600000| Untracked 
|  71|0x00000006e4700000, 0x00000006e4700000, 0x00000006e4800000|  0%| F|  |TAMS 0x00000006e4700000, 0x00000006e4700000| Untracked 
|  72|0x00000006e4800000, 0x00000006e4800000, 0x00000006e4900000|  0%| F|  |TAMS 0x00000006e4800000, 0x00000006e4800000| Untracked 
|  73|0x00000006e4900000, 0x00000006e4900000, 0x00000006e4a00000|  0%| F|  |TAMS 0x00000006e4900000, 0x00000006e4900000| Untracked 
|  74|0x00000006e4a00000, 0x00000006e4a00000, 0x00000006e4b00000|  0%| F|  |TAMS 0x00000006e4a00000, 0x00000006e4a00000| Untracked 
|  75|0x00000006e4b00000, 0x00000006e4b00000, 0x00000006e4c00000|  0%| F|  |TAMS 0x00000006e4b00000, 0x00000006e4b00000| Untracked 
|  76|0x00000006e4c00000, 0x00000006e4c00000, 0x00000006e4d00000|  0%| F|  |TAMS 0x00000006e4c00000, 0x00000006e4c00000| Untracked 
|  77|0x00000006e4d00000, 0x00000006e4d00000, 0x00000006e4e00000|  0%| F|  |TAMS 0x00000006e4d00000, 0x00000006e4d00000| Untracked 
|  78|0x00000006e4e00000, 0x00000006e4e00000, 0x00000006e4f00000|  0%| F|  |TAMS 0x00000006e4e00000, 0x00000006e4e00000| Untracked 
|  79|0x00000006e4f00000, 0x00000006e4f00000, 0x00000006e5000000|  0%| F|  |TAMS 0x00000006e4f00000, 0x00000006e4f00000| Untracked 
|  80|0x00000006e5000000, 0x00000006e5000000, 0x00000006e5100000|  0%| F|  |TAMS 0x00000006e5000000, 0x00000006e5000000| Untracked 
|  81|0x00000006e5100000, 0x00000006e5100000, 0x00000006e5200000|  0%| F|  |TAMS 0x00000006e5100000, 0x00000006e5100000| Untracked 
|  82|0x00000006e5200000, 0x00000006e5200000, 0x00000006e5300000|  0%| F|  |TAMS 0x00000006e5200000, 0x00000006e5200000| Untracked 
|  83|0x00000006e5300000, 0x00000006e5300000, 0x00000006e5400000|  0%| F|  |TAMS 0x00000006e5300000, 0x00000006e5300000| Untracked 
|  84|0x00000006e5400000, 0x00000006e5400000, 0x00000006e5500000|  0%| F|  |TAMS 0x00000006e5400000, 0x00000006e5400000| Untracked 
|  85|0x00000006e5500000, 0x00000006e5500000, 0x00000006e5600000|  0%| F|  |TAMS 0x00000006e5500000, 0x00000006e5500000| Untracked 
|  86|0x00000006e5600000, 0x00000006e5600000, 0x00000006e5700000|  0%| F|  |TAMS 0x00000006e5600000, 0x00000006e5600000| Untracked 
|  87|0x00000006e5700000, 0x00000006e5700000, 0x00000006e5800000|  0%| F|  |TAMS 0x00000006e5700000, 0x00000006e5700000| Untracked 
|  88|0x00000006e5800000, 0x00000006e5800000, 0x00000006e5900000|  0%| F|  |TAMS 0x00000006e5800000, 0x00000006e5800000| Untracked 
|  89|0x00000006e5900000, 0x00000006e5900000, 0x00000006e5a00000|  0%| F|  |TAMS 0x00000006e5900000, 0x00000006e5900000| Untracked 
|  90|0x00000006e5a00000, 0x00000006e5a00000, 0x00000006e5b00000|  0%| F|  |TAMS 0x00000006e5a00000, 0x00000006e5a00000| Untracked 
|  91|0x00000006e5b00000, 0x00000006e5b00000, 0x00000006e5c00000|  0%| F|  |TAMS 0x00000006e5b00000, 0x00000006e5b00000| Untracked 
|  92|0x00000006e5c00000, 0x00000006e5c00000, 0x00000006e5d00000|  0%| F|  |TAMS 0x00000006e5c00000, 0x00000006e5c00000| Untracked 
|  93|0x00000006e5d00000, 0x00000006e5d00000, 0x00000006e5e00000|  0%| F|  |TAMS 0x00000006e5d00000, 0x00000006e5d00000| Untracked 
|  94|0x00000006e5e00000, 0x00000006e5e00000, 0x00000006e5f00000|  0%| F|  |TAMS 0x00000006e5e00000, 0x00000006e5e00000| Untracked 
|  95|0x00000006e5f00000, 0x00000006e5f00000, 0x00000006e6000000|  0%| F|  |TAMS 0x00000006e5f00000, 0x00000006e5f00000| Untracked 
|  96|0x00000006e6000000, 0x00000006e6000000, 0x00000006e6100000|  0%| F|  |TAMS 0x00000006e6000000, 0x00000006e6000000| Untracked 
|  97|0x00000006e6100000, 0x00000006e6100000, 0x00000006e6200000|  0%| F|  |TAMS 0x00000006e6100000, 0x00000006e6100000| Untracked 
|  98|0x00000006e6200000, 0x00000006e6200000, 0x00000006e6300000|  0%| F|  |TAMS 0x00000006e6200000, 0x00000006e6200000| Untracked 
|  99|0x00000006e6300000, 0x00000006e6300000, 0x00000006e6400000|  0%| F|  |TAMS 0x00000006e6300000, 0x00000006e6300000| Untracked 
| 100|0x00000006e6400000, 0x00000006e6400000, 0x00000006e6500000|  0%| F|  |TAMS 0x00000006e6400000, 0x00000006e6400000| Untracked 
| 101|0x00000006e6500000, 0x00000006e6500000, 0x00000006e6600000|  0%| F|  |TAMS 0x00000006e6500000, 0x00000006e6500000| Untracked 
| 102|0x00000006e6600000, 0x00000006e6600000, 0x00000006e6700000|  0%| F|  |TAMS 0x00000006e6600000, 0x00000006e6600000| Untracked 
| 103|0x00000006e6700000, 0x00000006e6700000, 0x00000006e6800000|  0%| F|  |TAMS 0x00000006e6700000, 0x00000006e6700000| Untracked 
| 104|0x00000006e6800000, 0x00000006e6800000, 0x00000006e6900000|  0%| F|  |TAMS 0x00000006e6800000, 0x00000006e6800000| Untracked 
| 105|0x00000006e6900000, 0x00000006e6900000, 0x00000006e6a00000|  0%| F|  |TAMS 0x00000006e6900000, 0x00000006e6900000| Untracked 
| 106|0x00000006e6a00000, 0x00000006e6a00000, 0x00000006e6b00000|  0%| F|  |TAMS 0x00000006e6a00000, 0x00000006e6a00000| Untracked 
| 107|0x00000006e6b00000, 0x00000006e6b00000, 0x00000006e6c00000|  0%| F|  |TAMS 0x00000006e6b00000, 0x00000006e6b00000| Untracked 
| 108|0x00000006e6c00000, 0x00000006e6c00000, 0x00000006e6d00000|  0%| F|  |TAMS 0x00000006e6c00000, 0x00000006e6c00000| Untracked 
| 109|0x00000006e6d00000, 0x00000006e6d00000, 0x00000006e6e00000|  0%| F|  |TAMS 0x00000006e6d00000, 0x00000006e6d00000| Untracked 
| 110|0x00000006e6e00000, 0x00000006e6e00000, 0x00000006e6f00000|  0%| F|  |TAMS 0x00000006e6e00000, 0x00000006e6e00000| Untracked 
| 111|0x00000006e6f00000, 0x00000006e6f00000, 0x00000006e7000000|  0%| F|  |TAMS 0x00000006e6f00000, 0x00000006e6f00000| Untracked 
| 112|0x00000006e7000000, 0x00000006e7000000, 0x00000006e7100000|  0%| F|  |TAMS 0x00000006e7000000, 0x00000006e7000000| Untracked 
| 113|0x00000006e7100000, 0x00000006e7100000, 0x00000006e7200000|  0%| F|  |TAMS 0x00000006e7100000, 0x00000006e7100000| Untracked 
| 114|0x00000006e7200000, 0x00000006e7200000, 0x00000006e7300000|  0%| F|  |TAMS 0x00000006e7200000, 0x00000006e7200000| Untracked 
| 115|0x00000006e7300000, 0x00000006e7300000, 0x00000006e7400000|  0%| F|  |TAMS 0x00000006e7300000, 0x00000006e7300000| Untracked 
| 116|0x00000006e7400000, 0x00000006e7400000, 0x00000006e7500000|  0%| F|  |TAMS 0x00000006e7400000, 0x00000006e7400000| Untracked 
| 117|0x00000006e7500000, 0x00000006e7500000, 0x00000006e7600000|  0%| F|  |TAMS 0x00000006e7500000, 0x00000006e7500000| Untracked 
| 118|0x00000006e7600000, 0x00000006e7600000, 0x00000006e7700000|  0%| F|  |TAMS 0x00000006e7600000, 0x00000006e7600000| Untracked 
| 119|0x00000006e7700000, 0x00000006e7700000, 0x00000006e7800000|  0%| F|  |TAMS 0x00000006e7700000, 0x00000006e7700000| Untracked 
| 120|0x00000006e7800000, 0x00000006e7800000, 0x00000006e7900000|  0%| F|  |TAMS 0x00000006e7800000, 0x00000006e7800000| Untracked 
| 121|0x00000006e7900000, 0x00000006e7900000, 0x00000006e7a00000|  0%| F|  |TAMS 0x00000006e7900000, 0x00000006e7900000| Untracked 
| 122|0x00000006e7a00000, 0x00000006e7a00000, 0x00000006e7b00000|  0%| F|  |TAMS 0x00000006e7a00000, 0x00000006e7a00000| Untracked 
| 123|0x00000006e7b00000, 0x00000006e7b00000, 0x00000006e7c00000|  0%| F|  |TAMS 0x00000006e7b00000, 0x00000006e7b00000| Untracked 
| 124|0x00000006e7c00000, 0x00000006e7c00000, 0x00000006e7d00000|  0%| F|  |TAMS 0x00000006e7c00000, 0x00000006e7c00000| Untracked 
| 125|0x00000006e7d00000, 0x00000006e7d00000, 0x00000006e7e00000|  0%| F|  |TAMS 0x00000006e7d00000, 0x00000006e7d00000| Untracked 
| 126|0x00000006e7e00000, 0x00000006e7e00000, 0x00000006e7f00000|  0%| F|  |TAMS 0x00000006e7e00000, 0x00000006e7e00000| Untracked 
| 127|0x00000006e7f00000, 0x00000006e7f00000, 0x00000006e8000000|  0%| F|  |TAMS 0x00000006e7f00000, 0x00000006e7f00000| Untracked 
| 128|0x00000006e8000000, 0x00000006e8000000, 0x00000006e8100000|  0%| F|  |TAMS 0x00000006e8000000, 0x00000006e8000000| Untracked 
| 129|0x00000006e8100000, 0x00000006e8100000, 0x00000006e8200000|  0%| F|  |TAMS 0x00000006e8100000, 0x00000006e8100000| Untracked 
| 130|0x00000006e8200000, 0x00000006e8200000, 0x00000006e8300000|  0%| F|  |TAMS 0x00000006e8200000, 0x00000006e8200000| Untracked 
| 131|0x00000006e8300000, 0x00000006e8300000, 0x00000006e8400000|  0%| F|  |TAMS 0x00000006e8300000, 0x00000006e8300000| Untracked 
| 132|0x00000006e8400000, 0x00000006e8400000, 0x00000006e8500000|  0%| F|  |TAMS 0x00000006e8400000, 0x00000006e8400000| Untracked 
| 133|0x00000006e8500000, 0x00000006e8500000, 0x00000006e8600000|  0%| F|  |TAMS 0x00000006e8500000, 0x00000006e8500000| Untracked 
| 134|0x00000006e8600000, 0x00000006e8600000, 0x00000006e8700000|  0%| F|  |TAMS 0x00000006e8600000, 0x00000006e8600000| Untracked 
| 135|0x00000006e8700000, 0x00000006e8700000, 0x00000006e8800000|  0%| F|  |TAMS 0x00000006e8700000, 0x00000006e8700000| Untracked 
| 136|0x00000006e8800000, 0x00000006e8800000, 0x00000006e8900000|  0%| F|  |TAMS 0x00000006e8800000, 0x00000006e8800000| Untracked 
| 137|0x00000006e8900000, 0x00000006e898aed0, 0x00000006e8a00000| 54%| S|CS|TAMS 0x00000006e8900000, 0x00000006e8900000| Complete 
| 138|0x00000006e8a00000, 0x00000006e8b00000, 0x00000006e8b00000|100%| S|CS|TAMS 0x00000006e8a00000, 0x00000006e8a00000| Complete 
| 139|0x00000006e8b00000, 0x00000006e8c00000, 0x00000006e8c00000|100%| S|CS|TAMS 0x00000006e8b00000, 0x00000006e8b00000| Complete 
| 140|0x00000006e8c00000, 0x00000006e8c00000, 0x00000006e8d00000|  0%| F|  |TAMS 0x00000006e8c00000, 0x00000006e8c00000| Untracked 
| 141|0x00000006e8d00000, 0x00000006e8d00000, 0x00000006e8e00000|  0%| F|  |TAMS 0x00000006e8d00000, 0x00000006e8d00000| Untracked 
| 142|0x00000006e8e00000, 0x00000006e8e00000, 0x00000006e8f00000|  0%| F|  |TAMS 0x00000006e8e00000, 0x00000006e8e00000| Untracked 
| 143|0x00000006e8f00000, 0x00000006e8f00000, 0x00000006e9000000|  0%| F|  |TAMS 0x00000006e8f00000, 0x00000006e8f00000| Untracked 
| 144|0x00000006e9000000, 0x00000006e9000000, 0x00000006e9100000|  0%| F|  |TAMS 0x00000006e9000000, 0x00000006e9000000| Untracked 
| 145|0x00000006e9100000, 0x00000006e9100000, 0x00000006e9200000|  0%| F|  |TAMS 0x00000006e9100000, 0x00000006e9100000| Untracked 
| 146|0x00000006e9200000, 0x00000006e9200000, 0x00000006e9300000|  0%| F|  |TAMS 0x00000006e9200000, 0x00000006e9200000| Untracked 
| 147|0x00000006e9300000, 0x00000006e9300000, 0x00000006e9400000|  0%| F|  |TAMS 0x00000006e9300000, 0x00000006e9300000| Untracked 
| 148|0x00000006e9400000, 0x00000006e9400000, 0x00000006e9500000|  0%| F|  |TAMS 0x00000006e9400000, 0x00000006e9400000| Untracked 
| 149|0x00000006e9500000, 0x00000006e9500000, 0x00000006e9600000|  0%| F|  |TAMS 0x00000006e9500000, 0x00000006e9500000| Untracked 
| 150|0x00000006e9600000, 0x00000006e9600000, 0x00000006e9700000|  0%| F|  |TAMS 0x00000006e9600000, 0x00000006e9600000| Untracked 
| 151|0x00000006e9700000, 0x00000006e9700000, 0x00000006e9800000|  0%| F|  |TAMS 0x00000006e9700000, 0x00000006e9700000| Untracked 
| 152|0x00000006e9800000, 0x00000006e9800000, 0x00000006e9900000|  0%| F|  |TAMS 0x00000006e9800000, 0x00000006e9800000| Untracked 
| 153|0x00000006e9900000, 0x00000006e9900000, 0x00000006e9a00000|  0%| F|  |TAMS 0x00000006e9900000, 0x00000006e9900000| Untracked 
| 154|0x00000006e9a00000, 0x00000006e9a00000, 0x00000006e9b00000|  0%| F|  |TAMS 0x00000006e9a00000, 0x00000006e9a00000| Untracked 
| 155|0x00000006e9b00000, 0x00000006e9b00000, 0x00000006e9c00000|  0%| F|  |TAMS 0x00000006e9b00000, 0x00000006e9b00000| Untracked 
| 156|0x00000006e9c00000, 0x00000006e9c00000, 0x00000006e9d00000|  0%| F|  |TAMS 0x00000006e9c00000, 0x00000006e9c00000| Untracked 
| 157|0x00000006e9d00000, 0x00000006e9d00000, 0x00000006e9e00000|  0%| F|  |TAMS 0x00000006e9d00000, 0x00000006e9d00000| Untracked 
| 158|0x00000006e9e00000, 0x00000006e9e00000, 0x00000006e9f00000|  0%| F|  |TAMS 0x00000006e9e00000, 0x00000006e9e00000| Untracked 
| 159|0x00000006e9f00000, 0x00000006e9f00000, 0x00000006ea000000|  0%| F|  |TAMS 0x00000006e9f00000, 0x00000006e9f00000| Untracked 
| 160|0x00000006ea000000, 0x00000006ea000000, 0x00000006ea100000|  0%| F|  |TAMS 0x00000006ea000000, 0x00000006ea000000| Untracked 
| 161|0x00000006ea100000, 0x00000006ea100000, 0x00000006ea200000|  0%| F|  |TAMS 0x00000006ea100000, 0x00000006ea100000| Untracked 
| 162|0x00000006ea200000, 0x00000006ea200000, 0x00000006ea300000|  0%| F|  |TAMS 0x00000006ea200000, 0x00000006ea200000| Untracked 
| 163|0x00000006ea300000, 0x00000006ea300000, 0x00000006ea400000|  0%| F|  |TAMS 0x00000006ea300000, 0x00000006ea300000| Untracked 
| 164|0x00000006ea400000, 0x00000006ea400000, 0x00000006ea500000|  0%| F|  |TAMS 0x00000006ea400000, 0x00000006ea400000| Untracked 
| 165|0x00000006ea500000, 0x00000006ea500000, 0x00000006ea600000|  0%| F|  |TAMS 0x00000006ea500000, 0x00000006ea500000| Untracked 
| 166|0x00000006ea600000, 0x00000006ea600000, 0x00000006ea700000|  0%| F|  |TAMS 0x00000006ea600000, 0x00000006ea600000| Untracked 
| 167|0x00000006ea700000, 0x00000006ea700000, 0x00000006ea800000|  0%| F|  |TAMS 0x00000006ea700000, 0x00000006ea700000| Untracked 
| 168|0x00000006ea800000, 0x00000006ea800000, 0x00000006ea900000|  0%| F|  |TAMS 0x00000006ea800000, 0x00000006ea800000| Untracked 
| 169|0x00000006ea900000, 0x00000006ea900000, 0x00000006eaa00000|  0%| F|  |TAMS 0x00000006ea900000, 0x00000006ea900000| Untracked 
| 170|0x00000006eaa00000, 0x00000006eaa00000, 0x00000006eab00000|  0%| F|  |TAMS 0x00000006eaa00000, 0x00000006eaa00000| Untracked 
| 171|0x00000006eab00000, 0x00000006eab00000, 0x00000006eac00000|  0%| F|  |TAMS 0x00000006eab00000, 0x00000006eab00000| Untracked 
| 172|0x00000006eac00000, 0x00000006eac00000, 0x00000006ead00000|  0%| F|  |TAMS 0x00000006eac00000, 0x00000006eac00000| Untracked 
| 173|0x00000006ead00000, 0x00000006ead00000, 0x00000006eae00000|  0%| F|  |TAMS 0x00000006ead00000, 0x00000006ead00000| Untracked 
| 174|0x00000006eae00000, 0x00000006eae00000, 0x00000006eaf00000|  0%| F|  |TAMS 0x00000006eae00000, 0x00000006eae00000| Untracked 
| 175|0x00000006eaf00000, 0x00000006eaf00000, 0x00000006eb000000|  0%| F|  |TAMS 0x00000006eaf00000, 0x00000006eaf00000| Untracked 
| 176|0x00000006eb000000, 0x00000006eb080800, 0x00000006eb100000| 50%| E|  |TAMS 0x00000006eb000000, 0x00000006eb000000| Complete 
| 177|0x00000006eb100000, 0x00000006eb200000, 0x00000006eb200000|100%| E|CS|TAMS 0x00000006eb100000, 0x00000006eb100000| Complete 
| 178|0x00000006eb200000, 0x00000006eb300000, 0x00000006eb300000|100%| E|CS|TAMS 0x00000006eb200000, 0x00000006eb200000| Complete 
| 179|0x00000006eb300000, 0x00000006eb400000, 0x00000006eb400000|100%| E|CS|TAMS 0x00000006eb300000, 0x00000006eb300000| Complete 
| 180|0x00000006eb400000, 0x00000006eb500000, 0x00000006eb500000|100%| E|  |TAMS 0x00000006eb400000, 0x00000006eb400000| Complete 
| 181|0x00000006eb500000, 0x00000006eb600000, 0x00000006eb600000|100%| E|CS|TAMS 0x00000006eb500000, 0x00000006eb500000| Complete 
| 182|0x00000006eb600000, 0x00000006eb700000, 0x00000006eb700000|100%| E|CS|TAMS 0x00000006eb600000, 0x00000006eb600000| Complete 
| 183|0x00000006eb700000, 0x00000006eb800000, 0x00000006eb800000|100%| E|CS|TAMS 0x00000006eb700000, 0x00000006eb700000| Complete 
| 184|0x00000006eb800000, 0x00000006eb900000, 0x00000006eb900000|100%| E|CS|TAMS 0x00000006eb800000, 0x00000006eb800000| Complete 
| 185|0x00000006eb900000, 0x00000006eba00000, 0x00000006eba00000|100%| E|CS|TAMS 0x00000006eb900000, 0x00000006eb900000| Complete 
| 186|0x00000006eba00000, 0x00000006ebb00000, 0x00000006ebb00000|100%| E|CS|TAMS 0x00000006eba00000, 0x00000006eba00000| Complete 
| 187|0x00000006ebb00000, 0x00000006ebc00000, 0x00000006ebc00000|100%| E|CS|TAMS 0x00000006ebb00000, 0x00000006ebb00000| Complete 
| 188|0x00000006ebc00000, 0x00000006ebd00000, 0x00000006ebd00000|100%| E|CS|TAMS 0x00000006ebc00000, 0x00000006ebc00000| Complete 
| 189|0x00000006ebd00000, 0x00000006ebe00000, 0x00000006ebe00000|100%| E|CS|TAMS 0x00000006ebd00000, 0x00000006ebd00000| Complete 
| 190|0x00000006ebe00000, 0x00000006ebf00000, 0x00000006ebf00000|100%| E|CS|TAMS 0x00000006ebe00000, 0x00000006ebe00000| Complete 
| 191|0x00000006ebf00000, 0x00000006ec000000, 0x00000006ec000000|100%| E|CS|TAMS 0x00000006ebf00000, 0x00000006ebf00000| Complete 

Card table byte_map: [0x0000017de3630000,0x0000017de3f30000] _byte_map_base: 0x0000017ddff30000

Marking Bits (Prev, Next): (CMBitMap*) 0x0000017dcc39a770, (CMBitMap*) 0x0000017dcc39a738
 Prev Bits: [0x0000017de9030000, 0x0000017ded830000)
 Next Bits: [0x0000017de4830000, 0x0000017de9030000)

Polling page: 0x0000017dca2b0000

Metaspace:

Usage:
  Non-class:     27.25 MB capacity,    26.88 MB ( 99%) used,   326.91 KB (  1%) free+waste,    50.50 KB ( <1%) overhead. 
      Class:      4.15 MB capacity,     3.92 MB ( 94%) used,   211.02 KB (  5%) free+waste,    24.75 KB ( <1%) overhead. 
       Both:     31.39 MB capacity,    30.79 MB ( 98%) used,   537.93 KB (  2%) free+waste,    75.25 KB ( <1%) overhead. 

Virtual space:
  Non-class space:       28.00 MB reserved,      27.42 MB ( 98%) committed 
      Class space:        1.00 GB reserved,       4.25 MB ( <1%) committed 
             Both:        1.03 GB reserved,      31.67 MB (  3%) committed 

Chunk freelists:
   Non-Class:  6.38 KB
       Class:  1.38 KB
        Both:  7.75 KB

CodeHeap 'non-profiled nmethods': size=120000Kb used=1177Kb max_used=1177Kb free=118822Kb
 bounds [0x0000017ddb4d0000, 0x0000017ddb740000, 0x0000017de2a00000]
CodeHeap 'profiled nmethods': size=120000Kb used=5115Kb max_used=5115Kb free=114885Kb
 bounds [0x0000017dd3fa0000, 0x0000017dd44a0000, 0x0000017ddb4d0000]
CodeHeap 'non-nmethods': size=5760Kb used=1165Kb max_used=1198Kb free=4594Kb
 bounds [0x0000017dd3a00000, 0x0000017dd3c70000, 0x0000017dd3fa0000]
 total_blobs=2901 nmethods=2404 adapters=408
 compilation: enabled
              stopped_count=0, restarted_count=0
 full_count=0

Compilation events (10 events):
Event: 3.675 Thread 0x0000017df0ca8000 2380       3       java.util.concurrent.ConcurrentHashMap::remove (8 bytes)
Event: 3.676 Thread 0x0000017df0ca8000 nmethod 2380 0x0000017dd4493090 code [0x0000017dd4493240, 0x0000017dd4493388]
Event: 3.676 Thread 0x0000017df0ca8000 2381       3       org.codehaus.groovy.reflection.ReflectionCache::setAssignableFrom (1 bytes)
Event: 3.676 Thread 0x0000017df0ca8000 nmethod 2381 0x0000017dd4493410 code [0x0000017dd44935a0, 0x0000017dd4493678]
Event: 3.676 Thread 0x0000017df0ca2800 2382       4       java.lang.StringLatin1::compareTo (52 bytes)
Event: 3.677 Thread 0x0000017df0ca8000 2383       3       org.codehaus.groovy.reflection.CachedMethod::getPT (8 bytes)
Event: 3.677 Thread 0x0000017df0ca8000 nmethod 2383 0x0000017dd4493710 code [0x0000017dd44938c0, 0x0000017dd4493c08]
Event: 3.677 Thread 0x0000017df0ca8000 2384       3       org.codehaus.groovy.reflection.CachedMethod::getModifiers (8 bytes)
Event: 3.677 Thread 0x0000017df0ca8000 nmethod 2384 0x0000017dd4493d10 code [0x0000017dd4493ea0, 0x0000017dd4493fb8]
Event: 3.679 Thread 0x0000017df0ca2800 nmethod 2382 0x0000017ddb5f4990 code [0x0000017ddb5f4b00, 0x0000017ddb5f4c98]

GC Heap History (6 events):
Event: 0.746 GC heap before
{Heap before GC invocations=0 (full 0):
 garbage-first heap   total 196608K, used 29696K [0x00000006e0000000, 0x0000000800000000)
  region size 1024K, 24 young (24576K), 0 survivors (0K)
 Metaspace       used 10597K, capacity 10878K, committed 11008K, reserved 1058816K
  class space    used 1118K, capacity 1200K, committed 1280K, reserved 1048576K
}
Event: 0.751 GC heap after
{Heap after GC invocations=1 (full 0):
 garbage-first heap   total 196608K, used 8765K [0x00000006e0000000, 0x0000000800000000)
  region size 1024K, 3 young (3072K), 3 survivors (3072K)
 Metaspace       used 10597K, capacity 10878K, committed 11008K, reserved 1058816K
  class space    used 1118K, capacity 1200K, committed 1280K, reserved 1048576K
}
Event: 2.536 GC heap before
{Heap before GC invocations=1 (full 0):
 garbage-first heap   total 196608K, used 90685K [0x00000006e0000000, 0x0000000800000000)
  region size 1024K, 85 young (87040K), 3 survivors (3072K)
 Metaspace       used 20737K, capacity 21232K, committed 21296K, reserved 1069056K
  class space    used 2522K, capacity 2688K, committed 2688K, reserved 1048576K
}
Event: 2.545 GC heap after
{Heap after GC invocations=2 (full 0):
 garbage-first heap   total 196608K, used 15754K [0x00000006e0000000, 0x0000000800000000)
  region size 1024K, 10 young (10240K), 10 survivors (10240K)
 Metaspace       used 20737K, capacity 21232K, committed 21296K, reserved 1069056K
  class space    used 2522K, capacity 2688K, committed 2688K, reserved 1048576K
}
Event: 3.399 GC heap before
{Heap before GC invocations=3 (full 0):
 garbage-first heap   total 196608K, used 69002K [0x00000006e0000000, 0x0000000800000000)
  region size 1024K, 62 young (63488K), 10 survivors (10240K)
 Metaspace       used 26973K, capacity 27599K, committed 27824K, reserved 1073152K
  class space    used 3525K, capacity 3752K, committed 3840K, reserved 1048576K
}
Event: 3.405 GC heap after
{Heap after GC invocations=4 (full 0):
 garbage-first heap   total 196608K, used 18522K [0x00000006e0000000, 0x0000000800000000)
  region size 1024K, 3 young (3072K), 3 survivors (3072K)
 Metaspace       used 26973K, capacity 27599K, committed 27824K, reserved 1073152K
  class space    used 3525K, capacity 3752K, committed 3840K, reserved 1048576K
}

Deoptimization events (10 events):
Event: 2.501 Thread 0x0000017df0cbd800 Uncommon trap: reason=bimorphic_or_optimized_type_check action=maybe_recompile pc=0x0000017ddb52ffe4 method=java.util.AbstractList$Itr.next()Ljava/lang/Object; @ 14 c2
Event: 2.502 Thread 0x0000017df0cbd800 Uncommon trap: reason=unstable_if action=reinterpret pc=0x0000017ddb52f670 method=java.io.File.getName()Ljava/lang/String; @ 16 c2
Event: 2.502 Thread 0x0000017df0cbd800 Uncommon trap: reason=unstable_if action=reinterpret pc=0x0000017ddb52e3f0 method=java.lang.String.substring(I)Ljava/lang/String; @ 34 c2
Event: 2.636 Thread 0x0000017df0cbd800 Uncommon trap: reason=bimorphic_or_optimized_type_check action=maybe_recompile pc=0x0000017ddb589960 method=java.util.HashMap.putVal(ILjava/lang/Object;Ljava/lang/Object;ZZ)Ljava/lang/Object; @ 203 c2
Event: 2.686 Thread 0x0000017df0cbd800 Uncommon trap: reason=bimorphic_or_optimized_type_check action=maybe_recompile pc=0x0000017ddb589960 method=java.util.HashMap.putVal(ILjava/lang/Object;Ljava/lang/Object;ZZ)Ljava/lang/Object; @ 203 c2
Event: 2.691 Thread 0x0000017df0cbd800 Uncommon trap: reason=unstable_if action=reinterpret pc=0x0000017ddb52c734 method=java.util.LinkedHashMap.afterNodeInsertion(Z)V @ 1 c2
Event: 2.695 Thread 0x0000017df0cbd800 Uncommon trap: reason=unstable_if action=reinterpret pc=0x0000017ddb517074 method=java.util.concurrent.ConcurrentHashMap.get(Ljava/lang/Object;)Ljava/lang/Object; @ 76 c2
Event: 3.065 Thread 0x0000017df0cbd800 Uncommon trap: reason=unstable_if action=reinterpret pc=0x0000017ddb58d1e4 method=java.util.HashMap.hash(Ljava/lang/Object;)I @ 1 c2
Event: 3.180 Thread 0x0000017df0cbd800 Uncommon trap: reason=unstable_if action=reinterpret pc=0x0000017ddb5276f4 method=java.io.WinNTFileSystem.resolve(Ljava/lang/String;Ljava/lang/String;)Ljava/lang/String; @ 83 c2
Event: 3.414 Thread 0x0000017df0cbd800 Uncommon trap: reason=unstable_if action=reinterpret pc=0x0000017ddb5c9974 method=java.util.regex.Pattern$BmpCharProperty.match(Ljava/util/regex/Matcher;ILjava/lang/CharSequence;)Z @ 39 c2

Classes redefined (0 events):
No events

Internal exceptions (10 events):
Event: 3.065 Thread 0x0000017df0cbd800 Implicit null exception at 0x0000017ddb58cfd5 to 0x0000017ddb58d1d4
Event: 3.118 Thread 0x0000017df0cbd800 Exception <a 'java/lang/NoSuchMethodError'{0x00000006e9d1f380}: java.lang.invoke.DirectMethodHandle$Holder.invokeSpecial(Ljava/lang/Object;Ljava/lang/Object;Ljava/lang/Object;Ljava/lang/Object;Ljava/lang/Object;Ljava/lang/Object;Ljava/lang/Object;Ljava/la
Event: 3.119 Thread 0x0000017df0cbd800 Exception <a 'java/lang/NoSuchMethodError'{0x00000006e9d30608}: java.lang.invoke.DirectMethodHandle$Holder.invokeSpecial(Ljava/lang/Object;Ljava/lang/Object;Ljava/lang/Object;Ljava/lang/Object;Ljava/lang/Object;Ljava/lang/Object;Ljava/lang/Object;Ljava/la
Event: 3.120 Thread 0x0000017df0cbd800 Exception <a 'java/lang/NoSuchMethodError'{0x00000006e9d35730}: java.lang.invoke.Invokers$Holder.linkToTargetMethod(Ljava/lang/Object;Ljava/lang/Object;Ljava/lang/Object;Ljava/lang/Object;Ljava/lang/Object;Ljava/lang/Object;Ljava/lang/Object;Ljava/lang/Ob
Event: 3.131 Thread 0x0000017df0cbd800 Exception <a 'java/lang/NoSuchMethodError'{0x00000006e9c48c10}: java.lang.invoke.DirectMethodHandle$Holder.invokeSpecial(Ljava/lang/Object;Ljava/lang/Object;Ljava/lang/Object;Ljava/lang/Object;Ljava/lang/Object;Ljava/lang/Object;Ljava/lang/Object;Ljava/la
Event: 3.132 Thread 0x0000017df0cbd800 Exception <a 'java/lang/NoSuchMethodError'{0x00000006e9c5a208}: java.lang.invoke.Invokers$Holder.linkToTargetMethod(Ljava/lang/Object;Ljava/lang/Object;Ljava/lang/Object;Ljava/lang/Object;Ljava/lang/Object;Ljava/lang/Object;Ljava/lang/Object;Ljava/lang/Ob
Event: 3.140 Thread 0x0000017df0cbd800 Exception <a 'java/lang/NoSuchMethodError'{0x00000006e9cce810}: java.lang.invoke.DirectMethodHandle$Holder.invokeStaticInit(Ljava/lang/Object;Ljava/lang/Object;Ljava/lang/Object;Ljava/lang/Object;)Ljava/lang/Object;> (0x00000006e9cce810) thrown at [./open
Event: 3.455 Thread 0x0000017df0cbd800 Exception <a 'java/lang/NoSuchMethodError'{0x00000006ebdf84d8}: java.lang.invoke.DirectMethodHandle$Holder.invokeSpecial(Ljava/lang/Object;Ljava/lang/Object;Ljava/lang/Object;Ljava/lang/Object;Ljava/lang/Object;Ljava/lang/Object;Ljava/lang/Object;Ljava/la
Event: 3.455 Thread 0x0000017df0cbd800 Exception <a 'java/lang/NoSuchMethodError'{0x00000006ebdfcec8}: java.lang.invoke.Invokers$Holder.linkToTargetMethod(Ljava/lang/Object;Ljava/lang/Object;Ljava/lang/Object;Ljava/lang/Object;Ljava/lang/Object;Ljava/lang/Object;Ljava/lang/Object;Ljava/lang/Ob
Event: 3.461 Thread 0x0000017df0cbd800 Exception <a 'java/lang/NoSuchMethodError'{0x00000006ebc6bba8}: java.lang.invoke.DirectMethodHandle$Holder.invokeStaticInit(Ljava/lang/Object;Ljava/lang/Object;)V> (0x00000006ebc6bba8) thrown at [./open/src/hotspot/share/interpreter/linkResolver.cpp, line

Events (10 events):
Event: 3.680 loading class groovy/io/FileVisitResult
Event: 3.680 loading class groovy/io/FileVisitResult done
Event: 3.681 loading class java/nio/file/WatchService
Event: 3.681 loading class java/nio/file/WatchService done
Event: 3.681 loading class java/nio/file/WatchEvent$Kind
Event: 3.681 loading class java/nio/file/WatchEvent$Kind done
Event: 3.681 loading class java/nio/file/WatchKey
Event: 3.681 loading class java/nio/file/WatchKey done
Event: 3.681 loading class java/nio/file/WatchEvent$Modifier
Event: 3.681 loading class java/nio/file/WatchEvent$Modifier done


Dynamic libraries:
0x00007ff7c3530000 - 0x00007ff7c353f000 	C:\Program Files\Java\jdk-11.0.17\bin\java.exe
0x00007ffbca9b0000 - 0x00007ffbcaba8000 	C:\WINDOWS\SYSTEM32\ntdll.dll
0x00007ffbc8c20000 - 0x00007ffbc8cdf000 	C:\WINDOWS\System32\KERNEL32.DLL
0x00007ffbc8310000 - 0x00007ffbc85e2000 	C:\WINDOWS\System32\KERNELBASE.dll
0x00007ffbc80d0000 - 0x00007ffbc81d0000 	C:\WINDOWS\System32\ucrtbase.dll
0x00007ffbae5b0000 - 0x00007ffbae5c8000 	C:\Program Files\Java\jdk-11.0.17\bin\jli.dll
0x00007ffbae590000 - 0x00007ffbae5a5000 	C:\Program Files\Java\jdk-11.0.17\bin\VCRUNTIME140.dll
0x00007ffbc9f80000 - 0x00007ffbca02e000 	C:\WINDOWS\System32\ADVAPI32.dll
0x00007ffbc9740000 - 0x00007ffbc97de000 	C:\WINDOWS\System32\msvcrt.dll
0x00007ffbc89f0000 - 0x00007ffbc8a8c000 	C:\WINDOWS\System32\sechost.dll
0x00007ffbc8af0000 - 0x00007ffbc8c15000 	C:\WINDOWS\System32\RPCRT4.dll
0x00007ffbc94b0000 - 0x00007ffbc9651000 	C:\WINDOWS\System32\USER32.dll
0x00007ffbc80a0000 - 0x00007ffbc80c2000 	C:\WINDOWS\System32\win32u.dll
0x00007ffbba870000 - 0x00007ffbbab0a000 	C:\WINDOWS\WinSxS\amd64_microsoft.windows.common-controls_6595b64144ccf1df_6.0.19041.1110_none_60b5254171f9507e\COMCTL32.dll
0x00007ffbc9000000 - 0x00007ffbc902b000 	C:\WINDOWS\System32\GDI32.dll
0x00007ffbc81d0000 - 0x00007ffbc82df000 	C:\WINDOWS\System32\gdi32full.dll
0x00007ffbc87c0000 - 0x00007ffbc885d000 	C:\WINDOWS\System32\msvcp_win.dll
0x00007ffbbfa40000 - 0x00007ffbbfa4a000 	C:\WINDOWS\SYSTEM32\VERSION.dll
0x00007ffbca180000 - 0x00007ffbca1b2000 	C:\WINDOWS\System32\IMM32.DLL
0x00007ffba8780000 - 0x00007ffba881b000 	C:\Program Files\Java\jdk-11.0.17\bin\msvcp140.dll
0x00007ffb69220000 - 0x00007ffb69d3a000 	C:\Program Files\Java\jdk-11.0.17\bin\server\jvm.dll
0x00007ffbc8d90000 - 0x00007ffbc8d98000 	C:\WINDOWS\System32\PSAPI.DLL
0x00007ffbbf620000 - 0x00007ffbbf647000 	C:\WINDOWS\SYSTEM32\WINMM.dll
0x00007ffbb3090000 - 0x00007ffbb3099000 	C:\WINDOWS\SYSTEM32\WSOCK32.dll
0x00007ffbc99b0000 - 0x00007ffbc9a1b000 	C:\WINDOWS\System32\WS2_32.dll
0x00007ffbc5f80000 - 0x00007ffbc5f92000 	C:\WINDOWS\SYSTEM32\kernel.appcore.dll
0x00007ffbb0270000 - 0x00007ffbb0280000 	C:\Program Files\Java\jdk-11.0.17\bin\verify.dll
0x00007ffbb5df0000 - 0x00007ffbb5fd4000 	C:\WINDOWS\SYSTEM32\DBGHELP.DLL
0x00007ffbb6a60000 - 0x00007ffbb6a95000 	C:\WINDOWS\SYSTEM32\dbgcore.DLL
0x00007ffbc8960000 - 0x00007ffbc89e2000 	C:\WINDOWS\System32\bcryptPrimitives.dll
0x00007ffbad420000 - 0x00007ffbad448000 	C:\Program Files\Java\jdk-11.0.17\bin\java.dll
0x00007ffbb0000000 - 0x00007ffbb000a000 	C:\Program Files\Java\jdk-11.0.17\bin\jimage.dll
0x00007ffba8f40000 - 0x00007ffba8f56000 	C:\Program Files\Java\jdk-11.0.17\bin\zip.dll
0x00007ffbca1c0000 - 0x00007ffbca904000 	C:\WINDOWS\System32\SHELL32.dll
0x00007ffbc6180000 - 0x00007ffbc6912000 	C:\WINDOWS\SYSTEM32\windows.storage.dll
0x00007ffbc9030000 - 0x00007ffbc9385000 	C:\WINDOWS\System32\combase.dll
0x00007ffbc7a20000 - 0x00007ffbc7a50000 	C:\WINDOWS\SYSTEM32\Wldp.dll
0x00007ffbc8f50000 - 0x00007ffbc8ffd000 	C:\WINDOWS\System32\SHCORE.dll
0x00007ffbc9f20000 - 0x00007ffbc9f75000 	C:\WINDOWS\System32\shlwapi.dll
0x00007ffbc7fe0000 - 0x00007ffbc7fff000 	C:\WINDOWS\SYSTEM32\profapi.dll
0x00007ffba8f20000 - 0x00007ffba8f39000 	C:\Program Files\Java\jdk-11.0.17\bin\net.dll
0x00007ffbbfc70000 - 0x00007ffbbfd7c000 	C:\WINDOWS\SYSTEM32\WINHTTP.dll
0x00007ffbc7780000 - 0x00007ffbc77ea000 	C:\WINDOWS\system32\mswsock.dll
0x00007ffba8eb0000 - 0x00007ffba8ec2000 	C:\Program Files\Java\jdk-11.0.17\bin\nio.dll
0x00007ffba8e80000 - 0x00007ffba8eaa000 	C:\Users\sbpci\.gradle\native\36\windows-amd64\native-platform.dll
0x00007ffbafa00000 - 0x00007ffbafa09000 	C:\Program Files\Java\jdk-11.0.17\bin\management.dll
0x00007ffbae830000 - 0x00007ffbae83b000 	C:\Program Files\Java\jdk-11.0.17\bin\management_ext.dll
0x00007ffbc7980000 - 0x00007ffbc7998000 	C:\WINDOWS\SYSTEM32\CRYPTSP.dll
0x00007ffbc70a0000 - 0x00007ffbc70d4000 	C:\WINDOWS\system32\rsaenh.dll
0x00007ffbc82e0000 - 0x00007ffbc8307000 	C:\WINDOWS\System32\bcrypt.dll
0x00007ffbc7f60000 - 0x00007ffbc7f8e000 	C:\WINDOWS\SYSTEM32\USERENV.dll
0x00007ffbc7970000 - 0x00007ffbc797c000 	C:\WINDOWS\SYSTEM32\CRYPTBASE.dll
0x00007ffbc7470000 - 0x00007ffbc74ab000 	C:\WINDOWS\SYSTEM32\IPHLPAPI.DLL
0x00007ffbc99a0000 - 0x00007ffbc99a8000 	C:\WINDOWS\System32\NSI.dll
0x00007ffbc0160000 - 0x00007ffbc0177000 	C:\WINDOWS\SYSTEM32\dhcpcsvc6.DLL
0x00007ffbc0a50000 - 0x00007ffbc0a6d000 	C:\WINDOWS\SYSTEM32\dhcpcsvc.DLL
0x00007ffbc74b0000 - 0x00007ffbc757a000 	C:\WINDOWS\SYSTEM32\DNSAPI.dll

dbghelp: loaded successfully - version: 4.0.5 - missing functions: none
symbol engine: initialized successfully - sym options: 0x614 - pdb path: .;C:\Program Files\Java\jdk-11.0.17\bin;C:\WINDOWS\SYSTEM32;C:\WINDOWS\WinSxS\amd64_microsoft.windows.common-controls_6595b64144ccf1df_6.0.19041.1110_none_60b5254171f9507e;C:\Program Files\Java\jdk-11.0.17\bin\server;C:\Users\sbpci\.gradle\native\36\windows-amd64

VM Arguments:
jvm_args: -XX:MaxPermSize=512m -XX:+HeapDumpOnOutOfMemoryError --add-opens=java.base/java.util=ALL-UNNAMED --add-opens=java.base/java.lang=ALL-UNNAMED --add-opens=java.base/java.lang.invoke=ALL-UNNAMED --add-opens=java.prefs/java.util.prefs=ALL-UNNAMED -Xmx4608m -Dfile.encoding=UTF-8 -Duser.country=PH -Duser.language=en -Duser.variant 
java_command: org.gradle.launcher.daemon.bootstrap.GradleDaemon 6.2
java_class_path (initial): C:\Users\sbpci\.gradle\wrapper\dists\gradle-6.2-all\dvufqs6kielxeao781pmk5huj\gradle-6.2\lib\gradle-launcher-6.2.jar
Launcher Type: SUN_STANDARD

[Global flags]
     intx CICompilerCount                          = 4                                         {product} {ergonomic}
     uint ConcGCThreads                            = 2                                         {product} {ergonomic}
     uint G1ConcRefinementThreads                  = 8                                         {product} {ergonomic}
   size_t G1HeapRegionSize                         = 1048576                                   {product} {ergonomic}
    uintx GCDrainStackTargetSize                   = 64                                        {product} {ergonomic}
     bool HeapDumpOnOutOfMemoryError               = true                                   {manageable} {command line}
   size_t InitialHeapSize                          = 201326592                                 {product} {ergonomic}
   size_t MarkStackSize                            = 4194304                                   {product} {ergonomic}
   size_t MaxHeapSize                              = 4831838208                                {product} {command line}
   size_t MaxNewSize                               = 2898264064                                {product} {ergonomic}
   size_t MinHeapDeltaBytes                        = 1048576                                   {product} {ergonomic}
    uintx NonNMethodCodeHeapSize                   = 5836300                                {pd product} {ergonomic}
    uintx NonProfiledCodeHeapSize                  = 122910970                              {pd product} {ergonomic}
    uintx ProfiledCodeHeapSize                     = 122910970                              {pd product} {ergonomic}
    uintx ReservedCodeCacheSize                    = 251658240                              {pd product} {ergonomic}
     bool SegmentedCodeCache                       = true                                      {product} {ergonomic}
     bool UseCompressedClassPointers               = true                                 {lp64_product} {ergonomic}
     bool UseCompressedOops                        = true                                 {lp64_product} {ergonomic}
     bool UseG1GC                                  = true                                      {product} {ergonomic}
     bool UseLargePagesIndividualAllocation        = false                                  {pd product} {ergonomic}

Logging:
Log output configuration:
 #0: stdout all=warning uptime,level,tags
 #1: stderr all=off uptime,level,tags

Environment Variables:
JAVA_HOME=C:\Program Files\Java\jdk-11.0.17
CLASSPATH=C:\Users\sbpci\MTop\android\\gradle\wrapper\gradle-wrapper.jar
PATH=C:\Users\sbpci\MTop\android\node_modules\.bin;C:\Users\sbpci\MTop\node_modules\.bin;C:\Users\sbpci\node_modules\.bin;C:\Users\node_modules\.bin;C:\node_modules\.bin;C:\Program Files\nodejs;C:\Users\sbpci\MTop\node_modules\.bin;C:\Users\sbpci\node_modules\.bin;C:\Users\node_modules\.bin;C:\node_modules\.bin;C:\Users\sbpci\AppData\Roaming\nvm\v16.13.0\node_modules\npm\node_modules\@npmcli\run-script\lib\node-gyp-bin;C:\Program Files\Common Files\Oracle\Java\javapath;C:\WINDOWS\system32;C:\WINDOWS;C:\WINDOWS\System32\Wbem;C:\WINDOWS\System32\WindowsPowerShell\v1.0\;C:\WINDOWS\System32\OpenSSH\;C:\ProgramData\chocolatey\bin;C:\Program Files\Java\jdk-11.0.17\bin;C:\Program Files\Git\cmd;C:\Users\sbpci\AppData\Roaming\nvm;C:\Program Files\nodejs;;C:\Program Files\Git LFS;C:\Users\sbpci\AppData\Local\Microsoft\WindowsApps;C:\Users\sbpci\AppData\Roaming\npm;C:\Users\sbpci\AppData\Local\Android\Sdk\platform-tools;C:\Users\sbpci\AppData\Local\Programs\Microsoft VS Code\bin;C:\Users\sbpci\AppData\Roaming\nvm;C:\Program Files\nodejs;C:\Users\sbpci\MTop\node_modules\.bin
USERNAME=sbpci
OS=Windows_NT
PROCESSOR_IDENTIFIER=Intel64 Family 6 Model 58 Stepping 9, GenuineIntel



---------------  S Y S T E M  ---------------

OS: Windows 10 , 64 bit Build 19041 (10.0.19041.2364)

CPU:total 8 (initial active 8) (4 cores per cpu, 2 threads per core) family 6 model 58 stepping 9 microcode 0x21, cmov, cx8, fxsr, mmx, sse, sse2, sse3, ssse3, sse4.1, sse4.2, popcnt, avx, aes, clmul, erms, ht, tsc, tscinvbit, tscinv

Memory: 4k page, system-wide physical 12162M (3118M free)
TotalPageFile size 49026M (AvailPageFile size 2M)
current process WorkingSet (physical memory assigned to process): 245M, peak: 245M
current process commit charge ("private bytes"): 374M, peak: 374M

vm_info: Java HotSpot(TM) 64-Bit Server VM (11.0.17+10-LTS-269) for windows-amd64 JRE (11.0.17+10-LTS-269), built on Sep 13 2022 19:26:37 by "mach5one" with MS VC++ 15.9 (VS2017)

END.
